2025-06-02 20:52:53,251 NanoPlot 1.44.1 started with arguments Namespace(threads=64, verbose=False, store=False, raw=False, huge=False, outdir='46_1_nanoplot1', no_static=False, prefix='', tsv_stats=False, only_report=False, info_in_report=False, maxlength=30000, minlength=None, drop_outliers=False, downsample=None, loglength=False, percentqual=False, alength=False, minqual=None, runtime_until=None, readtype='1D', barcoded=False, no_supplementary=False, color='#4CB391', colormap='Greens', format=['png'], plots=['dot'], legacy=None, listcolors=False, listcolormaps=False, no_N50=False, N50=False, title=None, font_scale=1, dpi=100, hide_stats=False, fastq=['46_1.fastq'], fasta=None, fastq_rich=None, fastq_minimal=None, summary=None, bam=None, ubam=None, cram=None, pickle=None, feather=None, path='46_1_nanoplot1/')
2025-06-02 20:52:53,251 Python version is: 3.12.10 | packaged by conda-forge | (main, Apr 10 2025, 22:21:13) [GCC 13.3.0]
2025-06-02 20:52:53,280 Nanoget: Starting to collect statistics from plain fastq file.
2025-06-02 20:52:56,729 Reduced DataFrame memory usage from 2.4321937561035156Mb to 2.4321937561035156Mb
2025-06-02 20:52:56,740 Nanoget: Gathered all metrics of 159388 reads
2025-06-02 20:52:56,800 Calculated statistics
2025-06-02 20:52:56,800 Using sequenced read lengths for plotting.
2025-06-02 20:52:56,803 Hidding 148 reads longer than 30000bp in length plots.
2025-06-02 20:52:56,807 Removed 18 artefactual reads with very short length and very high quality.
2025-06-02 20:52:56,865 Calculated statistics
2025-06-02 20:52:56,868 NanoPlot:  Valid color #4CB391.
2025-06-02 20:52:56,868 NanoPlot:  Valid colormap Greens.
2025-06-02 20:52:56,873 NanoPlot:  Creating length plots for Read length.
2025-06-02 20:52:56,873 NanoPlot:  Using 159222 reads maximum of 29766bp.
2025-06-02 20:52:58,680 Saved 46_1_nanoplot1/WeightedHistogramReadlength  as png (or png for --legacy)
2025-06-02 20:52:59,264 Saved 46_1_nanoplot1/WeightedLogTransformed_HistogramReadlength  as png (or png for --legacy)
2025-06-02 20:52:59,841 Saved 46_1_nanoplot1/Non_weightedHistogramReadlength  as png (or png for --legacy)
2025-06-02 20:53:00,467 Saved 46_1_nanoplot1/Non_weightedLogTransformed_HistogramReadlength  as png (or png for --legacy)
2025-06-02 20:53:00,469 NanoPlot: Creating yield by minimal length plot for Read length.
2025-06-02 20:53:02,957 Saved 46_1_nanoplot1/Yield_By_Length  as png (or png for --legacy)
2025-06-02 20:53:02,959 Created length plots
2025-06-02 20:53:02,971 NanoPlot: Creating Read lengths vs Average read quality plots using 159222 reads.
2025-06-02 20:53:03,682 Saved 46_1_nanoplot1/LengthvsQualityScatterPlot_dot  as png (or png for --legacy)
2025-06-02 20:53:03,683 Created LengthvsQual plot
2025-06-02 20:53:03,683 Writing html report.
2025-06-02 20:53:03,711 Finished!
