[33mNextflow 25.10.0 is available - Please consider updating your version to it(B[m

 N E X T F L O W   ~  version 25.04.6

Launching `/scratch/am503/SOMAteM/subworkflows/local/assembly_mags_sub.nf` [peaceful_raman] DSL2 - revision: 372c69aac5

[-        ] ASSEMBLY_MAGS:SINGLEM_PIPE   -
[-        ] ASSEMBLY_MAGS:TAXBURST       -
[-        ] ASSEMBLY_MAGS:FLYE           -
[-        ] ASSEMBLY_MAGS:MINIMAP2_INDEX -
[-        ] ASSEMBLY_MAGS:MINIMAP2_ALIGN -
[-        ] ASSEMBLY_MAGS:SAMTOOLS_SORT  -

[-        ] ASSEMBLY_MAGS:SINGLEM_PIPE     -
[-        ] ASSEMBLY_MAGS:TAXBURST         -
[-        ] ASSEMBLY_MAGS:FLYE             -
[-        ] ASSEMBLY_MAGS:MINIMAP2_INDEX   -
[-        ] ASSEMBLY_MAGS:MINIMAP2_ALIGN   -
[-        ] ASSEMBLY_MAGS:SAMTOOLS_SORT    -
[-        ] ASS…BLY_MAGS:SAMTOOLS_COVERAGE -
[-        ] ASS…MAGS:SEMIBIN_SINGLEEASYBIN -
[-        ] ASSEMBLY_MAGS:CHECKM2_PREDICT  -
[-        ] ASSEMBLY_MAGS:CHECKM2_PARSE    -
[-        ] ASS…BLY_MAGS:SINGLEM_PIPE_BINS -
[-        ] ASSEMBLY_MAGS:PIGEON           -
[-        ] ASSEMBLY_MAGS:SINGLEM_APPRAISE -
[-        ] ASSEMBLY_MAGS:BAKTA_BAKTA      -
=== PREPARING PIGEON INPUTS ===
Processing input file: /scratch/am503/SOMAteM/examples/data/input4mags/abx_depl.fastq.gz -> sample ID: abx_depl
Processing input file: /scratch/am503/SOMAteM/examples/data/input4mags/s4_final.fastq.gz -> sample ID: s4_final
Processing input file: /scratch/am503/SOMAteM/examples/data/input4mags/veh_depl.fastq.gz -> sample ID: veh_depl
Input reads: abx_depl -> /scratch/am503/SOMAteM/examples/data/input4mags/abx_depl.fastq.gz
Input reads: s4_final -> /scratch/am503/SOMAteM/examples/data/input4mags/s4_final.fastq.gz
Input reads: veh_depl -> /scratch/am503/SOMAteM/examples/data/input4mags/veh_depl.fastq.gz
Found 3 input files to process

[37/a6cda4] ASS…GS:SINGLEM_PIPE (veh_depl) | 3 of 3, cached: 3
[-        ] ASSEMBLY_MAGS:TAXBURST         -
[cf/8ce78c] ASSEMBLY_MAGS:FLYE (veh_depl)  | 3 of 3, cached: 3
[-        ] ASSEMBLY_MAGS:MINIMAP2_INDEX   -
[-        ] ASSEMBLY_MAGS:MINIMAP2_ALIGN   -
[-        ] ASSEMBLY_MAGS:SAMTOOLS_SORT    -
[-        ] ASS…BLY_MAGS:SAMTOOLS_COVERAGE -
[-        ] ASS…MAGS:SEMIBIN_SINGLEEASYBIN -
[-        ] ASSEMBLY_MAGS:CHECKM2_PREDICT  -
[-        ] ASSEMBLY_MAGS:CHECKM2_PARSE    -
[-        ] ASS…BLY_MAGS:SINGLEM_PIPE_BINS -
[-        ] ASSEMBLY_MAGS:PIGEON           -
[-        ] ASSEMBLY_MAGS:SINGLEM_APPRAISE -
[-        ] ASSEMBLY_MAGS:BAKTA_BAKTA      -
=== PREPARING PIGEON INPUTS ===
Processing input file: /scratch/am503/SOMAteM/examples/data/input4mags/abx_depl.fastq.gz -> sample ID: abx_depl
Processing input file: /scratch/am503/SOMAteM/examples/data/input4mags/s4_final.fastq.gz -> sample ID: s4_final
Processing input file: /scratch/am503/SOMAteM/examples/data/input4mags/veh_depl.fastq.gz -> sample ID: veh_depl
Input reads: abx_depl -> /scratch/am503/SOMAteM/examples/data/input4mags/abx_depl.fastq.gz
Input reads: s4_final -> /scratch/am503/SOMAteM/examples/data/input4mags/s4_final.fastq.gz
Input reads: veh_depl -> /scratch/am503/SOMAteM/examples/data/input4mags/veh_depl.fastq.gz
Found 3 input files to process
✓ Assembly completed for s4_final
✓ Assembly completed for veh_depl
WARN: Access to undefined parameter `output_dir` -- Initialise it to a default value eg. `params.output_dir = some_value`

executor >  local (1)
[37/a6cda4] ASS…GS:SINGLEM_PIPE (veh_depl) | 3 of 3, cached: 3 ✔
[2e/0e32b9] ASS…Y_MAGS:TAXBURST (veh_depl) | 3 of 3, cached: 3 ✔
[cf/8ce78c] ASSEMBLY_MAGS:FLYE (veh_depl)  | 3 of 3, cached: 3 ✔
[c1/e4593c] ASS…:MINIMAP2_INDEX (abx_depl) | 3 of 3, cached: 3 ✔
[61/8da2b4] ASS…:MINIMAP2_ALIGN (s4_final) | 3 of 3, cached: 3 ✔
[5e/92d9c6] ASS…S:SAMTOOLS_SORT (veh_depl) | 1 of 3, cached: 1
[-        ] ASS…BLY_MAGS:SAMTOOLS_COVERAGE | 0 of 1
[2e/dd6c2c] ASS…N_SINGLEEASYBIN (abx_depl) | 1 of 1, cached: 1
[-        ] ASSEMBLY_MAGS:CHECKM2_PREDICT  -
[-        ] ASSEMBLY_MAGS:CHECKM2_PARSE    -
[-        ] ASS…BLY_MAGS:SINGLEM_PIPE_BINS -
[-        ] ASSEMBLY_MAGS:PIGEON           -
[-        ] ASSEMBLY_MAGS:SINGLEM_APPRAISE -
[-        ] ASSEMBLY_MAGS:BAKTA_BAKTA      -
=== PREPARING PIGEON INPUTS ===
Processing input file: /scratch/am503/SOMAteM/examples/data/input4mags/abx_depl.fastq.gz -> sample ID: abx_depl
Processing input file: /scratch/am503/SOMAteM/examples/data/input4mags/s4_final.fastq.gz -> sample ID: s4_final
Processing input file: /scratch/am503/SOMAteM/examples/data/input4mags/veh_depl.fastq.gz -> sample ID: veh_depl
Input reads: abx_depl -> /scratch/am503/SOMAteM/examples/data/input4mags/abx_depl.fastq.gz
Input reads: s4_final -> /scratch/am503/SOMAteM/examples/data/input4mags/s4_final.fastq.gz
Input reads: veh_depl -> /scratch/am503/SOMAteM/examples/data/input4mags/veh_depl.fastq.gz
Found 3 input files to process
✓ Assembly completed for s4_final
✓ Assembly completed for veh_depl
✓ Assembly completed for abx_depl
✓ Taxonomic profiling completed for s4_final
✓ Taxonomic profiling completed for veh_depl
✓ Taxonomic profiling completed for abx_depl
✓ Interactive taxonomy visualization created for abx_depl
✓ Interactive taxonomy visualization created for s4_final
✓ Interactive taxonomy visualization created for veh_depl
✓ Binning completed for abx_depl: 73 bins
WARN: Access to undefined parameter `output_dir` -- Initialise it to a default value eg. `params.output_dir = some_value`
WARN: Process `ASSEMBLY_MAGS:FLYE` publishDir path contains a variable with a null value
WARN: Process `ASSEMBLY_MAGS:FLYE` publishDir path contains a variable with a null value
WARN: Process `ASSEMBLY_MAGS:FLYE` publishDir path contains a variable with a null value
WARN: Process `ASSEMBLY_MAGS:FLYE` publishDir path contains a variable with a null value
WARN: Process `ASSEMBLY_MAGS:FLYE` publishDir path contains a variable with a null value
WARN: Process `ASSEMBLY_MAGS:FLYE` publishDir path contains a variable with a null value
WARN: Process `ASSEMBLY_MAGS:FLYE` publishDir path contains a variable with a null value
WARN: Process `ASSEMBLY_MAGS:FLYE` publishDir path contains a variable with a null value
WARN: Process `ASSEMBLY_MAGS:FLYE` publishDir path contains a variable with a null value
WARN: Process `ASSEMBLY_MAGS:SINGLEM_PIPE` publishDir path contains a variable with a null value
WARN: Process `ASSEMBLY_MAGS:SINGLEM_PIPE` publishDir path contains a variable with a null value
WARN: Process `ASSEMBLY_MAGS:SINGLEM_PIPE` publishDir path contains a variable with a null value
WARN: Process `ASSEMBLY_MAGS:TAXBURST` publishDir path contains a variable with a null value
WARN: Process `ASSEMBLY_MAGS:TAXBURST` publishDir path contains a variable with a null value
WARN: Process `ASSEMBLY_MAGS:SAMTOOLS_SORT` publishDir path contains a variable with a null value
WARN: Process `ASSEMBLY_MAGS:TAXBURST` publishDir path contains a variable with a null value

executor >  local (4)
[37/a6cda4] ASS…GS:SINGLEM_PIPE (veh_depl) | 3 of 3, cached: 3 ✔
[2e/0e32b9] ASS…Y_MAGS:TAXBURST (veh_depl) | 3 of 3, cached: 3 ✔
[cf/8ce78c] ASSEMBLY_MAGS:FLYE (veh_depl)  | 3 of 3, cached: 3 ✔
[c1/e4593c] ASS…:MINIMAP2_INDEX (abx_depl) | 3 of 3, cached: 3 ✔
[61/8da2b4] ASS…:MINIMAP2_ALIGN (s4_final) | 3 of 3, cached: 3 ✔
[d0/f113bd] ASS…S:SAMTOOLS_SORT (s4_final) | 1 of 3, cached: 1
[5f/9ba799] ASS…MTOOLS_COVERAGE (abx_depl) | 0 of 1
[2e/dd6c2c] ASS…N_SINGLEEASYBIN (abx_depl) | 1 of 1, cached: 1
[7a/a024f2] ASS…CHECKM2_PREDICT (abx_depl) | 1 of 1, cached: 1
[fa/a4636e] ASS…S:CHECKM2_PARSE (abx_depl) | 1 of 1, cached: 1
[30/b6d8d9] ASS…_PIPE_BINS (abx_depl_bins) | 1 of 1, cached: 1
[-        ] ASSEMBLY_MAGS:PIGEON           -
[-        ] ASSEMBLY_MAGS:SINGLEM_APPRAISE -
[26/9f90d8] ASS…:BAKTA_BAKTA (SemiBin_197) | 2 of 3, cached: 2
=== PREPARING PIGEON INPUTS ===
Processing input file: /scratch/am503/SOMAteM/examples/data/input4mags/abx_depl.fastq.gz -> sample ID: abx_depl
Processing input file: /scratch/am503/SOMAteM/examples/data/input4mags/s4_final.fastq.gz -> sample ID: s4_final
Processing input file: /scratch/am503/SOMAteM/examples/data/input4mags/veh_depl.fastq.gz -> sample ID: veh_depl
Input reads: abx_depl -> /scratch/am503/SOMAteM/examples/data/input4mags/abx_depl.fastq.gz
Input reads: s4_final -> /scratch/am503/SOMAteM/examples/data/input4mags/s4_final.fastq.gz
Input reads: veh_depl -> /scratch/am503/SOMAteM/examples/data/input4mags/veh_depl.fastq.gz
Found 3 input files to process
✓ Assembly completed for s4_final
✓ Assembly completed for veh_depl
✓ Assembly completed for abx_depl
✓ Taxonomic profiling completed for s4_final
✓ Taxonomic profiling completed for veh_depl
✓ Taxonomic profiling completed for abx_depl
✓ Interactive taxonomy visualization created for abx_depl
✓ Interactive taxonomy visualization created for s4_final
✓ Interactive taxonomy visualization created for veh_depl
✓ Binning completed for abx_depl: 73 bins
✓ Quality assessment completed for abx_depl
✓ Bakta annotation completed for SemiBin_537 (81.25% complete)
✓ Bakta annotation completed for SemiBin_197 (84.37% complete)
WARN: Access to undefined parameter `output_dir` -- Initialise it to a default value eg. `params.output_dir = some_value`
WARN: Process `ASSEMBLY_MAGS:FLYE` publishDir path contains a variable with a null value
WARN: Process `ASSEMBLY_MAGS:FLYE` publishDir path contains a variable with a null value
WARN: Process `ASSEMBLY_MAGS:FLYE` publishDir path contains a variable with a null value
WARN: Process `ASSEMBLY_MAGS:FLYE` publishDir path contains a variable with a null value
WARN: Process `ASSEMBLY_MAGS:FLYE` publishDir path contains a variable with a null value
WARN: Process `ASSEMBLY_MAGS:FLYE` publishDir path contains a variable with a null value
WARN: Process `ASSEMBLY_MAGS:FLYE` publishDir path contains a variable with a null value
WARN: Process `ASSEMBLY_MAGS:FLYE` publishDir path contains a variable with a null value
WARN: Process `ASSEMBLY_MAGS:FLYE` publishDir path contains a variable with a null value
WARN: Process `ASSEMBLY_MAGS:SINGLEM_PIPE` publishDir path contains a variable with a null value
WARN: Process `ASSEMBLY_MAGS:SINGLEM_PIPE` publishDir path contains a variable with a null value
WARN: Process `ASSEMBLY_MAGS:SINGLEM_PIPE` publishDir path contains a variable with a null value
WARN: Process `ASSEMBLY_MAGS:TAXBURST` publishDir path contains a variable with a null value
WARN: Process `ASSEMBLY_MAGS:TAXBURST` publishDir path contains a variable with a null value
WARN: Process `ASSEMBLY_MAGS:SAMTOOLS_SORT` publishDir path contains a variable with a null value
WARN: Process `ASSEMBLY_MAGS:TAXBURST` publishDir path contains a variable with a null value
WARN: Process `ASSEMBLY_MAGS:SEMIBIN_SINGLEEASYBIN` publishDir path contains a variable with a null value
WARN: Process `ASSEMBLY_MAGS:SEMIBIN_SINGLEEASYBIN` publishDir path contains a variable with a null value
WARN: Process `ASSEMBLY_MAGS:SEMIBIN_SINGLEEASYBIN` publishDir path contains a variable with a null value
WARN: Process `ASSEMBLY_MAGS:CHECKM2_PREDICT` publishDir path contains a variable with a null value
WARN: Process `ASSEMBLY_MAGS:CHECKM2_PARSE` publishDir path contains a variable with a null value
WARN: Process `ASSEMBLY_MAGS:BAKTA_BAKTA` publishDir path contains a variable with a null value
WARN: Process `ASSEMBLY_MAGS:BAKTA_BAKTA` publishDir path contains a variable with a null value
WARN: Process `ASSEMBLY_MAGS:SINGLEM_PIPE_BINS` publishDir path contains a variable with a null value

executor >  local (4)
[37/a6cda4] ASS…GS:SINGLEM_PIPE (veh_depl) | 3 of 3, cached: 3 ✔
[2e/0e32b9] ASS…Y_MAGS:TAXBURST (veh_depl) | 3 of 3, cached: 3 ✔
[cf/8ce78c] ASSEMBLY_MAGS:FLYE (veh_depl)  | 3 of 3, cached: 3 ✔
[c1/e4593c] ASS…:MINIMAP2_INDEX (abx_depl) | 3 of 3, cached: 3 ✔
[61/8da2b4] ASS…:MINIMAP2_ALIGN (s4_final) | 3 of 3, cached: 3 ✔
[d0/f113bd] ASS…S:SAMTOOLS_SORT (s4_final) | 1 of 3, cached: 1
[5f/9ba799] ASS…MTOOLS_COVERAGE (abx_depl) | 0 of 1
[2e/dd6c2c] ASS…N_SINGLEEASYBIN (abx_depl) | 1 of 1, cached: 1
[7a/a024f2] ASS…CHECKM2_PREDICT (abx_depl) | 1 of 1, cached: 1
[fa/a4636e] ASS…S:CHECKM2_PARSE (abx_depl) | 1 of 1, cached: 1
[30/b6d8d9] ASS…_PIPE_BINS (abx_depl_bins) | 1 of 1, cached: 1
[-        ] ASSEMBLY_MAGS:PIGEON           -
[90/edd24b] ASS…RAISE (abx_depl_appraisal) | 1 of 1, cached: 1
[26/9f90d8] ASS…:BAKTA_BAKTA (SemiBin_197) | 2 of 3, cached: 2
=== PREPARING PIGEON INPUTS ===
Processing input file: /scratch/am503/SOMAteM/examples/data/input4mags/abx_depl.fastq.gz -> sample ID: abx_depl
Processing input file: /scratch/am503/SOMAteM/examples/data/input4mags/s4_final.fastq.gz -> sample ID: s4_final
Processing input file: /scratch/am503/SOMAteM/examples/data/input4mags/veh_depl.fastq.gz -> sample ID: veh_depl
Input reads: abx_depl -> /scratch/am503/SOMAteM/examples/data/input4mags/abx_depl.fastq.gz
Input reads: s4_final -> /scratch/am503/SOMAteM/examples/data/input4mags/s4_final.fastq.gz
Input reads: veh_depl -> /scratch/am503/SOMAteM/examples/data/input4mags/veh_depl.fastq.gz
Found 3 input files to process
✓ Assembly completed for s4_final
✓ Assembly completed for veh_depl
✓ Assembly completed for abx_depl
✓ Taxonomic profiling completed for s4_final
✓ Taxonomic profiling completed for veh_depl
✓ Taxonomic profiling completed for abx_depl
✓ Interactive taxonomy visualization created for abx_depl
✓ Interactive taxonomy visualization created for s4_final
✓ Interactive taxonomy visualization created for veh_depl
✓ Binning completed for abx_depl: 73 bins
✓ Quality assessment completed for abx_depl
✓ Bakta annotation completed for SemiBin_537 (81.25% complete)
✓ Bakta annotation completed for SemiBin_197 (84.37% complete)
✓ SingleM appraise analysis completed for abx_depl_appraisal
WARN: Access to undefined parameter `output_dir` -- Initialise it to a default value eg. `params.output_dir = some_value`
WARN: Process `ASSEMBLY_MAGS:FLYE` publishDir path contains a variable with a null value
WARN: Process `ASSEMBLY_MAGS:FLYE` publishDir path contains a variable with a null value
WARN: Process `ASSEMBLY_MAGS:FLYE` publishDir path contains a variable with a null value
WARN: Process `ASSEMBLY_MAGS:FLYE` publishDir path contains a variable with a null value
WARN: Process `ASSEMBLY_MAGS:FLYE` publishDir path contains a variable with a null value
WARN: Process `ASSEMBLY_MAGS:FLYE` publishDir path contains a variable with a null value
WARN: Process `ASSEMBLY_MAGS:FLYE` publishDir path contains a variable with a null value
WARN: Process `ASSEMBLY_MAGS:FLYE` publishDir path contains a variable with a null value
WARN: Process `ASSEMBLY_MAGS:FLYE` publishDir path contains a variable with a null value
WARN: Process `ASSEMBLY_MAGS:SINGLEM_PIPE` publishDir path contains a variable with a null value
WARN: Process `ASSEMBLY_MAGS:SINGLEM_PIPE` publishDir path contains a variable with a null value
WARN: Process `ASSEMBLY_MAGS:SINGLEM_PIPE` publishDir path contains a variable with a null value
WARN: Process `ASSEMBLY_MAGS:TAXBURST` publishDir path contains a variable with a null value
WARN: Process `ASSEMBLY_MAGS:TAXBURST` publishDir path contains a variable with a null value
WARN: Process `ASSEMBLY_MAGS:SAMTOOLS_SORT` publishDir path contains a variable with a null value
WARN: Process `ASSEMBLY_MAGS:TAXBURST` publishDir path contains a variable with a null value
WARN: Process `ASSEMBLY_MAGS:SEMIBIN_SINGLEEASYBIN` publishDir path contains a variable with a null value
WARN: Process `ASSEMBLY_MAGS:SEMIBIN_SINGLEEASYBIN` publishDir path contains a variable with a null value
WARN: Process `ASSEMBLY_MAGS:SEMIBIN_SINGLEEASYBIN` publishDir path contains a variable with a null value
WARN: Process `ASSEMBLY_MAGS:CHECKM2_PREDICT` publishDir path contains a variable with a null value
WARN: Process `ASSEMBLY_MAGS:CHECKM2_PARSE` publishDir path contains a variable with a null value
WARN: Process `ASSEMBLY_MAGS:BAKTA_BAKTA` publishDir path contains a variable with a null value
WARN: Process `ASSEMBLY_MAGS:BAKTA_BAKTA` publishDir path contains a variable with a null value
WARN: Process `ASSEMBLY_MAGS:SINGLEM_PIPE_BINS` publishDir path contains a variable with a null value
WARN: Process `ASSEMBLY_MAGS:SINGLEM_APPRAISE` publishDir path contains a variable with a null value
WARN: Process `ASSEMBLY_MAGS:SINGLEM_APPRAISE` publishDir path contains a variable with a null value

executor >  local (6)
[37/a6cda4] ASS…GS:SINGLEM_PIPE (veh_depl) | 3 of 3, cached: 3 ✔
[2e/0e32b9] ASS…Y_MAGS:TAXBURST (veh_depl) | 3 of 3, cached: 3 ✔
[cf/8ce78c] ASSEMBLY_MAGS:FLYE (veh_depl)  | 3 of 3, cached: 3 ✔
[c1/e4593c] ASS…:MINIMAP2_INDEX (abx_depl) | 3 of 3, cached: 3 ✔
[61/8da2b4] ASS…:MINIMAP2_ALIGN (s4_final) | 3 of 3, cached: 3 ✔
[d0/f113bd] ASS…S:SAMTOOLS_SORT (s4_final) | 2 of 3, cached: 1
[a1/ffc42e] ASS…MTOOLS_COVERAGE (s4_final) | 0 of 2
[bf/d01e86] ASS…N_SINGLEEASYBIN (s4_final) | 1 of 2, cached: 1
[7a/a024f2] ASS…CHECKM2_PREDICT (abx_depl) | 1 of 1, cached: 1
[fa/a4636e] ASS…S:CHECKM2_PARSE (abx_depl) | 1 of 1, cached: 1
[30/b6d8d9] ASS…_PIPE_BINS (abx_depl_bins) | 1 of 1, cached: 1
[-        ] ASSEMBLY_MAGS:PIGEON           -
[90/edd24b] ASS…RAISE (abx_depl_appraisal) | 1 of 1, cached: 1
[26/9f90d8] ASS…:BAKTA_BAKTA (SemiBin_197) | 2 of 3, cached: 2
=== PREPARING PIGEON INPUTS ===
Processing input file: /scratch/am503/SOMAteM/examples/data/input4mags/abx_depl.fastq.gz -> sample ID: abx_depl
Processing input file: /scratch/am503/SOMAteM/examples/data/input4mags/s4_final.fastq.gz -> sample ID: s4_final
Processing input file: /scratch/am503/SOMAteM/examples/data/input4mags/veh_depl.fastq.gz -> sample ID: veh_depl
Input reads: abx_depl -> /scratch/am503/SOMAteM/examples/data/input4mags/abx_depl.fastq.gz
Input reads: s4_final -> /scratch/am503/SOMAteM/examples/data/input4mags/s4_final.fastq.gz
Input reads: veh_depl -> /scratch/am503/SOMAteM/examples/data/input4mags/veh_depl.fastq.gz
Found 3 input files to process
✓ Assembly completed for s4_final
✓ Assembly completed for veh_depl
✓ Assembly completed for abx_depl
✓ Taxonomic profiling completed for s4_final
✓ Taxonomic profiling completed for veh_depl
✓ Taxonomic profiling completed for abx_depl
✓ Interactive taxonomy visualization created for abx_depl
✓ Interactive taxonomy visualization created for s4_final
✓ Interactive taxonomy visualization created for veh_depl
✓ Binning completed for abx_depl: 73 bins
✓ Quality assessment completed for abx_depl
✓ Bakta annotation completed for SemiBin_537 (81.25% complete)
✓ Bakta annotation completed for SemiBin_197 (84.37% complete)
✓ SingleM appraise analysis completed for abx_depl_appraisal
WARN: Access to undefined parameter `output_dir` -- Initialise it to a default value eg. `params.output_dir = some_value`
WARN: Process `ASSEMBLY_MAGS:FLYE` publishDir path contains a variable with a null value
WARN: Process `ASSEMBLY_MAGS:FLYE` publishDir path contains a variable with a null value
WARN: Process `ASSEMBLY_MAGS:FLYE` publishDir path contains a variable with a null value
WARN: Process `ASSEMBLY_MAGS:FLYE` publishDir path contains a variable with a null value
WARN: Process `ASSEMBLY_MAGS:FLYE` publishDir path contains a variable with a null value
WARN: Process `ASSEMBLY_MAGS:FLYE` publishDir path contains a variable with a null value
WARN: Process `ASSEMBLY_MAGS:FLYE` publishDir path contains a variable with a null value
WARN: Process `ASSEMBLY_MAGS:FLYE` publishDir path contains a variable with a null value
WARN: Process `ASSEMBLY_MAGS:FLYE` publishDir path contains a variable with a null value
WARN: Process `ASSEMBLY_MAGS:SINGLEM_PIPE` publishDir path contains a variable with a null value
WARN: Process `ASSEMBLY_MAGS:SINGLEM_PIPE` publishDir path contains a variable with a null value
WARN: Process `ASSEMBLY_MAGS:SINGLEM_PIPE` publishDir path contains a variable with a null value
WARN: Process `ASSEMBLY_MAGS:TAXBURST` publishDir path contains a variable with a null value
WARN: Process `ASSEMBLY_MAGS:TAXBURST` publishDir path contains a variable with a null value
WARN: Process `ASSEMBLY_MAGS:SAMTOOLS_SORT` publishDir path contains a variable with a null value
WARN: Process `ASSEMBLY_MAGS:TAXBURST` publishDir path contains a variable with a null value
WARN: Process `ASSEMBLY_MAGS:SEMIBIN_SINGLEEASYBIN` publishDir path contains a variable with a null value
WARN: Process `ASSEMBLY_MAGS:SEMIBIN_SINGLEEASYBIN` publishDir path contains a variable with a null value
WARN: Process `ASSEMBLY_MAGS:SEMIBIN_SINGLEEASYBIN` publishDir path contains a variable with a null value
WARN: Process `ASSEMBLY_MAGS:CHECKM2_PREDICT` publishDir path contains a variable with a null value
WARN: Process `ASSEMBLY_MAGS:CHECKM2_PARSE` publishDir path contains a variable with a null value
WARN: Process `ASSEMBLY_MAGS:BAKTA_BAKTA` publishDir path contains a variable with a null value
WARN: Process `ASSEMBLY_MAGS:BAKTA_BAKTA` publishDir path contains a variable with a null value
WARN: Process `ASSEMBLY_MAGS:SINGLEM_PIPE_BINS` publishDir path contains a variable with a null value
WARN: Process `ASSEMBLY_MAGS:SINGLEM_APPRAISE` publishDir path contains a variable with a null value
WARN: Process `ASSEMBLY_MAGS:SINGLEM_APPRAISE` publishDir path contains a variable with a null value
WARN: Process `ASSEMBLY_MAGS:SAMTOOLS_SORT` publishDir path contains a variable with a null value

executor >  local (6)
[37/a6cda4] ASS…GS:SINGLEM_PIPE (veh_depl) | 3 of 3, cached: 3 ✔
[2e/0e32b9] ASS…Y_MAGS:TAXBURST (veh_depl) | 3 of 3, cached: 3 ✔
[cf/8ce78c] ASSEMBLY_MAGS:FLYE (veh_depl)  | 3 of 3, cached: 3 ✔
[c1/e4593c] ASS…:MINIMAP2_INDEX (abx_depl) | 3 of 3, cached: 3 ✔
[61/8da2b4] ASS…:MINIMAP2_ALIGN (s4_final) | 3 of 3, cached: 3 ✔
[d0/f113bd] ASS…S:SAMTOOLS_SORT (s4_final) | 2 of 3, cached: 1
[a1/ffc42e] ASS…MTOOLS_COVERAGE (s4_final) | 1 of 2
[bf/d01e86] ASS…N_SINGLEEASYBIN (s4_final) | 1 of 2, cached: 1
[7a/a024f2] ASS…CHECKM2_PREDICT (abx_depl) | 1 of 1, cached: 1
[fa/a4636e] ASS…S:CHECKM2_PARSE (abx_depl) | 1 of 1, cached: 1
[30/b6d8d9] ASS…_PIPE_BINS (abx_depl_bins) | 1 of 1, cached: 1
[-        ] ASSEMBLY_MAGS:PIGEON           -
[90/edd24b] ASS…RAISE (abx_depl_appraisal) | 1 of 1, cached: 1
[26/9f90d8] ASS…:BAKTA_BAKTA (SemiBin_197) | 2 of 3, cached: 2
✓ Coverage calculated for s4_final






















WARN: Process `ASSEMBLY_MAGS:SAMTOOLS_SORT` publishDir path contains a variable with a null value
WARN: Process `ASSEMBLY_MAGS:SAMTOOLS_COVERAGE` publishDir path contains a variable with a null value




























executor >  local (8)
[37/a6cda4] ASS…GS:SINGLEM_PIPE (veh_depl) | 3 of 3, cached: 3 ✔
[2e/0e32b9] ASS…Y_MAGS:TAXBURST (veh_depl) | 3 of 3, cached: 3 ✔
[cf/8ce78c] ASSEMBLY_MAGS:FLYE (veh_depl)  | 3 of 3, cached: 3 ✔
[c1/e4593c] ASS…:MINIMAP2_INDEX (abx_depl) | 3 of 3, cached: 3 ✔
[61/8da2b4] ASS…:MINIMAP2_ALIGN (s4_final) | 3 of 3, cached: 3 ✔
[d0/f113bd] ASS…S:SAMTOOLS_SORT (s4_final) | 2 of 3, cached: 1
[a1/ffc42e] ASS…MTOOLS_COVERAGE (s4_final) | 1 of 2
[bf/d01e86] ASS…N_SINGLEEASYBIN (s4_final) | 2 of 2, cached: 1
[eb/a3882b] ASS…CHECKM2_PREDICT (s4_final) | 1 of 2, cached: 1
[fa/a4636e] ASS…S:CHECKM2_PARSE (abx_depl) | 1 of 1, cached: 1
[74/98a6e7] ASS…_PIPE_BINS (s4_final_bins) | 1 of 2, cached: 1
[-        ] ASSEMBLY_MAGS:PIGEON           -
[90/edd24b] ASS…RAISE (abx_depl_appraisal) | 1 of 1, cached: 1
[26/9f90d8] ASS…:BAKTA_BAKTA (SemiBin_197) | 2 of 3, cached: 2
✓ Binning completed for s4_final: 16 bins

WARN: Process `ASSEMBLY_MAGS:SEMIBIN_SINGLEEASYBIN` publishDir path contains a variable with a null value
WARN: Process `ASSEMBLY_MAGS:SEMIBIN_SINGLEEASYBIN` publishDir path contains a variable with a null value
WARN: Process `ASSEMBLY_MAGS:SEMIBIN_SINGLEEASYBIN` publishDir path contains a variable with a null value
















































executor >  local (8)
[37/a6cda4] ASS…GS:SINGLEM_PIPE (veh_depl) | 3 of 3, cached: 3 ✔
[2e/0e32b9] ASS…Y_MAGS:TAXBURST (veh_depl) | 3 of 3, cached: 3 ✔
[cf/8ce78c] ASSEMBLY_MAGS:FLYE (veh_depl)  | 3 of 3, cached: 3 ✔
[c1/e4593c] ASS…:MINIMAP2_INDEX (abx_depl) | 3 of 3, cached: 3 ✔
[61/8da2b4] ASS…:MINIMAP2_ALIGN (s4_final) | 3 of 3, cached: 3 ✔
[d0/f113bd] ASS…S:SAMTOOLS_SORT (s4_final) | 2 of 3, cached: 1
[5f/9ba799] ASS…MTOOLS_COVERAGE (abx_depl) | 2 of 2
[bf/d01e86] ASS…N_SINGLEEASYBIN (s4_final) | 2 of 2, cached: 1
[eb/a3882b] ASS…CHECKM2_PREDICT (s4_final) | 1 of 2, cached: 1
[fa/a4636e] ASS…S:CHECKM2_PARSE (abx_depl) | 1 of 1, cached: 1
[74/98a6e7] ASS…_PIPE_BINS (s4_final_bins) | 1 of 2, cached: 1
[-        ] ASSEMBLY_MAGS:PIGEON           -
[90/edd24b] ASS…RAISE (abx_depl_appraisal) | 1 of 1, cached: 1
[26/9f90d8] ASS…:BAKTA_BAKTA (SemiBin_197) | 2 of 3, cached: 2
✓ Binning completed for s4_final: 16 bins
✓ Coverage calculated for abx_depl
WARN: Process `ASSEMBLY_MAGS:SEMIBIN_SINGLEEASYBIN` publishDir path contains a variable with a null value
WARN: Process `ASSEMBLY_MAGS:SEMIBIN_SINGLEEASYBIN` publishDir path contains a variable with a null value
WARN: Process `ASSEMBLY_MAGS:SEMIBIN_SINGLEEASYBIN` publishDir path contains a variable with a null value
WARN: Process `ASSEMBLY_MAGS:SAMTOOLS_COVERAGE` publishDir path contains a variable with a null value


executor >  local (10)
[37/a6cda4] ASS…GS:SINGLEM_PIPE (veh_depl) | 3 of 3, cached: 3 ✔
[2e/0e32b9] ASS…Y_MAGS:TAXBURST (veh_depl) | 3 of 3, cached: 3 ✔
[cf/8ce78c] ASSEMBLY_MAGS:FLYE (veh_depl)  | 3 of 3, cached: 3 ✔
[c1/e4593c] ASS…:MINIMAP2_INDEX (abx_depl) | 3 of 3, cached: 3 ✔
[61/8da2b4] ASS…:MINIMAP2_ALIGN (s4_final) | 3 of 3, cached: 3 ✔
[5e/92d9c6] ASS…S:SAMTOOLS_SORT (veh_depl) | 3 of 3, cached: 1 ✔
[7d/b26856] ASS…MTOOLS_COVERAGE (veh_depl) | 2 of 3
[1b/22a7c6] ASS…N_SINGLEEASYBIN (veh_depl) | 2 of 3, cached: 1
[eb/a3882b] ASS…CHECKM2_PREDICT (s4_final) | 1 of 2, cached: 1
[fa/a4636e] ASS…S:CHECKM2_PARSE (abx_depl) | 1 of 1, cached: 1
[74/98a6e7] ASS…_PIPE_BINS (s4_final_bins) | 1 of 2, cached: 1
[-        ] ASSEMBLY_MAGS:PIGEON           -
[90/edd24b] ASS…RAISE (abx_depl_appraisal) | 1 of 1, cached: 1
[26/9f90d8] ASS…:BAKTA_BAKTA (SemiBin_197) | 2 of 3, cached: 2


WARN: Process `ASSEMBLY_MAGS:SAMTOOLS_SORT` publishDir path contains a variable with a null value





executor >  local (10)
[37/a6cda4] ASS…GS:SINGLEM_PIPE (veh_depl) | 3 of 3, cached: 3 ✔
[2e/0e32b9] ASS…Y_MAGS:TAXBURST (veh_depl) | 3 of 3, cached: 3 ✔
[cf/8ce78c] ASSEMBLY_MAGS:FLYE (veh_depl)  | 3 of 3, cached: 3 ✔
[c1/e4593c] ASS…:MINIMAP2_INDEX (abx_depl) | 3 of 3, cached: 3 ✔
[61/8da2b4] ASS…:MINIMAP2_ALIGN (s4_final) | 3 of 3, cached: 3 ✔
[5e/92d9c6] ASS…S:SAMTOOLS_SORT (veh_depl) | 3 of 3, cached: 1 ✔
[7d/b26856] ASS…MTOOLS_COVERAGE (veh_depl) | 2 of 3
[1b/22a7c6] ASS…N_SINGLEEASYBIN (veh_depl) | 2 of 3, cached: 1
[eb/a3882b] ASS…CHECKM2_PREDICT (s4_final) | 1 of 2, cached: 1
[fa/a4636e] ASS…S:CHECKM2_PARSE (abx_depl) | 1 of 1, cached: 1
[74/98a6e7] ASS…_PIPE_BINS (s4_final_bins) | 1 of 2, cached: 1
[-        ] ASSEMBLY_MAGS:PIGEON           -
[90/edd24b] ASS…RAISE (abx_depl_appraisal) | 1 of 1, cached: 1
[26/9f90d8] ASS…:BAKTA_BAKTA (SemiBin_197) | 2 of 3, cached: 2
WARN: Process `ASSEMBLY_MAGS:SAMTOOLS_SORT` publishDir path contains a variable with a null value







executor >  local (10)
[37/a6cda4] ASS…GS:SINGLEM_PIPE (veh_depl) | 3 of 3, cached: 3 ✔
[2e/0e32b9] ASS…Y_MAGS:TAXBURST (veh_depl) | 3 of 3, cached: 3 ✔
[cf/8ce78c] ASSEMBLY_MAGS:FLYE (veh_depl)  | 3 of 3, cached: 3 ✔
[c1/e4593c] ASS…:MINIMAP2_INDEX (abx_depl) | 3 of 3, cached: 3 ✔
[61/8da2b4] ASS…:MINIMAP2_ALIGN (s4_final) | 3 of 3, cached: 3 ✔
[5e/92d9c6] ASS…S:SAMTOOLS_SORT (veh_depl) | 3 of 3, cached: 1 ✔
[7d/b26856] ASS…MTOOLS_COVERAGE (veh_depl) | 2 of 3
[1b/22a7c6] ASS…N_SINGLEEASYBIN (veh_depl) | 2 of 3, cached: 1
[eb/a3882b] ASS…CHECKM2_PREDICT (s4_final) | 1 of 2, cached: 1
[fa/a4636e] ASS…S:CHECKM2_PARSE (abx_depl) | 1 of 1, cached: 1
[74/98a6e7] ASS…_PIPE_BINS (s4_final_bins) | 1 of 2, cached: 1
[-        ] ASSEMBLY_MAGS:PIGEON           -
[90/edd24b] ASS…RAISE (abx_depl_appraisal) | 1 of 1, cached: 1
[26/9f90d8] ASS…:BAKTA_BAKTA (SemiBin_197) | 2 of 3, cached: 2
✓ Quality assessment completed for s4_final
WARN: Process `ASSEMBLY_MAGS:SAMTOOLS_SORT` publishDir path contains a variable with a null value
WARN: Process `ASSEMBLY_MAGS:CHECKM2_PREDICT` publishDir path contains a variable with a null value

executor >  local (11)
[37/a6cda4] ASS…GS:SINGLEM_PIPE (veh_depl) | 3 of 3, cached: 3 ✔
[2e/0e32b9] ASS…Y_MAGS:TAXBURST (veh_depl) | 3 of 3, cached: 3 ✔
[cf/8ce78c] ASSEMBLY_MAGS:FLYE (veh_depl)  | 3 of 3, cached: 3 ✔
[c1/e4593c] ASS…:MINIMAP2_INDEX (abx_depl) | 3 of 3, cached: 3 ✔
[61/8da2b4] ASS…:MINIMAP2_ALIGN (s4_final) | 3 of 3, cached: 3 ✔
[5e/92d9c6] ASS…S:SAMTOOLS_SORT (veh_depl) | 3 of 3, cached: 1 ✔
[7d/b26856] ASS…MTOOLS_COVERAGE (veh_depl) | 2 of 3
[1b/22a7c6] ASS…N_SINGLEEASYBIN (veh_depl) | 2 of 3, cached: 1
[eb/a3882b] ASS…CHECKM2_PREDICT (s4_final) | 2 of 2, cached: 1
[cc/995532] ASS…S:CHECKM2_PARSE (s4_final) | 1 of 2, cached: 1
[74/98a6e7] ASS…_PIPE_BINS (s4_final_bins) | 1 of 2, cached: 1
[-        ] ASSEMBLY_MAGS:PIGEON           -
[90/edd24b] ASS…RAISE (abx_depl_appraisal) | 1 of 1, cached: 1
[26/9f90d8] ASS…:BAKTA_BAKTA (SemiBin_197) | 2 of 3, cached: 2
✓ Quality assessment completed for s4_final
WARN: Process `ASSEMBLY_MAGS:SAMTOOLS_SORT` publishDir path contains a variable with a null value
WARN: Process `ASSEMBLY_MAGS:CHECKM2_PREDICT` publishDir path contains a variable with a null value

executor >  local (11)
[37/a6cda4] ASS…GS:SINGLEM_PIPE (veh_depl) | 3 of 3, cached: 3 ✔
[2e/0e32b9] ASS…Y_MAGS:TAXBURST (veh_depl) | 3 of 3, cached: 3 ✔
[cf/8ce78c] ASSEMBLY_MAGS:FLYE (veh_depl)  | 3 of 3, cached: 3 ✔
[c1/e4593c] ASS…:MINIMAP2_INDEX (abx_depl) | 3 of 3, cached: 3 ✔
[61/8da2b4] ASS…:MINIMAP2_ALIGN (s4_final) | 3 of 3, cached: 3 ✔
[5e/92d9c6] ASS…S:SAMTOOLS_SORT (veh_depl) | 3 of 3, cached: 1 ✔
[7d/b26856] ASS…MTOOLS_COVERAGE (veh_depl) | 2 of 3
[1b/22a7c6] ASS…N_SINGLEEASYBIN (veh_depl) | 2 of 3, cached: 1
[eb/a3882b] ASS…CHECKM2_PREDICT (s4_final) | 2 of 2, cached: 1
[cc/995532] ASS…S:CHECKM2_PARSE (s4_final) | 2 of 2, cached: 1
[74/98a6e7] ASS…_PIPE_BINS (s4_final_bins) | 1 of 2, cached: 1
[-        ] ASSEMBLY_MAGS:PIGEON           -
[90/edd24b] ASS…RAISE (abx_depl_appraisal) | 1 of 1, cached: 1
[26/9f90d8] ASS…:BAKTA_BAKTA (SemiBin_197) | 2 of 3, cached: 2
✓ Quality assessment completed for s4_final
WARN: Process `ASSEMBLY_MAGS:CHECKM2_PREDICT` publishDir path contains a variable with a null value
WARN: Process `ASSEMBLY_MAGS:CHECKM2_PARSE` publishDir path contains a variable with a null value


executor >  local (12)
[37/a6cda4] ASS…GS:SINGLEM_PIPE (veh_depl) | 3 of 3, cached: 3 ✔
[2e/0e32b9] ASS…Y_MAGS:TAXBURST (veh_depl) | 3 of 3, cached: 3 ✔
[cf/8ce78c] ASSEMBLY_MAGS:FLYE (veh_depl)  | 3 of 3, cached: 3 ✔
[c1/e4593c] ASS…:MINIMAP2_INDEX (abx_depl) | 3 of 3, cached: 3 ✔
[61/8da2b4] ASS…:MINIMAP2_ALIGN (s4_final) | 3 of 3, cached: 3 ✔
[5e/92d9c6] ASS…S:SAMTOOLS_SORT (veh_depl) | 3 of 3, cached: 1 ✔
[7d/b26856] ASS…MTOOLS_COVERAGE (veh_depl) | 2 of 3
[1b/22a7c6] ASS…N_SINGLEEASYBIN (veh_depl) | 2 of 3, cached: 1
[eb/a3882b] ASS…CHECKM2_PREDICT (s4_final) | 2 of 2, cached: 1
[cc/995532] ASS…S:CHECKM2_PARSE (s4_final) | 2 of 2, cached: 1
[74/98a6e7] ASS…_PIPE_BINS (s4_final_bins) | 2 of 2, cached: 1
[-        ] ASSEMBLY_MAGS:PIGEON           -
[e3/bd4ff2] ASS…RAISE (s4_final_appraisal) | 1 of 2, cached: 1
[26/9f90d8] ASS…:BAKTA_BAKTA (SemiBin_197) | 2 of 3, cached: 2

WARN: Process `ASSEMBLY_MAGS:CHECKM2_PARSE` publishDir path contains a variable with a null value
WARN: Process `ASSEMBLY_MAGS:SINGLEM_PIPE_BINS` publishDir path contains a variable with a null value


executor >  local (12)
[37/a6cda4] ASS…GS:SINGLEM_PIPE (veh_depl) | 3 of 3, cached: 3 ✔
[2e/0e32b9] ASS…Y_MAGS:TAXBURST (veh_depl) | 3 of 3, cached: 3 ✔
[cf/8ce78c] ASSEMBLY_MAGS:FLYE (veh_depl)  | 3 of 3, cached: 3 ✔
[c1/e4593c] ASS…:MINIMAP2_INDEX (abx_depl) | 3 of 3, cached: 3 ✔
[61/8da2b4] ASS…:MINIMAP2_ALIGN (s4_final) | 3 of 3, cached: 3 ✔
[5e/92d9c6] ASS…S:SAMTOOLS_SORT (veh_depl) | 3 of 3, cached: 1 ✔
[7d/b26856] ASS…MTOOLS_COVERAGE (veh_depl) | 2 of 3
[1b/22a7c6] ASS…N_SINGLEEASYBIN (veh_depl) | 2 of 3, cached: 1
[eb/a3882b] ASS…CHECKM2_PREDICT (s4_final) | 2 of 2, cached: 1
[cc/995532] ASS…S:CHECKM2_PARSE (s4_final) | 2 of 2, cached: 1
[74/98a6e7] ASS…_PIPE_BINS (s4_final_bins) | 2 of 2, cached: 1
[-        ] ASSEMBLY_MAGS:PIGEON           -
[e3/bd4ff2] ASS…RAISE (s4_final_appraisal) | 1 of 2, cached: 1
[26/9f90d8] ASS…:BAKTA_BAKTA (SemiBin_197) | 2 of 3, cached: 2
WARN: Process `ASSEMBLY_MAGS:CHECKM2_PARSE` publishDir path contains a variable with a null value
WARN: Process `ASSEMBLY_MAGS:SINGLEM_PIPE_BINS` publishDir path contains a variable with a null value



executor >  local (12)
[37/a6cda4] ASS…GS:SINGLEM_PIPE (veh_depl) | 3 of 3, cached: 3 ✔
[2e/0e32b9] ASS…Y_MAGS:TAXBURST (veh_depl) | 3 of 3, cached: 3 ✔
[cf/8ce78c] ASSEMBLY_MAGS:FLYE (veh_depl)  | 3 of 3, cached: 3 ✔
[c1/e4593c] ASS…:MINIMAP2_INDEX (abx_depl) | 3 of 3, cached: 3 ✔
[61/8da2b4] ASS…:MINIMAP2_ALIGN (s4_final) | 3 of 3, cached: 3 ✔
[5e/92d9c6] ASS…S:SAMTOOLS_SORT (veh_depl) | 3 of 3, cached: 1 ✔
[7d/b26856] ASS…MTOOLS_COVERAGE (veh_depl) | 2 of 3
[1b/22a7c6] ASS…N_SINGLEEASYBIN (veh_depl) | 2 of 3, cached: 1
[eb/a3882b] ASS…CHECKM2_PREDICT (s4_final) | 2 of 2, cached: 1
[cc/995532] ASS…S:CHECKM2_PARSE (s4_final) | 2 of 2, cached: 1
[74/98a6e7] ASS…_PIPE_BINS (s4_final_bins) | 2 of 2, cached: 1
[-        ] ASSEMBLY_MAGS:PIGEON           -
[e3/bd4ff2] ASS…RAISE (s4_final_appraisal) | 2 of 2, cached: 1
[26/9f90d8] ASS…:BAKTA_BAKTA (SemiBin_197) | 2 of 3, cached: 2
✓ SingleM appraise analysis completed for s4_final_appraisal
WARN: Process `ASSEMBLY_MAGS:SINGLEM_PIPE_BINS` publishDir path contains a variable with a null value
WARN: Process `ASSEMBLY_MAGS:SINGLEM_APPRAISE` publishDir path contains a variable with a null value
WARN: Process `ASSEMBLY_MAGS:SINGLEM_APPRAISE` publishDir path contains a variable with a null value


executor >  local (12)
[37/a6cda4] ASS…GS:SINGLEM_PIPE (veh_depl) | 3 of 3, cached: 3 ✔
[2e/0e32b9] ASS…Y_MAGS:TAXBURST (veh_depl) | 3 of 3, cached: 3 ✔
[cf/8ce78c] ASSEMBLY_MAGS:FLYE (veh_depl)  | 3 of 3, cached: 3 ✔
[c1/e4593c] ASS…:MINIMAP2_INDEX (abx_depl) | 3 of 3, cached: 3 ✔
[61/8da2b4] ASS…:MINIMAP2_ALIGN (s4_final) | 3 of 3, cached: 3 ✔
[5e/92d9c6] ASS…S:SAMTOOLS_SORT (veh_depl) | 3 of 3, cached: 1 ✔
[7d/b26856] ASS…MTOOLS_COVERAGE (veh_depl) | 3 of 3 ✔
[1b/22a7c6] ASS…N_SINGLEEASYBIN (veh_depl) | 2 of 3, cached: 1
[eb/a3882b] ASS…CHECKM2_PREDICT (s4_final) | 2 of 2, cached: 1
[cc/995532] ASS…S:CHECKM2_PARSE (s4_final) | 2 of 2, cached: 1
[74/98a6e7] ASS…_PIPE_BINS (s4_final_bins) | 2 of 2, cached: 1
[-        ] ASSEMBLY_MAGS:PIGEON           -
[e3/bd4ff2] ASS…RAISE (s4_final_appraisal) | 2 of 2, cached: 1
[26/9f90d8] ASS…:BAKTA_BAKTA (SemiBin_197) | 2 of 3, cached: 2
✓ Coverage calculated for veh_depl

WARN: Process `ASSEMBLY_MAGS:SAMTOOLS_COVERAGE` publishDir path contains a variable with a null value




executor >  local (12)
[37/a6cda4] ASS…GS:SINGLEM_PIPE (veh_depl) | 3 of 3, cached: 3 ✔
[2e/0e32b9] ASS…Y_MAGS:TAXBURST (veh_depl) | 3 of 3, cached: 3 ✔
[cf/8ce78c] ASSEMBLY_MAGS:FLYE (veh_depl)  | 3 of 3, cached: 3 ✔
[c1/e4593c] ASS…:MINIMAP2_INDEX (abx_depl) | 3 of 3, cached: 3 ✔
[61/8da2b4] ASS…:MINIMAP2_ALIGN (s4_final) | 3 of 3, cached: 3 ✔
[5e/92d9c6] ASS…S:SAMTOOLS_SORT (veh_depl) | 3 of 3, cached: 1 ✔
[7d/b26856] ASS…MTOOLS_COVERAGE (veh_depl) | 3 of 3 ✔
[1b/22a7c6] ASS…N_SINGLEEASYBIN (veh_depl) | 2 of 3, cached: 1
[eb/a3882b] ASS…CHECKM2_PREDICT (s4_final) | 2 of 2, cached: 1
[cc/995532] ASS…S:CHECKM2_PARSE (s4_final) | 2 of 2, cached: 1
[74/98a6e7] ASS…_PIPE_BINS (s4_final_bins) | 2 of 2, cached: 1
[-        ] ASSEMBLY_MAGS:PIGEON           -
[e3/bd4ff2] ASS…RAISE (s4_final_appraisal) | 2 of 2, cached: 1
[a1/c15ca4] ASS…:BAKTA_BAKTA (SemiBin_145) | 3 of 3, cached: 2
✓ Bakta annotation completed for SemiBin_145 (97.09% complete)

WARN: Process `ASSEMBLY_MAGS:BAKTA_BAKTA` publishDir path contains a variable with a null value




executor >  local (13)
[37/a6cda4] ASS…GS:SINGLEM_PIPE (veh_depl) | 3 of 3, cached: 3 ✔
[2e/0e32b9] ASS…Y_MAGS:TAXBURST (veh_depl) | 3 of 3, cached: 3 ✔
[cf/8ce78c] ASSEMBLY_MAGS:FLYE (veh_depl)  | 3 of 3, cached: 3 ✔
[c1/e4593c] ASS…:MINIMAP2_INDEX (abx_depl) | 3 of 3, cached: 3 ✔
[61/8da2b4] ASS…:MINIMAP2_ALIGN (s4_final) | 3 of 3, cached: 3 ✔
[5e/92d9c6] ASS…S:SAMTOOLS_SORT (veh_depl) | 3 of 3, cached: 1 ✔
[7d/b26856] ASS…MTOOLS_COVERAGE (veh_depl) | 3 of 3 ✔
[1b/22a7c6] ASS…N_SINGLEEASYBIN (veh_depl) | 3 of 3, cached: 1 ✔
[fd/0d5f35] ASS…CHECKM2_PREDICT (veh_depl) | 2 of 3, cached: 1
[cc/995532] ASS…S:CHECKM2_PARSE (s4_final) | 2 of 2, cached: 1
[74/98a6e7] ASS…_PIPE_BINS (s4_final_bins) | 2 of 3, cached: 1
[-        ] ASSEMBLY_MAGS:PIGEON           -
[e3/bd4ff2] ASS…RAISE (s4_final_appraisal) | 2 of 2, cached: 1
[a1/c15ca4] ASS…:BAKTA_BAKTA (SemiBin_145) | 3 of 3, cached: 2
✓ Binning completed for veh_depl: 118 bins
PIGEON will process 0 samples

WARN: Process `ASSEMBLY_MAGS:SEMIBIN_SINGLEEASYBIN` publishDir path contains a variable with a null value
WARN: Process `ASSEMBLY_MAGS:SEMIBIN_SINGLEEASYBIN` publishDir path contains a variable with a null value
WARN: Process `ASSEMBLY_MAGS:SEMIBIN_SINGLEEASYBIN` publishDir path contains a variable with a null value


executor >  local (14)
[37/a6cda4] ASS…GS:SINGLEM_PIPE (veh_depl) | 3 of 3, cached: 3 ✔
[2e/0e32b9] ASS…Y_MAGS:TAXBURST (veh_depl) | 3 of 3, cached: 3 ✔
[cf/8ce78c] ASSEMBLY_MAGS:FLYE (veh_depl)  | 3 of 3, cached: 3 ✔
[c1/e4593c] ASS…:MINIMAP2_INDEX (abx_depl) | 3 of 3, cached: 3 ✔
[61/8da2b4] ASS…:MINIMAP2_ALIGN (s4_final) | 3 of 3, cached: 3 ✔
[5e/92d9c6] ASS…S:SAMTOOLS_SORT (veh_depl) | 3 of 3, cached: 1 ✔
[7d/b26856] ASS…MTOOLS_COVERAGE (veh_depl) | 3 of 3 ✔
[1b/22a7c6] ASS…N_SINGLEEASYBIN (veh_depl) | 3 of 3, cached: 1 ✔
[fd/0d5f35] ASS…CHECKM2_PREDICT (veh_depl) | 2 of 3, cached: 1
[cc/995532] ASS…S:CHECKM2_PARSE (s4_final) | 2 of 2, cached: 1
[97/4ffc3d] ASS…_PIPE_BINS (veh_depl_bins) | 2 of 3, cached: 1
[-        ] ASSEMBLY_MAGS:PIGEON           -
[e3/bd4ff2] ASS…RAISE (s4_final_appraisal) | 2 of 2, cached: 1
[a1/c15ca4] ASS…:BAKTA_BAKTA (SemiBin_145) | 3 of 3, cached: 2
✓ Binning completed for veh_depl: 118 bins
PIGEON will process 0 samples
WARN: Process `ASSEMBLY_MAGS:SEMIBIN_SINGLEEASYBIN` publishDir path contains a variable with a null value
WARN: Process `ASSEMBLY_MAGS:SEMIBIN_SINGLEEASYBIN` publishDir path contains a variable with a null value
WARN: Process `ASSEMBLY_MAGS:SEMIBIN_SINGLEEASYBIN` publishDir path contains a variable with a null value



executor >  local (15)
[37/a6cda4] ASS…GS:SINGLEM_PIPE (veh_depl) | 3 of 3, cached: 3 ✔
[2e/0e32b9] ASS…Y_MAGS:TAXBURST (veh_depl) | 3 of 3, cached: 3 ✔
[cf/8ce78c] ASSEMBLY_MAGS:FLYE (veh_depl)  | 3 of 3, cached: 3 ✔
[c1/e4593c] ASS…:MINIMAP2_INDEX (abx_depl) | 3 of 3, cached: 3 ✔
[61/8da2b4] ASS…:MINIMAP2_ALIGN (s4_final) | 3 of 3, cached: 3 ✔
[5e/92d9c6] ASS…S:SAMTOOLS_SORT (veh_depl) | 3 of 3, cached: 1 ✔
[7d/b26856] ASS…MTOOLS_COVERAGE (veh_depl) | 3 of 3 ✔
[1b/22a7c6] ASS…N_SINGLEEASYBIN (veh_depl) | 3 of 3, cached: 1 ✔
[fd/0d5f35] ASS…CHECKM2_PREDICT (veh_depl) | 2 of 3, cached: 1
[cc/995532] ASS…S:CHECKM2_PARSE (s4_final) | 2 of 2, cached: 1
[97/4ffc3d] ASS…_PIPE_BINS (veh_depl_bins) | 3 of 3, cached: 1 ✔
[-        ] ASSEMBLY_MAGS:PIGEON           -
[ce/d275c0] ASS…RAISE (veh_depl_appraisal) | 2 of 3, cached: 1
[a1/c15ca4] ASS…:BAKTA_BAKTA (SemiBin_145) | 3 of 3, cached: 2


WARN: Process `ASSEMBLY_MAGS:SINGLEM_PIPE_BINS` publishDir path contains a variable with a null value




executor >  local (15)
[37/a6cda4] ASS…GS:SINGLEM_PIPE (veh_depl) | 3 of 3, cached: 3 ✔
[2e/0e32b9] ASS…Y_MAGS:TAXBURST (veh_depl) | 3 of 3, cached: 3 ✔
[cf/8ce78c] ASSEMBLY_MAGS:FLYE (veh_depl)  | 3 of 3, cached: 3 ✔
[c1/e4593c] ASS…:MINIMAP2_INDEX (abx_depl) | 3 of 3, cached: 3 ✔
[61/8da2b4] ASS…:MINIMAP2_ALIGN (s4_final) | 3 of 3, cached: 3 ✔
[5e/92d9c6] ASS…S:SAMTOOLS_SORT (veh_depl) | 3 of 3, cached: 1 ✔
[7d/b26856] ASS…MTOOLS_COVERAGE (veh_depl) | 3 of 3 ✔
[1b/22a7c6] ASS…N_SINGLEEASYBIN (veh_depl) | 3 of 3, cached: 1 ✔
[fd/0d5f35] ASS…CHECKM2_PREDICT (veh_depl) | 2 of 3, cached: 1
[cc/995532] ASS…S:CHECKM2_PARSE (s4_final) | 2 of 2, cached: 1
[97/4ffc3d] ASS…_PIPE_BINS (veh_depl_bins) | 3 of 3, cached: 1 ✔
[-        ] ASSEMBLY_MAGS:PIGEON           -
[ce/d275c0] ASS…RAISE (veh_depl_appraisal) | 2 of 3, cached: 1
[a1/c15ca4] ASS…:BAKTA_BAKTA (SemiBin_145) | 3 of 3, cached: 2
WARN: Process `ASSEMBLY_MAGS:SINGLEM_PIPE_BINS` publishDir path contains a variable with a null value






executor >  local (15)
[37/a6cda4] ASS…GS:SINGLEM_PIPE (veh_depl) | 3 of 3, cached: 3 ✔
[2e/0e32b9] ASS…Y_MAGS:TAXBURST (veh_depl) | 3 of 3, cached: 3 ✔
[cf/8ce78c] ASSEMBLY_MAGS:FLYE (veh_depl)  | 3 of 3, cached: 3 ✔
[c1/e4593c] ASS…:MINIMAP2_INDEX (abx_depl) | 3 of 3, cached: 3 ✔
[61/8da2b4] ASS…:MINIMAP2_ALIGN (s4_final) | 3 of 3, cached: 3 ✔
[5e/92d9c6] ASS…S:SAMTOOLS_SORT (veh_depl) | 3 of 3, cached: 1 ✔
[7d/b26856] ASS…MTOOLS_COVERAGE (veh_depl) | 3 of 3 ✔
[1b/22a7c6] ASS…N_SINGLEEASYBIN (veh_depl) | 3 of 3, cached: 1 ✔
[fd/0d5f35] ASS…CHECKM2_PREDICT (veh_depl) | 2 of 3, cached: 1
[cc/995532] ASS…S:CHECKM2_PARSE (s4_final) | 2 of 2, cached: 1
[97/4ffc3d] ASS…_PIPE_BINS (veh_depl_bins) | 3 of 3, cached: 1 ✔
[-        ] ASSEMBLY_MAGS:PIGEON           -
[ce/d275c0] ASS…RAISE (veh_depl_appraisal) | 3 of 3, cached: 1 ✔
[a1/c15ca4] ASS…:BAKTA_BAKTA (SemiBin_145) | 3 of 3, cached: 2
✓ SingleM appraise analysis completed for veh_depl_appraisal
WARN: Process `ASSEMBLY_MAGS:SINGLEM_PIPE_BINS` publishDir path contains a variable with a null value
WARN: Process `ASSEMBLY_MAGS:SINGLEM_APPRAISE` publishDir path contains a variable with a null value
WARN: Process `ASSEMBLY_MAGS:SINGLEM_APPRAISE` publishDir path contains a variable with a null value

executor >  local (16)
[37/a6cda4] ASS…GS:SINGLEM_PIPE (veh_depl) | 3 of 3, cached: 3 ✔
[2e/0e32b9] ASS…Y_MAGS:TAXBURST (veh_depl) | 3 of 3, cached: 3 ✔
[cf/8ce78c] ASSEMBLY_MAGS:FLYE (veh_depl)  | 3 of 3, cached: 3 ✔
[c1/e4593c] ASS…:MINIMAP2_INDEX (abx_depl) | 3 of 3, cached: 3 ✔
[61/8da2b4] ASS…:MINIMAP2_ALIGN (s4_final) | 3 of 3, cached: 3 ✔
[5e/92d9c6] ASS…S:SAMTOOLS_SORT (veh_depl) | 3 of 3, cached: 1 ✔
[7d/b26856] ASS…MTOOLS_COVERAGE (veh_depl) | 3 of 3 ✔
[1b/22a7c6] ASS…N_SINGLEEASYBIN (veh_depl) | 3 of 3, cached: 1 ✔
[fd/0d5f35] ASS…CHECKM2_PREDICT (veh_depl) | 3 of 3, cached: 1 ✔
[44/67e4b7] ASS…S:CHECKM2_PARSE (veh_depl) | 2 of 3, cached: 1
[97/4ffc3d] ASS…_PIPE_BINS (veh_depl_bins) | 3 of 3, cached: 1 ✔
[-        ] ASSEMBLY_MAGS:PIGEON           -
[ce/d275c0] ASS…RAISE (veh_depl_appraisal) | 3 of 3, cached: 1 ✔
[a1/c15ca4] ASS…:BAKTA_BAKTA (SemiBin_145) | 3 of 3, cached: 2
✓ Quality assessment completed for veh_depl

WARN: Process `ASSEMBLY_MAGS:CHECKM2_PREDICT` publishDir path contains a variable with a null value




executor >  local (16)
[37/a6cda4] ASS…GS:SINGLEM_PIPE (veh_depl) | 3 of 3, cached: 3 ✔
[2e/0e32b9] ASS…Y_MAGS:TAXBURST (veh_depl) | 3 of 3, cached: 3 ✔
[cf/8ce78c] ASSEMBLY_MAGS:FLYE (veh_depl)  | 3 of 3, cached: 3 ✔
[c1/e4593c] ASS…:MINIMAP2_INDEX (abx_depl) | 3 of 3, cached: 3 ✔
[61/8da2b4] ASS…:MINIMAP2_ALIGN (s4_final) | 3 of 3, cached: 3 ✔
[5e/92d9c6] ASS…S:SAMTOOLS_SORT (veh_depl) | 3 of 3, cached: 1 ✔
[7d/b26856] ASS…MTOOLS_COVERAGE (veh_depl) | 3 of 3 ✔
[1b/22a7c6] ASS…N_SINGLEEASYBIN (veh_depl) | 3 of 3, cached: 1 ✔
[fd/0d5f35] ASS…CHECKM2_PREDICT (veh_depl) | 3 of 3, cached: 1 ✔
[44/67e4b7] ASS…S:CHECKM2_PARSE (veh_depl) | 2 of 3, cached: 1
[97/4ffc3d] ASS…_PIPE_BINS (veh_depl_bins) | 3 of 3, cached: 1 ✔
[-        ] ASSEMBLY_MAGS:PIGEON           -
[ce/d275c0] ASS…RAISE (veh_depl_appraisal) | 3 of 3, cached: 1 ✔
[a1/c15ca4] ASS…:BAKTA_BAKTA (SemiBin_145) | 3 of 3, cached: 2
✓ Quality assessment completed for veh_depl
WARN: Process `ASSEMBLY_MAGS:CHECKM2_PREDICT` publishDir path contains a variable with a null value





executor >  local (18)
[37/a6cda4] ASS…GS:SINGLEM_PIPE (veh_depl) | 3 of 3, cached: 3 ✔
[2e/0e32b9] ASS…Y_MAGS:TAXBURST (veh_depl) | 3 of 3, cached: 3 ✔
[cf/8ce78c] ASSEMBLY_MAGS:FLYE (veh_depl)  | 3 of 3, cached: 3 ✔
[c1/e4593c] ASS…:MINIMAP2_INDEX (abx_depl) | 3 of 3, cached: 3 ✔
[61/8da2b4] ASS…:MINIMAP2_ALIGN (s4_final) | 3 of 3, cached: 3 ✔
[5e/92d9c6] ASS…S:SAMTOOLS_SORT (veh_depl) | 3 of 3, cached: 1 ✔
[7d/b26856] ASS…MTOOLS_COVERAGE (veh_depl) | 3 of 3 ✔
[1b/22a7c6] ASS…N_SINGLEEASYBIN (veh_depl) | 3 of 3, cached: 1 ✔
[fd/0d5f35] ASS…CHECKM2_PREDICT (veh_depl) | 3 of 3, cached: 1 ✔
[44/67e4b7] ASS…S:CHECKM2_PARSE (veh_depl) | 3 of 3, cached: 1 ✔
[97/4ffc3d] ASS…_PIPE_BINS (veh_depl_bins) | 3 of 3, cached: 1 ✔
[-        ] ASSEMBLY_MAGS:PIGEON           -
[ce/d275c0] ASS…RAISE (veh_depl_appraisal) | 3 of 3, cached: 1 ✔
[7b/b67d78] ASS…:BAKTA_BAKTA (SemiBin_135) | 3 of 5, cached: 2
✓ Quality assessment completed for veh_depl
WARN: Process `ASSEMBLY_MAGS:CHECKM2_PREDICT` publishDir path contains a variable with a null value
WARN: Process `ASSEMBLY_MAGS:CHECKM2_PARSE` publishDir path contains a variable with a null value

executor >  local (18)
[37/a6cda4] ASS…GS:SINGLEM_PIPE (veh_depl) | 3 of 3, cached: 3 ✔
[2e/0e32b9] ASS…Y_MAGS:TAXBURST (veh_depl) | 3 of 3, cached: 3 ✔
[cf/8ce78c] ASSEMBLY_MAGS:FLYE (veh_depl)  | 3 of 3, cached: 3 ✔
[c1/e4593c] ASS…:MINIMAP2_INDEX (abx_depl) | 3 of 3, cached: 3 ✔
[61/8da2b4] ASS…:MINIMAP2_ALIGN (s4_final) | 3 of 3, cached: 3 ✔
[5e/92d9c6] ASS…S:SAMTOOLS_SORT (veh_depl) | 3 of 3, cached: 1 ✔
[7d/b26856] ASS…MTOOLS_COVERAGE (veh_depl) | 3 of 3 ✔
[1b/22a7c6] ASS…N_SINGLEEASYBIN (veh_depl) | 3 of 3, cached: 1 ✔
[fd/0d5f35] ASS…CHECKM2_PREDICT (veh_depl) | 3 of 3, cached: 1 ✔
[44/67e4b7] ASS…S:CHECKM2_PARSE (veh_depl) | 3 of 3, cached: 1 ✔
[97/4ffc3d] ASS…_PIPE_BINS (veh_depl_bins) | 3 of 3, cached: 1 ✔
[-        ] ASSEMBLY_MAGS:PIGEON           -
[ce/d275c0] ASS…RAISE (veh_depl_appraisal) | 3 of 3, cached: 1 ✔
[7b/b67d78] ASS…:BAKTA_BAKTA (SemiBin_135) | 4 of 5, cached: 2
✓ Bakta annotation completed for SemiBin_135 (94.29% complete)

WARN: Process `ASSEMBLY_MAGS:BAKTA_BAKTA` publishDir path contains a variable with a null value



executor >  local (18)
[37/a6cda4] ASS…GS:SINGLEM_PIPE (veh_depl) | 3 of 3, cached: 3 ✔
[2e/0e32b9] ASS…Y_MAGS:TAXBURST (veh_depl) | 3 of 3, cached: 3 ✔
[cf/8ce78c] ASSEMBLY_MAGS:FLYE (veh_depl)  | 3 of 3, cached: 3 ✔
[c1/e4593c] ASS…:MINIMAP2_INDEX (abx_depl) | 3 of 3, cached: 3 ✔
[61/8da2b4] ASS…:MINIMAP2_ALIGN (s4_final) | 3 of 3, cached: 3 ✔
[5e/92d9c6] ASS…S:SAMTOOLS_SORT (veh_depl) | 3 of 3, cached: 1 ✔
[7d/b26856] ASS…MTOOLS_COVERAGE (veh_depl) | 3 of 3 ✔
[1b/22a7c6] ASS…N_SINGLEEASYBIN (veh_depl) | 3 of 3, cached: 1 ✔
[fd/0d5f35] ASS…CHECKM2_PREDICT (veh_depl) | 3 of 3, cached: 1 ✔
[44/67e4b7] ASS…S:CHECKM2_PARSE (veh_depl) | 3 of 3, cached: 1 ✔
[97/4ffc3d] ASS…_PIPE_BINS (veh_depl_bins) | 3 of 3, cached: 1 ✔
[-        ] ASSEMBLY_MAGS:PIGEON           -
[ce/d275c0] ASS…RAISE (veh_depl_appraisal) | 3 of 3, cached: 1 ✔
[89/3e9b46] ASS…:BAKTA_BAKTA (SemiBin_128) | 5 of 5, cached: 2 ✔
✓ Bakta annotation completed for SemiBin_135 (94.29% complete)
✓ Bakta annotation completed for SemiBin_128 (87.6% complete)
✓ Generated annotations for 5 high-quality bins (≥80% complete)
WARN: Process `ASSEMBLY_MAGS:BAKTA_BAKTA` publishDir path contains a variable with a null value
WARN: Process `ASSEMBLY_MAGS:BAKTA_BAKTA` publishDir path contains a variable with a null value

executor >  local (18)
[37/a6cda4] ASS…GS:SINGLEM_PIPE (veh_depl) | 3 of 3, cached: 3 ✔
[2e/0e32b9] ASS…Y_MAGS:TAXBURST (veh_depl) | 3 of 3, cached: 3 ✔
[cf/8ce78c] ASSEMBLY_MAGS:FLYE (veh_depl)  | 3 of 3, cached: 3 ✔
[c1/e4593c] ASS…:MINIMAP2_INDEX (abx_depl) | 3 of 3, cached: 3 ✔
[61/8da2b4] ASS…:MINIMAP2_ALIGN (s4_final) | 3 of 3, cached: 3 ✔
[5e/92d9c6] ASS…S:SAMTOOLS_SORT (veh_depl) | 3 of 3, cached: 1 ✔
[7d/b26856] ASS…MTOOLS_COVERAGE (veh_depl) | 3 of 3 ✔
[1b/22a7c6] ASS…N_SINGLEEASYBIN (veh_depl) | 3 of 3, cached: 1 ✔
[fd/0d5f35] ASS…CHECKM2_PREDICT (veh_depl) | 3 of 3, cached: 1 ✔
[44/67e4b7] ASS…S:CHECKM2_PARSE (veh_depl) | 3 of 3, cached: 1 ✔
[97/4ffc3d] ASS…_PIPE_BINS (veh_depl_bins) | 3 of 3, cached: 1 ✔
[-        ] ASSEMBLY_MAGS:PIGEON           -
[ce/d275c0] ASS…RAISE (veh_depl_appraisal) | 3 of 3, cached: 1 ✔
[89/3e9b46] ASS…:BAKTA_BAKTA (SemiBin_128) | 5 of 5, cached: 2 ✔
✓ Bakta annotation completed for SemiBin_135 (94.29% complete)
✓ Bakta annotation completed for SemiBin_128 (87.6% complete)
✓ Generated annotations for 5 high-quality bins (≥80% complete)
WARN: Process `ASSEMBLY_MAGS:BAKTA_BAKTA` publishDir path contains a variable with a null value
WARN: Process `ASSEMBLY_MAGS:BAKTA_BAKTA` publishDir path contains a variable with a null value
Completed at: 24-Oct-2025 09:12:27
Duration    : 23m 33s
CPU hours   : 53.4 (79% cached)
Succeeded   : 18
Cached      : 23


