[33mNextflow 25.04.7 is available - Please consider updating your version to it(B[m

 N E X T F L O W   ~  version 25.04.6

Launching `/scratch/am503/SOMAteM/subworkflows/mags_new.nf` [special_swirles] DSL2 - revision: 4cf6037588

[-        ] SOMATEM_MAGS:SINGLEM_PIPE   -
[-        ] SOMATEM_MAGS:TAXBURST       -
[-        ] SOMATEM_MAGS:FLYE           -
[-        ] SOMATEM_MAGS:MINIMAP2_INDEX -
[-        ] SOMATEM_MAGS:MINIMAP2_ALIGN -
[-        ] SOMATEM_MAGS:SAMTOOLS_SORT  -

[-        ] SOMATEM_MAGS:SINGLEM_PIPE      -
[-        ] SOMATEM_MAGS:TAXBURST          -
[-        ] SOMATEM_MAGS:FLYE              -
[-        ] SOMATEM_MAGS:MINIMAP2_INDEX    -
[-        ] SOMATEM_MAGS:MINIMAP2_ALIGN    -
[-        ] SOMATEM_MAGS:SAMTOOLS_SORT     -
[-        ] SOMATEM_MAGS:SAMTOOLS_COVERAGE -
[-        ] SOM…MAGS:SEMIBIN_SINGLEEASYBIN -
[-        ] SOMATEM_MAGS:CHECKM2_PREDICT   -
[-        ] SOMATEM_MAGS:CHECKM2_PARSE     -
[-        ] SOMATEM_MAGS:SINGLEM_PIPE_BINS -
[-        ] SOMATEM_MAGS:SINGLEM_APPRAISE  -
[-        ] SOMATEM_MAGS:BAKTA_BAKTA       -
Processing input file: /scratch/am503/SOMAteM/examples/data/input4mags/abx_depl.fastq.gz -> sample ID: abx_depl
Processing input file: /scratch/am503/SOMAteM/examples/data/input4mags/s4_final.fastq.gz -> sample ID: s4_final
Processing input file: /scratch/am503/SOMAteM/examples/data/input4mags/veh_depl.fastq.gz -> sample ID: veh_depl
Input reads: abx_depl -> /scratch/am503/SOMAteM/examples/data/input4mags/abx_depl.fastq.gz
Input reads: s4_final -> /scratch/am503/SOMAteM/examples/data/input4mags/s4_final.fastq.gz
Input reads: veh_depl -> /scratch/am503/SOMAteM/examples/data/input4mags/veh_depl.fastq.gz
Found 3 input files to process

[94/544df7] SOM…GS:SINGLEM_PIPE (abx_depl) | 3 of 3, cached: 3
[-        ] SOMATEM_MAGS:TAXBURST          -
[c1/1e2ae0] SOMATEM_MAGS:FLYE (s4_final)   | 2 of 2, cached: 2
[68/2c0efb] SOM…EM_MAGS:MINIMAP2_INDEX (1) | 2 of 2, cached: 2
[-        ] SOMATEM_MAGS:MINIMAP2_ALIGN    -
[-        ] SOMATEM_MAGS:SAMTOOLS_SORT     -
[-        ] SOMATEM_MAGS:SAMTOOLS_COVERAGE -
[-        ] SOM…MAGS:SEMIBIN_SINGLEEASYBIN -
[-        ] SOMATEM_MAGS:CHECKM2_PREDICT   -
[-        ] SOMATEM_MAGS:CHECKM2_PARSE     -
[-        ] SOMATEM_MAGS:SINGLEM_PIPE_BINS -
[-        ] SOMATEM_MAGS:SINGLEM_APPRAISE  -
[-        ] SOMATEM_MAGS:BAKTA_BAKTA       -
Processing input file: /scratch/am503/SOMAteM/examples/data/input4mags/abx_depl.fastq.gz -> sample ID: abx_depl
Processing input file: /scratch/am503/SOMAteM/examples/data/input4mags/s4_final.fastq.gz -> sample ID: s4_final
Processing input file: /scratch/am503/SOMAteM/examples/data/input4mags/veh_depl.fastq.gz -> sample ID: veh_depl
Input reads: abx_depl -> /scratch/am503/SOMAteM/examples/data/input4mags/abx_depl.fastq.gz
Input reads: s4_final -> /scratch/am503/SOMAteM/examples/data/input4mags/s4_final.fastq.gz
Input reads: veh_depl -> /scratch/am503/SOMAteM/examples/data/input4mags/veh_depl.fastq.gz
Found 3 input files to process
✓ Assembly completed for veh_depl
✓ Assembly completed for s4_final

[94/544df7] SOM…GS:SINGLEM_PIPE (abx_depl) | 3 of 3, cached: 3 ✔
[a9/771c5b] SOM…M_MAGS:TAXBURST (veh_depl) | 3 of 3, cached: 3 ✔
[5b/d128ce] SOMATEM_MAGS:FLYE (abx_depl)   | 3 of 3, cached: 3 ✔
[3a/cd1119] SOM…EM_MAGS:MINIMAP2_INDEX (3) | 3 of 3, cached: 3 ✔
[f6/919b99] SOM…:MINIMAP2_ALIGN (s4_final) | 2 of 2, cached: 2
[e3/d4d64a] SOM…S:SAMTOOLS_SORT (abx_depl) | 2 of 2, cached: 2
[c8/1d1261] SOM…MTOOLS_COVERAGE (s4_final) | 2 of 2, cached: 2
[-        ] SOM…MAGS:SEMIBIN_SINGLEEASYBIN | 0 of 1
[-        ] SOMATEM_MAGS:CHECKM2_PREDICT   -
[-        ] SOMATEM_MAGS:CHECKM2_PARSE     -
[-        ] SOMATEM_MAGS:SINGLEM_PIPE_BINS -
[-        ] SOMATEM_MAGS:SINGLEM_APPRAISE  -
[-        ] SOMATEM_MAGS:BAKTA_BAKTA       -
Processing input file: /scratch/am503/SOMAteM/examples/data/input4mags/abx_depl.fastq.gz -> sample ID: abx_depl
Processing input file: /scratch/am503/SOMAteM/examples/data/input4mags/s4_final.fastq.gz -> sample ID: s4_final
Processing input file: /scratch/am503/SOMAteM/examples/data/input4mags/veh_depl.fastq.gz -> sample ID: veh_depl
Input reads: abx_depl -> /scratch/am503/SOMAteM/examples/data/input4mags/abx_depl.fastq.gz
Input reads: s4_final -> /scratch/am503/SOMAteM/examples/data/input4mags/s4_final.fastq.gz
Input reads: veh_depl -> /scratch/am503/SOMAteM/examples/data/input4mags/veh_depl.fastq.gz
Found 3 input files to process
✓ Assembly completed for veh_depl
✓ Assembly completed for s4_final
✓ Taxonomic profiling completed for s4_final
✓ Taxonomic profiling completed for abx_depl
✓ Taxonomic profiling completed for veh_depl
✓ Interactive taxonomy visualization created for s4_final
✓ Interactive taxonomy visualization created for abx_depl
✓ Assembly completed for abx_depl
✓ Interactive taxonomy visualization created for veh_depl
✓ Coverage calculated for abx_depl
✓ Coverage calculated for s4_final

executor >  local (3)
[94/544df7] SOM…GS:SINGLEM_PIPE (abx_depl) | 3 of 3, cached: 3 ✔
[a9/771c5b] SOM…M_MAGS:TAXBURST (veh_depl) | 3 of 3, cached: 3 ✔
[5b/d128ce] SOMATEM_MAGS:FLYE (abx_depl)   | 3 of 3, cached: 3 ✔
[3a/cd1119] SOM…EM_MAGS:MINIMAP2_INDEX (3) | 3 of 3, cached: 3 ✔
[1b/230e4b] SOM…:MINIMAP2_ALIGN (veh_depl) | 3 of 3, cached: 3 ✔
[a2/c8affe] SOM…S:SAMTOOLS_SORT (veh_depl) | 3 of 3, cached: 3 ✔
[91/af25c0] SOM…MTOOLS_COVERAGE (veh_depl) | 2 of 3, cached: 2
[be/0b037e] SOM…N_SINGLEEASYBIN (veh_depl) | 1 of 3, cached: 1
[fc/517e62] SOM…CHECKM2_PREDICT (s4_final) | 1 of 1, cached: 1
[f5/da75eb] SOM…S:CHECKM2_PARSE (s4_final) | 1 of 1, cached: 1
[-        ] SOMATEM_MAGS:SINGLEM_PIPE_BINS -
[-        ] SOMATEM_MAGS:SINGLEM_APPRAISE  -
[-        ] SOMATEM_MAGS:BAKTA_BAKTA       -
Processing input file: /scratch/am503/SOMAteM/examples/data/input4mags/abx_depl.fastq.gz -> sample ID: abx_depl
Processing input file: /scratch/am503/SOMAteM/examples/data/input4mags/s4_final.fastq.gz -> sample ID: s4_final
Processing input file: /scratch/am503/SOMAteM/examples/data/input4mags/veh_depl.fastq.gz -> sample ID: veh_depl
Input reads: abx_depl -> /scratch/am503/SOMAteM/examples/data/input4mags/abx_depl.fastq.gz
Input reads: s4_final -> /scratch/am503/SOMAteM/examples/data/input4mags/s4_final.fastq.gz
Input reads: veh_depl -> /scratch/am503/SOMAteM/examples/data/input4mags/veh_depl.fastq.gz
Found 3 input files to process
✓ Assembly completed for veh_depl
✓ Assembly completed for s4_final
✓ Taxonomic profiling completed for s4_final
✓ Taxonomic profiling completed for abx_depl
✓ Taxonomic profiling completed for veh_depl
✓ Interactive taxonomy visualization created for s4_final
✓ Interactive taxonomy visualization created for abx_depl
✓ Assembly completed for abx_depl
✓ Interactive taxonomy visualization created for veh_depl
✓ Coverage calculated for abx_depl
✓ Coverage calculated for s4_final
✓ Binning completed for s4_final: 15 bins
✓ Quality assessment completed for s4_final

executor >  local (4)
[94/544df7] SOM…GS:SINGLEM_PIPE (abx_depl) | 3 of 3, cached: 3 ✔
[a9/771c5b] SOM…M_MAGS:TAXBURST (veh_depl) | 3 of 3, cached: 3 ✔
[5b/d128ce] SOMATEM_MAGS:FLYE (abx_depl)   | 3 of 3, cached: 3 ✔
[3a/cd1119] SOM…EM_MAGS:MINIMAP2_INDEX (3) | 3 of 3, cached: 3 ✔
[1b/230e4b] SOM…:MINIMAP2_ALIGN (veh_depl) | 3 of 3, cached: 3 ✔
[a2/c8affe] SOM…S:SAMTOOLS_SORT (veh_depl) | 3 of 3, cached: 3 ✔
[91/af25c0] SOM…MTOOLS_COVERAGE (veh_depl) | 2 of 3, cached: 2
[be/0b037e] SOM…N_SINGLEEASYBIN (veh_depl) | 1 of 3, cached: 1
[fc/517e62] SOM…CHECKM2_PREDICT (s4_final) | 1 of 1, cached: 1
[f5/da75eb] SOM…S:CHECKM2_PARSE (s4_final) | 1 of 1, cached: 1
[13/dff4d2] SOM…_PIPE_BINS (s4_final_bins) | 1 of 1, cached: 1
[34/206722] SOM…RAISE (s4_final_appraisal) | 1 of 1, cached: 1
[69/fe8880] SOM…S:BAKTA_BAKTA (SemiBin_30) | 0 of 1
Processing input file: /scratch/am503/SOMAteM/examples/data/input4mags/abx_depl.fastq.gz -> sample ID: abx_depl
Processing input file: /scratch/am503/SOMAteM/examples/data/input4mags/s4_final.fastq.gz -> sample ID: s4_final
Processing input file: /scratch/am503/SOMAteM/examples/data/input4mags/veh_depl.fastq.gz -> sample ID: veh_depl
Input reads: abx_depl -> /scratch/am503/SOMAteM/examples/data/input4mags/abx_depl.fastq.gz
Input reads: s4_final -> /scratch/am503/SOMAteM/examples/data/input4mags/s4_final.fastq.gz
Input reads: veh_depl -> /scratch/am503/SOMAteM/examples/data/input4mags/veh_depl.fastq.gz
Found 3 input files to process
✓ Assembly completed for veh_depl
✓ Assembly completed for s4_final
✓ Taxonomic profiling completed for s4_final
✓ Taxonomic profiling completed for abx_depl
✓ Taxonomic profiling completed for veh_depl
✓ Interactive taxonomy visualization created for s4_final
✓ Interactive taxonomy visualization created for abx_depl
✓ Assembly completed for abx_depl
✓ Interactive taxonomy visualization created for veh_depl
✓ Coverage calculated for abx_depl
✓ Coverage calculated for s4_final
✓ Binning completed for s4_final: 15 bins
✓ Quality assessment completed for s4_final
✓ SingleM appraise analysis completed for s4_final_appraisal

executor >  local (4)
[94/544df7] SOM…GS:SINGLEM_PIPE (abx_depl) | 3 of 3, cached: 3 ✔
[a9/771c5b] SOM…M_MAGS:TAXBURST (veh_depl) | 3 of 3, cached: 3 ✔
[5b/d128ce] SOMATEM_MAGS:FLYE (abx_depl)   | 3 of 3, cached: 3 ✔
[3a/cd1119] SOM…EM_MAGS:MINIMAP2_INDEX (3) | 3 of 3, cached: 3 ✔
[1b/230e4b] SOM…:MINIMAP2_ALIGN (veh_depl) | 3 of 3, cached: 3 ✔
[a2/c8affe] SOM…S:SAMTOOLS_SORT (veh_depl) | 3 of 3, cached: 3 ✔
[91/af25c0] SOM…MTOOLS_COVERAGE (veh_depl) | 2 of 3, cached: 2
[be/0b037e] SOM…N_SINGLEEASYBIN (veh_depl) | 1 of 3, cached: 1
[fc/517e62] SOM…CHECKM2_PREDICT (s4_final) | 1 of 1, cached: 1
[f5/da75eb] SOM…S:CHECKM2_PARSE (s4_final) | 1 of 1, cached: 1
[13/dff4d2] SOM…_PIPE_BINS (s4_final_bins) | 1 of 1, cached: 1
[34/206722] SOM…RAISE (s4_final_appraisal) | 1 of 1, cached: 1
[69/fe8880] SOM…S:BAKTA_BAKTA (SemiBin_30) | 0 of 1
Processing input file: /scratch/am503/SOMAteM/examples/data/input4mags/abx_depl.fastq.gz -> sample ID: abx_depl
Processing input file: /scratch/am503/SOMAteM/examples/data/input4mags/s4_final.fastq.gz -> sample ID: s4_final
Processing input file: /scratch/am503/SOMAteM/examples/data/input4mags/veh_depl.fastq.gz -> sample ID: veh_depl
Input reads: abx_depl -> /scratch/am503/SOMAteM/examples/data/input4mags/abx_depl.fastq.gz
Input reads: s4_final -> /scratch/am503/SOMAteM/examples/data/input4mags/s4_final.fastq.gz
Input reads: veh_depl -> /scratch/am503/SOMAteM/examples/data/input4mags/veh_depl.fastq.gz
Found 3 input files to process
✓ Assembly completed for veh_depl
✓ Assembly completed for s4_final
✓ Taxonomic profiling completed for s4_final
✓ Taxonomic profiling completed for abx_depl
✓ Taxonomic profiling completed for veh_depl
✓ Interactive taxonomy visualization created for s4_final
✓ Interactive taxonomy visualization created for abx_depl
✓ Assembly completed for abx_depl
✓ Interactive taxonomy visualization created for veh_depl
✓ Coverage calculated for abx_depl
✓ Coverage calculated for s4_final
✓ Binning completed for s4_final: 15 bins
✓ Quality assessment completed for s4_final
✓ SingleM appraise analysis completed for s4_final_appraisal

executor >  local (4)
[94/544df7] SOM…GS:SINGLEM_PIPE (abx_depl) | 3 of 3, cached: 3 ✔
[a9/771c5b] SOM…M_MAGS:TAXBURST (veh_depl) | 3 of 3, cached: 3 ✔
[5b/d128ce] SOMATEM_MAGS:FLYE (abx_depl)   | 3 of 3, cached: 3 ✔
[3a/cd1119] SOM…EM_MAGS:MINIMAP2_INDEX (3) | 3 of 3, cached: 3 ✔
[1b/230e4b] SOM…:MINIMAP2_ALIGN (veh_depl) | 3 of 3, cached: 3 ✔
[a2/c8affe] SOM…S:SAMTOOLS_SORT (veh_depl) | 3 of 3, cached: 3 ✔
[91/af25c0] SOM…MTOOLS_COVERAGE (veh_depl) | 3 of 3, cached: 2 ✔
[be/0b037e] SOM…N_SINGLEEASYBIN (veh_depl) | 1 of 3, cached: 1
[fc/517e62] SOM…CHECKM2_PREDICT (s4_final) | 1 of 1, cached: 1
[f5/da75eb] SOM…S:CHECKM2_PARSE (s4_final) | 1 of 1, cached: 1
[13/dff4d2] SOM…_PIPE_BINS (s4_final_bins) | 1 of 1, cached: 1
[34/206722] SOM…RAISE (s4_final_appraisal) | 1 of 1, cached: 1
[69/fe8880] SOM…S:BAKTA_BAKTA (SemiBin_30) | 0 of 1
✓ Coverage calculated for veh_depl






















executor >  local (6)
[94/544df7] SOM…GS:SINGLEM_PIPE (abx_depl) | 3 of 3, cached: 3 ✔
[a9/771c5b] SOM…M_MAGS:TAXBURST (veh_depl) | 3 of 3, cached: 3 ✔
[5b/d128ce] SOMATEM_MAGS:FLYE (abx_depl)   | 3 of 3, cached: 3 ✔
[3a/cd1119] SOM…EM_MAGS:MINIMAP2_INDEX (3) | 3 of 3, cached: 3 ✔
[1b/230e4b] SOM…:MINIMAP2_ALIGN (veh_depl) | 3 of 3, cached: 3 ✔
[a2/c8affe] SOM…S:SAMTOOLS_SORT (veh_depl) | 3 of 3, cached: 3 ✔
[91/af25c0] SOM…MTOOLS_COVERAGE (veh_depl) | 3 of 3, cached: 2 ✔
[36/e6133e] SOM…N_SINGLEEASYBIN (abx_depl) | 2 of 3, cached: 1
[19/3d70b5] SOM…CHECKM2_PREDICT (abx_depl) | 1 of 2, cached: 1
[f5/da75eb] SOM…S:CHECKM2_PARSE (s4_final) | 1 of 1, cached: 1
[af/1f29ad] SOM…_PIPE_BINS (abx_depl_bins) | 1 of 2, cached: 1
[34/206722] SOM…RAISE (s4_final_appraisal) | 1 of 1, cached: 1
[69/fe8880] SOM…S:BAKTA_BAKTA (SemiBin_30) | 0 of 1
✓ Binning completed for abx_depl: 74 bins






















executor >  local (6)
[94/544df7] SOM…GS:SINGLEM_PIPE (abx_depl) | 3 of 3, cached: 3 ✔
[a9/771c5b] SOM…M_MAGS:TAXBURST (veh_depl) | 3 of 3, cached: 3 ✔
[5b/d128ce] SOMATEM_MAGS:FLYE (abx_depl)   | 3 of 3, cached: 3 ✔
[3a/cd1119] SOM…EM_MAGS:MINIMAP2_INDEX (3) | 3 of 3, cached: 3 ✔
[1b/230e4b] SOM…:MINIMAP2_ALIGN (veh_depl) | 3 of 3, cached: 3 ✔
[a2/c8affe] SOM…S:SAMTOOLS_SORT (veh_depl) | 3 of 3, cached: 3 ✔
[91/af25c0] SOM…MTOOLS_COVERAGE (veh_depl) | 3 of 3, cached: 2 ✔
[36/e6133e] SOM…N_SINGLEEASYBIN (abx_depl) | 2 of 3, cached: 1
[19/3d70b5] SOM…CHECKM2_PREDICT (abx_depl) | 1 of 2, cached: 1
[f5/da75eb] SOM…S:CHECKM2_PARSE (s4_final) | 1 of 1, cached: 1
[af/1f29ad] SOM…_PIPE_BINS (abx_depl_bins) | 1 of 2, cached: 1
[34/206722] SOM…RAISE (s4_final_appraisal) | 1 of 1, cached: 1
[69/fe8880] SOM…S:BAKTA_BAKTA (SemiBin_30) | 0 of 1
✓ Binning completed for abx_depl: 74 bins


executor >  local (8)
[94/544df7] SOM…GS:SINGLEM_PIPE (abx_depl) | 3 of 3, cached: 3 ✔
[a9/771c5b] SOM…M_MAGS:TAXBURST (veh_depl) | 3 of 3, cached: 3 ✔
[5b/d128ce] SOMATEM_MAGS:FLYE (abx_depl)   | 3 of 3, cached: 3 ✔
[3a/cd1119] SOM…EM_MAGS:MINIMAP2_INDEX (3) | 3 of 3, cached: 3 ✔
[1b/230e4b] SOM…:MINIMAP2_ALIGN (veh_depl) | 3 of 3, cached: 3 ✔
[a2/c8affe] SOM…S:SAMTOOLS_SORT (veh_depl) | 3 of 3, cached: 3 ✔
[91/af25c0] SOM…MTOOLS_COVERAGE (veh_depl) | 3 of 3, cached: 2 ✔
[be/0b037e] SOM…N_SINGLEEASYBIN (veh_depl) | 3 of 3, cached: 1 ✔
[da/90f28b] SOM…CHECKM2_PREDICT (veh_depl) | 1 of 3, cached: 1
[f5/da75eb] SOM…S:CHECKM2_PARSE (s4_final) | 1 of 1, cached: 1
[78/88881f] SOM…_PIPE_BINS (veh_depl_bins) | 1 of 3, cached: 1
[34/206722] SOM…RAISE (s4_final_appraisal) | 1 of 1, cached: 1
[69/fe8880] SOM…S:BAKTA_BAKTA (SemiBin_30) | 0 of 1
✓ Binning completed for veh_depl: 124 bins


executor >  local (8)
[94/544df7] SOM…GS:SINGLEM_PIPE (abx_depl) | 3 of 3, cached: 3 ✔
[a9/771c5b] SOM…M_MAGS:TAXBURST (veh_depl) | 3 of 3, cached: 3 ✔
[5b/d128ce] SOMATEM_MAGS:FLYE (abx_depl)   | 3 of 3, cached: 3 ✔
[3a/cd1119] SOM…EM_MAGS:MINIMAP2_INDEX (3) | 3 of 3, cached: 3 ✔
[1b/230e4b] SOM…:MINIMAP2_ALIGN (veh_depl) | 3 of 3, cached: 3 ✔
[a2/c8affe] SOM…S:SAMTOOLS_SORT (veh_depl) | 3 of 3, cached: 3 ✔
[91/af25c0] SOM…MTOOLS_COVERAGE (veh_depl) | 3 of 3, cached: 2 ✔
[be/0b037e] SOM…N_SINGLEEASYBIN (veh_depl) | 3 of 3, cached: 1 ✔
[da/90f28b] SOM…CHECKM2_PREDICT (veh_depl) | 1 of 3, cached: 1
[f5/da75eb] SOM…S:CHECKM2_PARSE (s4_final) | 1 of 1, cached: 1
[78/88881f] SOM…_PIPE_BINS (veh_depl_bins) | 1 of 3, cached: 1
[34/206722] SOM…RAISE (s4_final_appraisal) | 1 of 1, cached: 1
[69/fe8880] SOM…S:BAKTA_BAKTA (SemiBin_30) | 0 of 1
✓ Binning completed for veh_depl: 124 bins


executor >  local (8)
[94/544df7] SOM…GS:SINGLEM_PIPE (abx_depl) | 3 of 3, cached: 3 ✔
[a9/771c5b] SOM…M_MAGS:TAXBURST (veh_depl) | 3 of 3, cached: 3 ✔
[5b/d128ce] SOMATEM_MAGS:FLYE (abx_depl)   | 3 of 3, cached: 3 ✔
[3a/cd1119] SOM…EM_MAGS:MINIMAP2_INDEX (3) | 3 of 3, cached: 3 ✔
[1b/230e4b] SOM…:MINIMAP2_ALIGN (veh_depl) | 3 of 3, cached: 3 ✔
[a2/c8affe] SOM…S:SAMTOOLS_SORT (veh_depl) | 3 of 3, cached: 3 ✔
[91/af25c0] SOM…MTOOLS_COVERAGE (veh_depl) | 3 of 3, cached: 2 ✔
[be/0b037e] SOM…N_SINGLEEASYBIN (veh_depl) | 3 of 3, cached: 1 ✔
[da/90f28b] SOM…CHECKM2_PREDICT (veh_depl) | 1 of 3, cached: 1
[f5/da75eb] SOM…S:CHECKM2_PARSE (s4_final) | 1 of 1, cached: 1
[78/88881f] SOM…_PIPE_BINS (veh_depl_bins) | 1 of 3, cached: 1
[34/206722] SOM…RAISE (s4_final_appraisal) | 1 of 1, cached: 1
[69/fe8880] SOM…S:BAKTA_BAKTA (SemiBin_30) | 1 of 1
✓ Bakta annotation completed for SemiBin_30 (66.46% complete)


executor >  local (9)
[94/544df7] SOM…GS:SINGLEM_PIPE (abx_depl) | 3 of 3, cached: 3 ✔
[a9/771c5b] SOM…M_MAGS:TAXBURST (veh_depl) | 3 of 3, cached: 3 ✔
[5b/d128ce] SOMATEM_MAGS:FLYE (abx_depl)   | 3 of 3, cached: 3 ✔
[3a/cd1119] SOM…EM_MAGS:MINIMAP2_INDEX (3) | 3 of 3, cached: 3 ✔
[1b/230e4b] SOM…:MINIMAP2_ALIGN (veh_depl) | 3 of 3, cached: 3 ✔
[a2/c8affe] SOM…S:SAMTOOLS_SORT (veh_depl) | 3 of 3, cached: 3 ✔
[91/af25c0] SOM…MTOOLS_COVERAGE (veh_depl) | 3 of 3, cached: 2 ✔
[be/0b037e] SOM…N_SINGLEEASYBIN (veh_depl) | 3 of 3, cached: 1 ✔
[da/90f28b] SOM…CHECKM2_PREDICT (veh_depl) | 1 of 3, cached: 1
[f5/da75eb] SOM…S:CHECKM2_PARSE (s4_final) | 1 of 1, cached: 1
[af/1f29ad] SOM…_PIPE_BINS (abx_depl_bins) | 2 of 3, cached: 1
[c3/ad17bd] SOM…RAISE (abx_depl_appraisal) | 1 of 2, cached: 1
[69/fe8880] SOM…S:BAKTA_BAKTA (SemiBin_30) | 1 of 1



executor >  local (9)
[94/544df7] SOM…GS:SINGLEM_PIPE (abx_depl) | 3 of 3, cached: 3 ✔
[a9/771c5b] SOM…M_MAGS:TAXBURST (veh_depl) | 3 of 3, cached: 3 ✔
[5b/d128ce] SOMATEM_MAGS:FLYE (abx_depl)   | 3 of 3, cached: 3 ✔
[3a/cd1119] SOM…EM_MAGS:MINIMAP2_INDEX (3) | 3 of 3, cached: 3 ✔
[1b/230e4b] SOM…:MINIMAP2_ALIGN (veh_depl) | 3 of 3, cached: 3 ✔
[a2/c8affe] SOM…S:SAMTOOLS_SORT (veh_depl) | 3 of 3, cached: 3 ✔
[91/af25c0] SOM…MTOOLS_COVERAGE (veh_depl) | 3 of 3, cached: 2 ✔
[be/0b037e] SOM…N_SINGLEEASYBIN (veh_depl) | 3 of 3, cached: 1 ✔
[da/90f28b] SOM…CHECKM2_PREDICT (veh_depl) | 1 of 3, cached: 1
[f5/da75eb] SOM…S:CHECKM2_PARSE (s4_final) | 1 of 1, cached: 1
[af/1f29ad] SOM…_PIPE_BINS (abx_depl_bins) | 2 of 3, cached: 1
[c3/ad17bd] SOM…RAISE (abx_depl_appraisal) | 1 of 2, cached: 1
[69/fe8880] SOM…S:BAKTA_BAKTA (SemiBin_30) | 1 of 1


executor >  local (10)
[94/544df7] SOM…GS:SINGLEM_PIPE (abx_depl) | 3 of 3, cached: 3 ✔
[a9/771c5b] SOM…M_MAGS:TAXBURST (veh_depl) | 3 of 3, cached: 3 ✔
[5b/d128ce] SOMATEM_MAGS:FLYE (abx_depl)   | 3 of 3, cached: 3 ✔
[3a/cd1119] SOM…EM_MAGS:MINIMAP2_INDEX (3) | 3 of 3, cached: 3 ✔
[1b/230e4b] SOM…:MINIMAP2_ALIGN (veh_depl) | 3 of 3, cached: 3 ✔
[a2/c8affe] SOM…S:SAMTOOLS_SORT (veh_depl) | 3 of 3, cached: 3 ✔
[91/af25c0] SOM…MTOOLS_COVERAGE (veh_depl) | 3 of 3, cached: 2 ✔
[be/0b037e] SOM…N_SINGLEEASYBIN (veh_depl) | 3 of 3, cached: 1 ✔
[19/3d70b5] SOM…CHECKM2_PREDICT (abx_depl) | 2 of 3, cached: 1
[00/4c802a] SOM…S:CHECKM2_PARSE (abx_depl) | 1 of 2, cached: 1
[af/1f29ad] SOM…_PIPE_BINS (abx_depl_bins) | 2 of 3, cached: 1
[c3/ad17bd] SOM…RAISE (abx_depl_appraisal) | 1 of 2, cached: 1
[69/fe8880] SOM…S:BAKTA_BAKTA (SemiBin_30) | 1 of 1
✓ Quality assessment completed for abx_depl

executor >  local (10)
[94/544df7] SOM…GS:SINGLEM_PIPE (abx_depl) | 3 of 3, cached: 3 ✔
[a9/771c5b] SOM…M_MAGS:TAXBURST (veh_depl) | 3 of 3, cached: 3 ✔
[5b/d128ce] SOMATEM_MAGS:FLYE (abx_depl)   | 3 of 3, cached: 3 ✔
[3a/cd1119] SOM…EM_MAGS:MINIMAP2_INDEX (3) | 3 of 3, cached: 3 ✔
[1b/230e4b] SOM…:MINIMAP2_ALIGN (veh_depl) | 3 of 3, cached: 3 ✔
[a2/c8affe] SOM…S:SAMTOOLS_SORT (veh_depl) | 3 of 3, cached: 3 ✔
[91/af25c0] SOM…MTOOLS_COVERAGE (veh_depl) | 3 of 3, cached: 2 ✔
[be/0b037e] SOM…N_SINGLEEASYBIN (veh_depl) | 3 of 3, cached: 1 ✔
[19/3d70b5] SOM…CHECKM2_PREDICT (abx_depl) | 2 of 3, cached: 1
[00/4c802a] SOM…S:CHECKM2_PARSE (abx_depl) | 1 of 2, cached: 1
[af/1f29ad] SOM…_PIPE_BINS (abx_depl_bins) | 2 of 3, cached: 1
[c3/ad17bd] SOM…RAISE (abx_depl_appraisal) | 2 of 2, cached: 1
[69/fe8880] SOM…S:BAKTA_BAKTA (SemiBin_30) | 1 of 1
✓ Quality assessment completed for abx_depl
✓ SingleM appraise analysis completed for abx_depl_appraisal

executor >  local (14)
[94/544df7] SOM…GS:SINGLEM_PIPE (abx_depl) | 3 of 3, cached: 3 ✔
[a9/771c5b] SOM…M_MAGS:TAXBURST (veh_depl) | 3 of 3, cached: 3 ✔
[5b/d128ce] SOMATEM_MAGS:FLYE (abx_depl)   | 3 of 3, cached: 3 ✔
[3a/cd1119] SOM…EM_MAGS:MINIMAP2_INDEX (3) | 3 of 3, cached: 3 ✔
[1b/230e4b] SOM…:MINIMAP2_ALIGN (veh_depl) | 3 of 3, cached: 3 ✔
[a2/c8affe] SOM…S:SAMTOOLS_SORT (veh_depl) | 3 of 3, cached: 3 ✔
[91/af25c0] SOM…MTOOLS_COVERAGE (veh_depl) | 3 of 3, cached: 2 ✔
[be/0b037e] SOM…N_SINGLEEASYBIN (veh_depl) | 3 of 3, cached: 1 ✔
[19/3d70b5] SOM…CHECKM2_PREDICT (abx_depl) | 2 of 3, cached: 1
[00/4c802a] SOM…S:CHECKM2_PARSE (abx_depl) | 2 of 2, cached: 1
[af/1f29ad] SOM…_PIPE_BINS (abx_depl_bins) | 2 of 3, cached: 1
[c3/ad17bd] SOM…RAISE (abx_depl_appraisal) | 2 of 2, cached: 1
[43/5445c5] SOM…S:BAKTA_BAKTA (SemiBin_22) | 1 of 10
✓ Quality assessment completed for abx_depl
✓ SingleM appraise analysis completed for abx_depl_appraisal

executor >  local (17)
[94/544df7] SOM…GS:SINGLEM_PIPE (abx_depl) | 3 of 3, cached: 3 ✔
[a9/771c5b] SOM…M_MAGS:TAXBURST (veh_depl) | 3 of 3, cached: 3 ✔
[5b/d128ce] SOMATEM_MAGS:FLYE (abx_depl)   | 3 of 3, cached: 3 ✔
[3a/cd1119] SOM…EM_MAGS:MINIMAP2_INDEX (3) | 3 of 3, cached: 3 ✔
[1b/230e4b] SOM…:MINIMAP2_ALIGN (veh_depl) | 3 of 3, cached: 3 ✔
[a2/c8affe] SOM…S:SAMTOOLS_SORT (veh_depl) | 3 of 3, cached: 3 ✔
[91/af25c0] SOM…MTOOLS_COVERAGE (veh_depl) | 3 of 3, cached: 2 ✔
[be/0b037e] SOM…N_SINGLEEASYBIN (veh_depl) | 3 of 3, cached: 1 ✔
[19/3d70b5] SOM…CHECKM2_PREDICT (abx_depl) | 2 of 3, cached: 1
[00/4c802a] SOM…S:CHECKM2_PARSE (abx_depl) | 2 of 2, cached: 1
[af/1f29ad] SOM…_PIPE_BINS (abx_depl_bins) | 2 of 3, cached: 1
[c3/ad17bd] SOM…RAISE (abx_depl_appraisal) | 2 of 2, cached: 1
[2f/bc55be] SOM…GS:BAKTA_BAKTA (SemiBin_1) | 1 of 10
✓ Quality assessment completed for abx_depl
✓ SingleM appraise analysis completed for abx_depl_appraisal

executor >  local (17)
[94/544df7] SOM…GS:SINGLEM_PIPE (abx_depl) | 3 of 3, cached: 3 ✔
[a9/771c5b] SOM…M_MAGS:TAXBURST (veh_depl) | 3 of 3, cached: 3 ✔
[5b/d128ce] SOMATEM_MAGS:FLYE (abx_depl)   | 3 of 3, cached: 3 ✔
[3a/cd1119] SOM…EM_MAGS:MINIMAP2_INDEX (3) | 3 of 3, cached: 3 ✔
[1b/230e4b] SOM…:MINIMAP2_ALIGN (veh_depl) | 3 of 3, cached: 3 ✔
[a2/c8affe] SOM…S:SAMTOOLS_SORT (veh_depl) | 3 of 3, cached: 3 ✔
[91/af25c0] SOM…MTOOLS_COVERAGE (veh_depl) | 3 of 3, cached: 2 ✔
[be/0b037e] SOM…N_SINGLEEASYBIN (veh_depl) | 3 of 3, cached: 1 ✔
[19/3d70b5] SOM…CHECKM2_PREDICT (abx_depl) | 2 of 3, cached: 1
[00/4c802a] SOM…S:CHECKM2_PARSE (abx_depl) | 2 of 2, cached: 1
[78/88881f] SOM…_PIPE_BINS (veh_depl_bins) | 3 of 3, cached: 1 ✔
[c3/ad17bd] SOM…RAISE (abx_depl_appraisal) | 2 of 3, cached: 1
[2f/bc55be] SOM…GS:BAKTA_BAKTA (SemiBin_1) | 1 of 10



executor >  local (18)
[94/544df7] SOM…GS:SINGLEM_PIPE (abx_depl) | 3 of 3, cached: 3 ✔
[a9/771c5b] SOM…M_MAGS:TAXBURST (veh_depl) | 3 of 3, cached: 3 ✔
[5b/d128ce] SOMATEM_MAGS:FLYE (abx_depl)   | 3 of 3, cached: 3 ✔
[3a/cd1119] SOM…EM_MAGS:MINIMAP2_INDEX (3) | 3 of 3, cached: 3 ✔
[1b/230e4b] SOM…:MINIMAP2_ALIGN (veh_depl) | 3 of 3, cached: 3 ✔
[a2/c8affe] SOM…S:SAMTOOLS_SORT (veh_depl) | 3 of 3, cached: 3 ✔
[91/af25c0] SOM…MTOOLS_COVERAGE (veh_depl) | 3 of 3, cached: 2 ✔
[be/0b037e] SOM…N_SINGLEEASYBIN (veh_depl) | 3 of 3, cached: 1 ✔
[19/3d70b5] SOM…CHECKM2_PREDICT (abx_depl) | 2 of 3, cached: 1
[00/4c802a] SOM…S:CHECKM2_PARSE (abx_depl) | 2 of 2, cached: 1
[78/88881f] SOM…_PIPE_BINS (veh_depl_bins) | 3 of 3, cached: 1 ✔
[ff/71cbff] SOM…RAISE (veh_depl_appraisal) | 2 of 3, cached: 1
[2f/bc55be] SOM…GS:BAKTA_BAKTA (SemiBin_1) | 1 of 10



executor >  local (18)
[94/544df7] SOM…GS:SINGLEM_PIPE (abx_depl) | 3 of 3, cached: 3 ✔
[a9/771c5b] SOM…M_MAGS:TAXBURST (veh_depl) | 3 of 3, cached: 3 ✔
[5b/d128ce] SOMATEM_MAGS:FLYE (abx_depl)   | 3 of 3, cached: 3 ✔
[3a/cd1119] SOM…EM_MAGS:MINIMAP2_INDEX (3) | 3 of 3, cached: 3 ✔
[1b/230e4b] SOM…:MINIMAP2_ALIGN (veh_depl) | 3 of 3, cached: 3 ✔
[a2/c8affe] SOM…S:SAMTOOLS_SORT (veh_depl) | 3 of 3, cached: 3 ✔
[91/af25c0] SOM…MTOOLS_COVERAGE (veh_depl) | 3 of 3, cached: 2 ✔
[be/0b037e] SOM…N_SINGLEEASYBIN (veh_depl) | 3 of 3, cached: 1 ✔
[19/3d70b5] SOM…CHECKM2_PREDICT (abx_depl) | 2 of 3, cached: 1
[00/4c802a] SOM…S:CHECKM2_PARSE (abx_depl) | 2 of 2, cached: 1
[78/88881f] SOM…_PIPE_BINS (veh_depl_bins) | 3 of 3, cached: 1 ✔
[ff/71cbff] SOM…RAISE (veh_depl_appraisal) | 3 of 3, cached: 1 ✔
[2f/bc55be] SOM…GS:BAKTA_BAKTA (SemiBin_1) | 1 of 10
✓ SingleM appraise analysis completed for veh_depl_appraisal

executor >  local (19)
[94/544df7] SOM…GS:SINGLEM_PIPE (abx_depl) | 3 of 3, cached: 3 ✔
[a9/771c5b] SOM…M_MAGS:TAXBURST (veh_depl) | 3 of 3, cached: 3 ✔
[5b/d128ce] SOMATEM_MAGS:FLYE (abx_depl)   | 3 of 3, cached: 3 ✔
[3a/cd1119] SOM…EM_MAGS:MINIMAP2_INDEX (3) | 3 of 3, cached: 3 ✔
[1b/230e4b] SOM…:MINIMAP2_ALIGN (veh_depl) | 3 of 3, cached: 3 ✔
[a2/c8affe] SOM…S:SAMTOOLS_SORT (veh_depl) | 3 of 3, cached: 3 ✔
[91/af25c0] SOM…MTOOLS_COVERAGE (veh_depl) | 3 of 3, cached: 2 ✔
[be/0b037e] SOM…N_SINGLEEASYBIN (veh_depl) | 3 of 3, cached: 1 ✔
[da/90f28b] SOM…CHECKM2_PREDICT (veh_depl) | 3 of 3, cached: 1 ✔
[00/4c802a] SOM…S:CHECKM2_PARSE (abx_depl) | 2 of 3, cached: 1
[78/88881f] SOM…_PIPE_BINS (veh_depl_bins) | 3 of 3, cached: 1 ✔
[ff/71cbff] SOM…RAISE (veh_depl_appraisal) | 3 of 3, cached: 1 ✔
[f3/563a3e] SOM…S:BAKTA_BAKTA (SemiBin_44) | 1 of 10
✓ Quality assessment completed for veh_depl


executor >  local (20)
[94/544df7] SOM…GS:SINGLEM_PIPE (abx_depl) | 3 of 3, cached: 3 ✔
[a9/771c5b] SOM…M_MAGS:TAXBURST (veh_depl) | 3 of 3, cached: 3 ✔
[5b/d128ce] SOMATEM_MAGS:FLYE (abx_depl)   | 3 of 3, cached: 3 ✔
[3a/cd1119] SOM…EM_MAGS:MINIMAP2_INDEX (3) | 3 of 3, cached: 3 ✔
[1b/230e4b] SOM…:MINIMAP2_ALIGN (veh_depl) | 3 of 3, cached: 3 ✔
[a2/c8affe] SOM…S:SAMTOOLS_SORT (veh_depl) | 3 of 3, cached: 3 ✔
[91/af25c0] SOM…MTOOLS_COVERAGE (veh_depl) | 3 of 3, cached: 2 ✔
[be/0b037e] SOM…N_SINGLEEASYBIN (veh_depl) | 3 of 3, cached: 1 ✔
[da/90f28b] SOM…CHECKM2_PREDICT (veh_depl) | 3 of 3, cached: 1 ✔
[00/4c802a] SOM…S:CHECKM2_PARSE (abx_depl) | 2 of 3, cached: 1
[78/88881f] SOM…_PIPE_BINS (veh_depl_bins) | 3 of 3, cached: 1 ✔
[ff/71cbff] SOM…RAISE (veh_depl_appraisal) | 3 of 3, cached: 1 ✔
[f0/646e4a] SOM…:BAKTA_BAKTA (SemiBin_203) | 1 of 10
✓ Bakta annotation completed for SemiBin_388 (60.14% complete)


executor >  local (20)
[94/544df7] SOM…GS:SINGLEM_PIPE (abx_depl) | 3 of 3, cached: 3 ✔
[a9/771c5b] SOM…M_MAGS:TAXBURST (veh_depl) | 3 of 3, cached: 3 ✔
[5b/d128ce] SOMATEM_MAGS:FLYE (abx_depl)   | 3 of 3, cached: 3 ✔
[3a/cd1119] SOM…EM_MAGS:MINIMAP2_INDEX (3) | 3 of 3, cached: 3 ✔
[1b/230e4b] SOM…:MINIMAP2_ALIGN (veh_depl) | 3 of 3, cached: 3 ✔
[a2/c8affe] SOM…S:SAMTOOLS_SORT (veh_depl) | 3 of 3, cached: 3 ✔
[91/af25c0] SOM…MTOOLS_COVERAGE (veh_depl) | 3 of 3, cached: 2 ✔
[be/0b037e] SOM…N_SINGLEEASYBIN (veh_depl) | 3 of 3, cached: 1 ✔
[da/90f28b] SOM…CHECKM2_PREDICT (veh_depl) | 3 of 3, cached: 1 ✔
[00/4c802a] SOM…S:CHECKM2_PARSE (abx_depl) | 2 of 3, cached: 1
[78/88881f] SOM…_PIPE_BINS (veh_depl_bins) | 3 of 3, cached: 1 ✔
[ff/71cbff] SOM…RAISE (veh_depl_appraisal) | 3 of 3, cached: 1 ✔
[c8/54f49d] SOM…:BAKTA_BAKTA (SemiBin_388) | 2 of 10
✓ Bakta annotation completed for SemiBin_388 (60.14% complete)


executor >  local (21)
[94/544df7] SOM…GS:SINGLEM_PIPE (abx_depl) | 3 of 3, cached: 3 ✔
[a9/771c5b] SOM…M_MAGS:TAXBURST (veh_depl) | 3 of 3, cached: 3 ✔
[5b/d128ce] SOMATEM_MAGS:FLYE (abx_depl)   | 3 of 3, cached: 3 ✔
[3a/cd1119] SOM…EM_MAGS:MINIMAP2_INDEX (3) | 3 of 3, cached: 3 ✔
[1b/230e4b] SOM…:MINIMAP2_ALIGN (veh_depl) | 3 of 3, cached: 3 ✔
[a2/c8affe] SOM…S:SAMTOOLS_SORT (veh_depl) | 3 of 3, cached: 3 ✔
[91/af25c0] SOM…MTOOLS_COVERAGE (veh_depl) | 3 of 3, cached: 2 ✔
[be/0b037e] SOM…N_SINGLEEASYBIN (veh_depl) | 3 of 3, cached: 1 ✔
[da/90f28b] SOM…CHECKM2_PREDICT (veh_depl) | 3 of 3, cached: 1 ✔
[53/95c7a9] SOM…S:CHECKM2_PARSE (veh_depl) | 2 of 3, cached: 1
[78/88881f] SOM…_PIPE_BINS (veh_depl_bins) | 3 of 3, cached: 1 ✔
[ff/71cbff] SOM…RAISE (veh_depl_appraisal) | 3 of 3, cached: 1 ✔
[93/568145] SOM…S:BAKTA_BAKTA (SemiBin_92) | 3 of 10
✓ Bakta annotation completed for SemiBin_388 (60.14% complete)
✓ Bakta annotation completed for SemiBin_92 (75.06% complete)

executor >  local (22)
[94/544df7] SOM…GS:SINGLEM_PIPE (abx_depl) | 3 of 3, cached: 3 ✔
[a9/771c5b] SOM…M_MAGS:TAXBURST (veh_depl) | 3 of 3, cached: 3 ✔
[5b/d128ce] SOMATEM_MAGS:FLYE (abx_depl)   | 3 of 3, cached: 3 ✔
[3a/cd1119] SOM…EM_MAGS:MINIMAP2_INDEX (3) | 3 of 3, cached: 3 ✔
[1b/230e4b] SOM…:MINIMAP2_ALIGN (veh_depl) | 3 of 3, cached: 3 ✔
[a2/c8affe] SOM…S:SAMTOOLS_SORT (veh_depl) | 3 of 3, cached: 3 ✔
[91/af25c0] SOM…MTOOLS_COVERAGE (veh_depl) | 3 of 3, cached: 2 ✔
[be/0b037e] SOM…N_SINGLEEASYBIN (veh_depl) | 3 of 3, cached: 1 ✔
[da/90f28b] SOM…CHECKM2_PREDICT (veh_depl) | 3 of 3, cached: 1 ✔
[53/95c7a9] SOM…S:CHECKM2_PARSE (veh_depl) | 3 of 3, cached: 1 ✔
[78/88881f] SOM…_PIPE_BINS (veh_depl_bins) | 3 of 3, cached: 1 ✔
[ff/71cbff] SOM…RAISE (veh_depl_appraisal) | 3 of 3, cached: 1 ✔
[d7/015e10] SOM…S:BAKTA_BAKTA (SemiBin_11) | 3 of 18
✓ Bakta annotation completed for SemiBin_92 (75.06% complete)


executor >  local (23)
[94/544df7] SOM…GS:SINGLEM_PIPE (abx_depl) | 3 of 3, cached: 3 ✔
[a9/771c5b] SOM…M_MAGS:TAXBURST (veh_depl) | 3 of 3, cached: 3 ✔
[5b/d128ce] SOMATEM_MAGS:FLYE (abx_depl)   | 3 of 3, cached: 3 ✔
[3a/cd1119] SOM…EM_MAGS:MINIMAP2_INDEX (3) | 3 of 3, cached: 3 ✔
[1b/230e4b] SOM…:MINIMAP2_ALIGN (veh_depl) | 3 of 3, cached: 3 ✔
[a2/c8affe] SOM…S:SAMTOOLS_SORT (veh_depl) | 3 of 3, cached: 3 ✔
[91/af25c0] SOM…MTOOLS_COVERAGE (veh_depl) | 3 of 3, cached: 2 ✔
[be/0b037e] SOM…N_SINGLEEASYBIN (veh_depl) | 3 of 3, cached: 1 ✔
[da/90f28b] SOM…CHECKM2_PREDICT (veh_depl) | 3 of 3, cached: 1 ✔
[53/95c7a9] SOM…S:CHECKM2_PARSE (veh_depl) | 3 of 3, cached: 1 ✔
[78/88881f] SOM…_PIPE_BINS (veh_depl_bins) | 3 of 3, cached: 1 ✔
[ff/71cbff] SOM…RAISE (veh_depl_appraisal) | 3 of 3, cached: 1 ✔
[c3/03248d] SOM…S:BAKTA_BAKTA (SemiBin_28) | 3 of 18
✓ Bakta annotation completed for SemiBin_92 (75.06% complete)
✓ Bakta annotation completed for SemiBin_240 (62.9% complete)

executor >  local (23)
[94/544df7] SOM…GS:SINGLEM_PIPE (abx_depl) | 3 of 3, cached: 3 ✔
[a9/771c5b] SOM…M_MAGS:TAXBURST (veh_depl) | 3 of 3, cached: 3 ✔
[5b/d128ce] SOMATEM_MAGS:FLYE (abx_depl)   | 3 of 3, cached: 3 ✔
[3a/cd1119] SOM…EM_MAGS:MINIMAP2_INDEX (3) | 3 of 3, cached: 3 ✔
[1b/230e4b] SOM…:MINIMAP2_ALIGN (veh_depl) | 3 of 3, cached: 3 ✔
[a2/c8affe] SOM…S:SAMTOOLS_SORT (veh_depl) | 3 of 3, cached: 3 ✔
[91/af25c0] SOM…MTOOLS_COVERAGE (veh_depl) | 3 of 3, cached: 2 ✔
[be/0b037e] SOM…N_SINGLEEASYBIN (veh_depl) | 3 of 3, cached: 1 ✔
[da/90f28b] SOM…CHECKM2_PREDICT (veh_depl) | 3 of 3, cached: 1 ✔
[53/95c7a9] SOM…S:CHECKM2_PARSE (veh_depl) | 3 of 3, cached: 1 ✔
[78/88881f] SOM…_PIPE_BINS (veh_depl_bins) | 3 of 3, cached: 1 ✔
[ff/71cbff] SOM…RAISE (veh_depl_appraisal) | 3 of 3, cached: 1 ✔
[ac/0a43c0] SOM…:BAKTA_BAKTA (SemiBin_240) | 4 of 18
✓ Bakta annotation completed for SemiBin_92 (75.06% complete)
✓ Bakta annotation completed for SemiBin_240 (62.9% complete)

executor >  local (24)
[94/544df7] SOM…GS:SINGLEM_PIPE (abx_depl) | 3 of 3, cached: 3 ✔
[a9/771c5b] SOM…M_MAGS:TAXBURST (veh_depl) | 3 of 3, cached: 3 ✔
[5b/d128ce] SOMATEM_MAGS:FLYE (abx_depl)   | 3 of 3, cached: 3 ✔
[3a/cd1119] SOM…EM_MAGS:MINIMAP2_INDEX (3) | 3 of 3, cached: 3 ✔
[1b/230e4b] SOM…:MINIMAP2_ALIGN (veh_depl) | 3 of 3, cached: 3 ✔
[a2/c8affe] SOM…S:SAMTOOLS_SORT (veh_depl) | 3 of 3, cached: 3 ✔
[91/af25c0] SOM…MTOOLS_COVERAGE (veh_depl) | 3 of 3, cached: 2 ✔
[be/0b037e] SOM…N_SINGLEEASYBIN (veh_depl) | 3 of 3, cached: 1 ✔
[da/90f28b] SOM…CHECKM2_PREDICT (veh_depl) | 3 of 3, cached: 1 ✔
[53/95c7a9] SOM…S:CHECKM2_PARSE (veh_depl) | 3 of 3, cached: 1 ✔
[78/88881f] SOM…_PIPE_BINS (veh_depl_bins) | 3 of 3, cached: 1 ✔
[ff/71cbff] SOM…RAISE (veh_depl_appraisal) | 3 of 3, cached: 1 ✔
[d1/a83194] SOM…:BAKTA_BAKTA (SemiBin_114) | 5 of 18
✓ Bakta annotation completed for SemiBin_240 (62.9% complete)
✓ Bakta annotation completed for SemiBin_114 (63.93% complete)


executor >  local (25)
[94/544df7] SOM…GS:SINGLEM_PIPE (abx_depl) | 3 of 3, cached: 3 ✔
[a9/771c5b] SOM…M_MAGS:TAXBURST (veh_depl) | 3 of 3, cached: 3 ✔
[5b/d128ce] SOMATEM_MAGS:FLYE (abx_depl)   | 3 of 3, cached: 3 ✔
[3a/cd1119] SOM…EM_MAGS:MINIMAP2_INDEX (3) | 3 of 3, cached: 3 ✔
[1b/230e4b] SOM…:MINIMAP2_ALIGN (veh_depl) | 3 of 3, cached: 3 ✔
[a2/c8affe] SOM…S:SAMTOOLS_SORT (veh_depl) | 3 of 3, cached: 3 ✔
[91/af25c0] SOM…MTOOLS_COVERAGE (veh_depl) | 3 of 3, cached: 2 ✔
[be/0b037e] SOM…N_SINGLEEASYBIN (veh_depl) | 3 of 3, cached: 1 ✔
[da/90f28b] SOM…CHECKM2_PREDICT (veh_depl) | 3 of 3, cached: 1 ✔
[53/95c7a9] SOM…S:CHECKM2_PARSE (veh_depl) | 3 of 3, cached: 1 ✔
[78/88881f] SOM…_PIPE_BINS (veh_depl_bins) | 3 of 3, cached: 1 ✔
[ff/71cbff] SOM…RAISE (veh_depl_appraisal) | 3 of 3, cached: 1 ✔
[ce/5c6b97] SOM…S:BAKTA_BAKTA (SemiBin_69) | 6 of 18
✓ Bakta annotation completed for SemiBin_114 (63.93% complete)
✓ Bakta annotation completed for SemiBin_69 (65.28% complete)


executor >  local (26)
[94/544df7] SOM…GS:SINGLEM_PIPE (abx_depl) | 3 of 3, cached: 3 ✔
[a9/771c5b] SOM…M_MAGS:TAXBURST (veh_depl) | 3 of 3, cached: 3 ✔
[5b/d128ce] SOMATEM_MAGS:FLYE (abx_depl)   | 3 of 3, cached: 3 ✔
[3a/cd1119] SOM…EM_MAGS:MINIMAP2_INDEX (3) | 3 of 3, cached: 3 ✔
[1b/230e4b] SOM…:MINIMAP2_ALIGN (veh_depl) | 3 of 3, cached: 3 ✔
[a2/c8affe] SOM…S:SAMTOOLS_SORT (veh_depl) | 3 of 3, cached: 3 ✔
[91/af25c0] SOM…MTOOLS_COVERAGE (veh_depl) | 3 of 3, cached: 2 ✔
[be/0b037e] SOM…N_SINGLEEASYBIN (veh_depl) | 3 of 3, cached: 1 ✔
[da/90f28b] SOM…CHECKM2_PREDICT (veh_depl) | 3 of 3, cached: 1 ✔
[53/95c7a9] SOM…S:CHECKM2_PARSE (veh_depl) | 3 of 3, cached: 1 ✔
[78/88881f] SOM…_PIPE_BINS (veh_depl_bins) | 3 of 3, cached: 1 ✔
[ff/71cbff] SOM…RAISE (veh_depl_appraisal) | 3 of 3, cached: 1 ✔
[2f/bc55be] SOM…GS:BAKTA_BAKTA (SemiBin_1) | 7 of 18
✓ Bakta annotation completed for SemiBin_1 (61.17% complete)



executor >  local (27)
[94/544df7] SOM…GS:SINGLEM_PIPE (abx_depl) | 3 of 3, cached: 3 ✔
[a9/771c5b] SOM…M_MAGS:TAXBURST (veh_depl) | 3 of 3, cached: 3 ✔
[5b/d128ce] SOMATEM_MAGS:FLYE (abx_depl)   | 3 of 3, cached: 3 ✔
[3a/cd1119] SOM…EM_MAGS:MINIMAP2_INDEX (3) | 3 of 3, cached: 3 ✔
[1b/230e4b] SOM…:MINIMAP2_ALIGN (veh_depl) | 3 of 3, cached: 3 ✔
[a2/c8affe] SOM…S:SAMTOOLS_SORT (veh_depl) | 3 of 3, cached: 3 ✔
[91/af25c0] SOM…MTOOLS_COVERAGE (veh_depl) | 3 of 3, cached: 2 ✔
[be/0b037e] SOM…N_SINGLEEASYBIN (veh_depl) | 3 of 3, cached: 1 ✔
[da/90f28b] SOM…CHECKM2_PREDICT (veh_depl) | 3 of 3, cached: 1 ✔
[53/95c7a9] SOM…S:CHECKM2_PARSE (veh_depl) | 3 of 3, cached: 1 ✔
[78/88881f] SOM…_PIPE_BINS (veh_depl_bins) | 3 of 3, cached: 1 ✔
[ff/71cbff] SOM…RAISE (veh_depl_appraisal) | 3 of 3, cached: 1 ✔
[45/f33e7a] SOM…:BAKTA_BAKTA (SemiBin_450) | 7 of 18
✓ Bakta annotation completed for SemiBin_22 (96.18% complete)



executor >  local (27)
[94/544df7] SOM…GS:SINGLEM_PIPE (abx_depl) | 3 of 3, cached: 3 ✔
[a9/771c5b] SOM…M_MAGS:TAXBURST (veh_depl) | 3 of 3, cached: 3 ✔
[5b/d128ce] SOMATEM_MAGS:FLYE (abx_depl)   | 3 of 3, cached: 3 ✔
[3a/cd1119] SOM…EM_MAGS:MINIMAP2_INDEX (3) | 3 of 3, cached: 3 ✔
[1b/230e4b] SOM…:MINIMAP2_ALIGN (veh_depl) | 3 of 3, cached: 3 ✔
[a2/c8affe] SOM…S:SAMTOOLS_SORT (veh_depl) | 3 of 3, cached: 3 ✔
[91/af25c0] SOM…MTOOLS_COVERAGE (veh_depl) | 3 of 3, cached: 2 ✔
[be/0b037e] SOM…N_SINGLEEASYBIN (veh_depl) | 3 of 3, cached: 1 ✔
[da/90f28b] SOM…CHECKM2_PREDICT (veh_depl) | 3 of 3, cached: 1 ✔
[53/95c7a9] SOM…S:CHECKM2_PARSE (veh_depl) | 3 of 3, cached: 1 ✔
[78/88881f] SOM…_PIPE_BINS (veh_depl_bins) | 3 of 3, cached: 1 ✔
[ff/71cbff] SOM…RAISE (veh_depl_appraisal) | 3 of 3, cached: 1 ✔
[43/5445c5] SOM…S:BAKTA_BAKTA (SemiBin_22) | 8 of 18
✓ Bakta annotation completed for SemiBin_22 (96.18% complete)


executor >  local (28)
[94/544df7] SOM…GS:SINGLEM_PIPE (abx_depl) | 3 of 3, cached: 3 ✔
[a9/771c5b] SOM…M_MAGS:TAXBURST (veh_depl) | 3 of 3, cached: 3 ✔
[5b/d128ce] SOMATEM_MAGS:FLYE (abx_depl)   | 3 of 3, cached: 3 ✔
[3a/cd1119] SOM…EM_MAGS:MINIMAP2_INDEX (3) | 3 of 3, cached: 3 ✔
[1b/230e4b] SOM…:MINIMAP2_ALIGN (veh_depl) | 3 of 3, cached: 3 ✔
[a2/c8affe] SOM…S:SAMTOOLS_SORT (veh_depl) | 3 of 3, cached: 3 ✔
[91/af25c0] SOM…MTOOLS_COVERAGE (veh_depl) | 3 of 3, cached: 2 ✔
[be/0b037e] SOM…N_SINGLEEASYBIN (veh_depl) | 3 of 3, cached: 1 ✔
[da/90f28b] SOM…CHECKM2_PREDICT (veh_depl) | 3 of 3, cached: 1 ✔
[53/95c7a9] SOM…S:CHECKM2_PARSE (veh_depl) | 3 of 3, cached: 1 ✔
[78/88881f] SOM…_PIPE_BINS (veh_depl_bins) | 3 of 3, cached: 1 ✔
[ff/71cbff] SOM…RAISE (veh_depl_appraisal) | 3 of 3, cached: 1 ✔
[f3/563a3e] SOM…S:BAKTA_BAKTA (SemiBin_44) | 9 of 18
✓ Bakta annotation completed for SemiBin_22 (96.18% complete)
✓ Bakta annotation completed for SemiBin_44 (62.45% complete)

executor >  local (28)
[94/544df7] SOM…GS:SINGLEM_PIPE (abx_depl) | 3 of 3, cached: 3 ✔
[a9/771c5b] SOM…M_MAGS:TAXBURST (veh_depl) | 3 of 3, cached: 3 ✔
[5b/d128ce] SOMATEM_MAGS:FLYE (abx_depl)   | 3 of 3, cached: 3 ✔
[3a/cd1119] SOM…EM_MAGS:MINIMAP2_INDEX (3) | 3 of 3, cached: 3 ✔
[1b/230e4b] SOM…:MINIMAP2_ALIGN (veh_depl) | 3 of 3, cached: 3 ✔
[a2/c8affe] SOM…S:SAMTOOLS_SORT (veh_depl) | 3 of 3, cached: 3 ✔
[91/af25c0] SOM…MTOOLS_COVERAGE (veh_depl) | 3 of 3, cached: 2 ✔
[be/0b037e] SOM…N_SINGLEEASYBIN (veh_depl) | 3 of 3, cached: 1 ✔
[da/90f28b] SOM…CHECKM2_PREDICT (veh_depl) | 3 of 3, cached: 1 ✔
[53/95c7a9] SOM…S:CHECKM2_PARSE (veh_depl) | 3 of 3, cached: 1 ✔
[78/88881f] SOM…_PIPE_BINS (veh_depl_bins) | 3 of 3, cached: 1 ✔
[ff/71cbff] SOM…RAISE (veh_depl_appraisal) | 3 of 3, cached: 1 ✔
[f3/563a3e] SOM…S:BAKTA_BAKTA (SemiBin_44) | 9 of 18
✓ Bakta annotation completed for SemiBin_22 (96.18% complete)
✓ Bakta annotation completed for SemiBin_44 (62.45% complete)

executor >  local (29)
[94/544df7] SOM…GS:SINGLEM_PIPE (abx_depl) | 3 of 3, cached: 3 ✔
[a9/771c5b] SOM…M_MAGS:TAXBURST (veh_depl) | 3 of 3, cached: 3 ✔
[5b/d128ce] SOMATEM_MAGS:FLYE (abx_depl)   | 3 of 3, cached: 3 ✔
[3a/cd1119] SOM…EM_MAGS:MINIMAP2_INDEX (3) | 3 of 3, cached: 3 ✔
[1b/230e4b] SOM…:MINIMAP2_ALIGN (veh_depl) | 3 of 3, cached: 3 ✔
[a2/c8affe] SOM…S:SAMTOOLS_SORT (veh_depl) | 3 of 3, cached: 3 ✔
[91/af25c0] SOM…MTOOLS_COVERAGE (veh_depl) | 3 of 3, cached: 2 ✔
[be/0b037e] SOM…N_SINGLEEASYBIN (veh_depl) | 3 of 3, cached: 1 ✔
[da/90f28b] SOM…CHECKM2_PREDICT (veh_depl) | 3 of 3, cached: 1 ✔
[53/95c7a9] SOM…S:CHECKM2_PARSE (veh_depl) | 3 of 3, cached: 1 ✔
[78/88881f] SOM…_PIPE_BINS (veh_depl_bins) | 3 of 3, cached: 1 ✔
[ff/71cbff] SOM…RAISE (veh_depl_appraisal) | 3 of 3, cached: 1 ✔
[f0/646e4a] SOM…:BAKTA_BAKTA (SemiBin_203) | 10 of 18
✓ Bakta annotation completed for SemiBin_203 (84.37% complete)



executor >  local (29)
[94/544df7] SOM…GS:SINGLEM_PIPE (abx_depl) | 3 of 3, cached: 3 ✔
[a9/771c5b] SOM…M_MAGS:TAXBURST (veh_depl) | 3 of 3, cached: 3 ✔
[5b/d128ce] SOMATEM_MAGS:FLYE (abx_depl)   | 3 of 3, cached: 3 ✔
[3a/cd1119] SOM…EM_MAGS:MINIMAP2_INDEX (3) | 3 of 3, cached: 3 ✔
[1b/230e4b] SOM…:MINIMAP2_ALIGN (veh_depl) | 3 of 3, cached: 3 ✔
[a2/c8affe] SOM…S:SAMTOOLS_SORT (veh_depl) | 3 of 3, cached: 3 ✔
[91/af25c0] SOM…MTOOLS_COVERAGE (veh_depl) | 3 of 3, cached: 2 ✔
[be/0b037e] SOM…N_SINGLEEASYBIN (veh_depl) | 3 of 3, cached: 1 ✔
[da/90f28b] SOM…CHECKM2_PREDICT (veh_depl) | 3 of 3, cached: 1 ✔
[53/95c7a9] SOM…S:CHECKM2_PARSE (veh_depl) | 3 of 3, cached: 1 ✔
[78/88881f] SOM…_PIPE_BINS (veh_depl_bins) | 3 of 3, cached: 1 ✔
[ff/71cbff] SOM…RAISE (veh_depl_appraisal) | 3 of 3, cached: 1 ✔
[c3/03248d] SOM…S:BAKTA_BAKTA (SemiBin_28) | 11 of 18
✓ Bakta annotation completed for SemiBin_28 (54.32% complete)



executor >  local (29)
[94/544df7] SOM…GS:SINGLEM_PIPE (abx_depl) | 3 of 3, cached: 3 ✔
[a9/771c5b] SOM…M_MAGS:TAXBURST (veh_depl) | 3 of 3, cached: 3 ✔
[5b/d128ce] SOMATEM_MAGS:FLYE (abx_depl)   | 3 of 3, cached: 3 ✔
[3a/cd1119] SOM…EM_MAGS:MINIMAP2_INDEX (3) | 3 of 3, cached: 3 ✔
[1b/230e4b] SOM…:MINIMAP2_ALIGN (veh_depl) | 3 of 3, cached: 3 ✔
[a2/c8affe] SOM…S:SAMTOOLS_SORT (veh_depl) | 3 of 3, cached: 3 ✔
[91/af25c0] SOM…MTOOLS_COVERAGE (veh_depl) | 3 of 3, cached: 2 ✔
[be/0b037e] SOM…N_SINGLEEASYBIN (veh_depl) | 3 of 3, cached: 1 ✔
[da/90f28b] SOM…CHECKM2_PREDICT (veh_depl) | 3 of 3, cached: 1 ✔
[53/95c7a9] SOM…S:CHECKM2_PARSE (veh_depl) | 3 of 3, cached: 1 ✔
[78/88881f] SOM…_PIPE_BINS (veh_depl_bins) | 3 of 3, cached: 1 ✔
[ff/71cbff] SOM…RAISE (veh_depl_appraisal) | 3 of 3, cached: 1 ✔
[6a/729157] SOM…:BAKTA_BAKTA (SemiBin_339) | 12 of 18
✓ Bakta annotation completed for SemiBin_339 (52.93% complete)


executor >  local (29)
[94/544df7] SOM…GS:SINGLEM_PIPE (abx_depl) | 3 of 3, cached: 3 ✔
[a9/771c5b] SOM…M_MAGS:TAXBURST (veh_depl) | 3 of 3, cached: 3 ✔
[5b/d128ce] SOMATEM_MAGS:FLYE (abx_depl)   | 3 of 3, cached: 3 ✔
[3a/cd1119] SOM…EM_MAGS:MINIMAP2_INDEX (3) | 3 of 3, cached: 3 ✔
[1b/230e4b] SOM…:MINIMAP2_ALIGN (veh_depl) | 3 of 3, cached: 3 ✔
[a2/c8affe] SOM…S:SAMTOOLS_SORT (veh_depl) | 3 of 3, cached: 3 ✔
[91/af25c0] SOM…MTOOLS_COVERAGE (veh_depl) | 3 of 3, cached: 2 ✔
[be/0b037e] SOM…N_SINGLEEASYBIN (veh_depl) | 3 of 3, cached: 1 ✔
[da/90f28b] SOM…CHECKM2_PREDICT (veh_depl) | 3 of 3, cached: 1 ✔
[53/95c7a9] SOM…S:CHECKM2_PARSE (veh_depl) | 3 of 3, cached: 1 ✔
[78/88881f] SOM…_PIPE_BINS (veh_depl_bins) | 3 of 3, cached: 1 ✔
[ff/71cbff] SOM…RAISE (veh_depl_appraisal) | 3 of 3, cached: 1 ✔
[d7/015e10] SOM…S:BAKTA_BAKTA (SemiBin_11) | 13 of 18
✓ Bakta annotation completed for SemiBin_11 (50.09% complete)


executor >  local (29)
[94/544df7] SOM…GS:SINGLEM_PIPE (abx_depl) | 3 of 3, cached: 3 ✔
[a9/771c5b] SOM…M_MAGS:TAXBURST (veh_depl) | 3 of 3, cached: 3 ✔
[5b/d128ce] SOMATEM_MAGS:FLYE (abx_depl)   | 3 of 3, cached: 3 ✔
[3a/cd1119] SOM…EM_MAGS:MINIMAP2_INDEX (3) | 3 of 3, cached: 3 ✔
[1b/230e4b] SOM…:MINIMAP2_ALIGN (veh_depl) | 3 of 3, cached: 3 ✔
[a2/c8affe] SOM…S:SAMTOOLS_SORT (veh_depl) | 3 of 3, cached: 3 ✔
[91/af25c0] SOM…MTOOLS_COVERAGE (veh_depl) | 3 of 3, cached: 2 ✔
[be/0b037e] SOM…N_SINGLEEASYBIN (veh_depl) | 3 of 3, cached: 1 ✔
[da/90f28b] SOM…CHECKM2_PREDICT (veh_depl) | 3 of 3, cached: 1 ✔
[53/95c7a9] SOM…S:CHECKM2_PARSE (veh_depl) | 3 of 3, cached: 1 ✔
[78/88881f] SOM…_PIPE_BINS (veh_depl_bins) | 3 of 3, cached: 1 ✔
[ff/71cbff] SOM…RAISE (veh_depl_appraisal) | 3 of 3, cached: 1 ✔
[45/f33e7a] SOM…:BAKTA_BAKTA (SemiBin_450) | 14 of 18
✓ Bakta annotation completed for SemiBin_11 (50.09% complete)
✓ Bakta annotation completed for SemiBin_450 (60.66% complete)

executor >  local (29)
[94/544df7] SOM…GS:SINGLEM_PIPE (abx_depl) | 3 of 3, cached: 3 ✔
[a9/771c5b] SOM…M_MAGS:TAXBURST (veh_depl) | 3 of 3, cached: 3 ✔
[5b/d128ce] SOMATEM_MAGS:FLYE (abx_depl)   | 3 of 3, cached: 3 ✔
[3a/cd1119] SOM…EM_MAGS:MINIMAP2_INDEX (3) | 3 of 3, cached: 3 ✔
[1b/230e4b] SOM…:MINIMAP2_ALIGN (veh_depl) | 3 of 3, cached: 3 ✔
[a2/c8affe] SOM…S:SAMTOOLS_SORT (veh_depl) | 3 of 3, cached: 3 ✔
[91/af25c0] SOM…MTOOLS_COVERAGE (veh_depl) | 3 of 3, cached: 2 ✔
[be/0b037e] SOM…N_SINGLEEASYBIN (veh_depl) | 3 of 3, cached: 1 ✔
[da/90f28b] SOM…CHECKM2_PREDICT (veh_depl) | 3 of 3, cached: 1 ✔
[53/95c7a9] SOM…S:CHECKM2_PARSE (veh_depl) | 3 of 3, cached: 1 ✔
[78/88881f] SOM…_PIPE_BINS (veh_depl_bins) | 3 of 3, cached: 1 ✔
[ff/71cbff] SOM…RAISE (veh_depl_appraisal) | 3 of 3, cached: 1 ✔
[29/36e730] SOM…S:BAKTA_BAKTA (SemiBin_95) | 15 of 18
✓ Bakta annotation completed for SemiBin_11 (50.09% complete)
✓ Bakta annotation completed for SemiBin_450 (60.66% complete)
✓ Bakta annotation completed for SemiBin_95 (53.38% complete)

executor >  local (29)
[94/544df7] SOM…GS:SINGLEM_PIPE (abx_depl) | 3 of 3, cached: 3 ✔
[a9/771c5b] SOM…M_MAGS:TAXBURST (veh_depl) | 3 of 3, cached: 3 ✔
[5b/d128ce] SOMATEM_MAGS:FLYE (abx_depl)   | 3 of 3, cached: 3 ✔
[3a/cd1119] SOM…EM_MAGS:MINIMAP2_INDEX (3) | 3 of 3, cached: 3 ✔
[1b/230e4b] SOM…:MINIMAP2_ALIGN (veh_depl) | 3 of 3, cached: 3 ✔
[a2/c8affe] SOM…S:SAMTOOLS_SORT (veh_depl) | 3 of 3, cached: 3 ✔
[91/af25c0] SOM…MTOOLS_COVERAGE (veh_depl) | 3 of 3, cached: 2 ✔
[be/0b037e] SOM…N_SINGLEEASYBIN (veh_depl) | 3 of 3, cached: 1 ✔
[da/90f28b] SOM…CHECKM2_PREDICT (veh_depl) | 3 of 3, cached: 1 ✔
[53/95c7a9] SOM…S:CHECKM2_PARSE (veh_depl) | 3 of 3, cached: 1 ✔
[78/88881f] SOM…_PIPE_BINS (veh_depl_bins) | 3 of 3, cached: 1 ✔
[ff/71cbff] SOM…RAISE (veh_depl_appraisal) | 3 of 3, cached: 1 ✔
[71/60d5c1] SOM…S:BAKTA_BAKTA (SemiBin_99) | 16 of 18
✓ Bakta annotation completed for SemiBin_450 (60.66% complete)
✓ Bakta annotation completed for SemiBin_95 (53.38% complete)
✓ Bakta annotation completed for SemiBin_99 (88.96% complete)


executor >  local (29)
[94/544df7] SOM…GS:SINGLEM_PIPE (abx_depl) | 3 of 3, cached: 3 ✔
[a9/771c5b] SOM…M_MAGS:TAXBURST (veh_depl) | 3 of 3, cached: 3 ✔
[5b/d128ce] SOMATEM_MAGS:FLYE (abx_depl)   | 3 of 3, cached: 3 ✔
[3a/cd1119] SOM…EM_MAGS:MINIMAP2_INDEX (3) | 3 of 3, cached: 3 ✔
[1b/230e4b] SOM…:MINIMAP2_ALIGN (veh_depl) | 3 of 3, cached: 3 ✔
[a2/c8affe] SOM…S:SAMTOOLS_SORT (veh_depl) | 3 of 3, cached: 3 ✔
[91/af25c0] SOM…MTOOLS_COVERAGE (veh_depl) | 3 of 3, cached: 2 ✔
[be/0b037e] SOM…N_SINGLEEASYBIN (veh_depl) | 3 of 3, cached: 1 ✔
[da/90f28b] SOM…CHECKM2_PREDICT (veh_depl) | 3 of 3, cached: 1 ✔
[53/95c7a9] SOM…S:CHECKM2_PARSE (veh_depl) | 3 of 3, cached: 1 ✔
[78/88881f] SOM…_PIPE_BINS (veh_depl_bins) | 3 of 3, cached: 1 ✔
[ff/71cbff] SOM…RAISE (veh_depl_appraisal) | 3 of 3, cached: 1 ✔
[24/e4fbeb] SOM…:BAKTA_BAKTA (SemiBin_266) | 17 of 18
✓ Bakta annotation completed for SemiBin_266 (63.57% complete)




executor >  local (29)
[94/544df7] SOM…GS:SINGLEM_PIPE (abx_depl) | 3 of 3, cached: 3 ✔
[a9/771c5b] SOM…M_MAGS:TAXBURST (veh_depl) | 3 of 3, cached: 3 ✔
[5b/d128ce] SOMATEM_MAGS:FLYE (abx_depl)   | 3 of 3, cached: 3 ✔
[3a/cd1119] SOM…EM_MAGS:MINIMAP2_INDEX (3) | 3 of 3, cached: 3 ✔
[1b/230e4b] SOM…:MINIMAP2_ALIGN (veh_depl) | 3 of 3, cached: 3 ✔
[a2/c8affe] SOM…S:SAMTOOLS_SORT (veh_depl) | 3 of 3, cached: 3 ✔
[91/af25c0] SOM…MTOOLS_COVERAGE (veh_depl) | 3 of 3, cached: 2 ✔
[be/0b037e] SOM…N_SINGLEEASYBIN (veh_depl) | 3 of 3, cached: 1 ✔
[da/90f28b] SOM…CHECKM2_PREDICT (veh_depl) | 3 of 3, cached: 1 ✔
[53/95c7a9] SOM…S:CHECKM2_PARSE (veh_depl) | 3 of 3, cached: 1 ✔
[78/88881f] SOM…_PIPE_BINS (veh_depl_bins) | 3 of 3, cached: 1 ✔
[ff/71cbff] SOM…RAISE (veh_depl_appraisal) | 3 of 3, cached: 1 ✔
[10/806d4e] SOM…S:BAKTA_BAKTA (SemiBin_13) | 18 of 18 ✔
✓ Bakta annotation completed for SemiBin_13 (61.93% complete)
✓ Generated annotations for 18 high-quality bins (≥50% complete)



executor >  local (29)
[94/544df7] SOM…GS:SINGLEM_PIPE (abx_depl) | 3 of 3, cached: 3 ✔
[a9/771c5b] SOM…M_MAGS:TAXBURST (veh_depl) | 3 of 3, cached: 3 ✔
[5b/d128ce] SOMATEM_MAGS:FLYE (abx_depl)   | 3 of 3, cached: 3 ✔
[3a/cd1119] SOM…EM_MAGS:MINIMAP2_INDEX (3) | 3 of 3, cached: 3 ✔
[1b/230e4b] SOM…:MINIMAP2_ALIGN (veh_depl) | 3 of 3, cached: 3 ✔
[a2/c8affe] SOM…S:SAMTOOLS_SORT (veh_depl) | 3 of 3, cached: 3 ✔
[91/af25c0] SOM…MTOOLS_COVERAGE (veh_depl) | 3 of 3, cached: 2 ✔
[be/0b037e] SOM…N_SINGLEEASYBIN (veh_depl) | 3 of 3, cached: 1 ✔
[da/90f28b] SOM…CHECKM2_PREDICT (veh_depl) | 3 of 3, cached: 1 ✔
[53/95c7a9] SOM…S:CHECKM2_PARSE (veh_depl) | 3 of 3, cached: 1 ✔
[78/88881f] SOM…_PIPE_BINS (veh_depl_bins) | 3 of 3, cached: 1 ✔
[ff/71cbff] SOM…RAISE (veh_depl_appraisal) | 3 of 3, cached: 1 ✔
[10/806d4e] SOM…S:BAKTA_BAKTA (SemiBin_13) | 18 of 18 ✔
✓ Bakta annotation completed for SemiBin_13 (61.93% complete)
✓ Generated annotations for 18 high-quality bins (≥50% complete)
WARN: Failed to render execution report -- see the log file for details
Completed at: 21-Sep-2025 01:04:51
Duration    : 29m 18s
CPU hours   : 97.5 (46.4% cached)
Succeeded   : 29
Cached      : 25


