[33mNextflow 25.04.7 is available - Please consider updating your version to it(B[m

 N E X T F L O W   ~  version 25.04.6

Launching `/home/am503/Documents/SOMAteM/subworkflows/mags.nf` [happy_ampere] DSL2 - revision: e992b8bf56

[-        ] SOMATEM_MAGS:SINGLEM_PIPE -
[-        ] SOMATEM_MAGS:TAXBURST     -
[-        ] SOMATEM_MAGS:FLYE         -

[-        ] SOMATEM_MAGS:SINGLEM_PIPE      -
[-        ] SOMATEM_MAGS:TAXBURST          -
[-        ] SOMATEM_MAGS:FLYE              -
[-        ] SOMATEM_MAGS:MINIMAP2_INDEX    -
[-        ] SOMATEM_MAGS:MINIMAP2_ALIGN    -
[-        ] SOMATEM_MAGS:SAMTOOLS_SORT     -
[-        ] SOMATEM_MAGS:SAMTOOLS_COVERAGE -
[-        ] SOM…MAGS:SEMIBIN_SINGLEEASYBIN -
[-        ] SOMATEM_MAGS:CHECKM2_PREDICT   -
[-        ] SOMATEM_MAGS:CHECKM2_PARSE     -
[-        ] SOMATEM_MAGS:SINGLEM_PIPE_BINS -
[-        ] SOMATEM_MAGS:SINGLEM_APPRAISE  -
[-        ] SOMATEM_MAGS:BAKTA_BAKTA       -
Processing input file: /home/am503/Documents/SOMAteM/examples/data/input4mags/abx_depl.fastq.gz -> sample ID: abx_depl

[8b/1abc02] SOM…GS:SINGLEM_PIPE (s4_final) | 3 of 3, cached: 3
[-        ] SOMATEM_MAGS:TAXBURST          -
[6c/97712f] SOMATEM_MAGS:FLYE (veh_depl)   | 3 of 3, cached: 3
[-        ] SOMATEM_MAGS:MINIMAP2_INDEX    -
[-        ] SOMATEM_MAGS:MINIMAP2_ALIGN    -
[-        ] SOMATEM_MAGS:SAMTOOLS_SORT     -
[-        ] SOMATEM_MAGS:SAMTOOLS_COVERAGE -
[-        ] SOM…MAGS:SEMIBIN_SINGLEEASYBIN -
[-        ] SOMATEM_MAGS:CHECKM2_PREDICT   -
[-        ] SOMATEM_MAGS:CHECKM2_PARSE     -
[-        ] SOMATEM_MAGS:SINGLEM_PIPE_BINS -
[-        ] SOMATEM_MAGS:SINGLEM_APPRAISE  -
[-        ] SOMATEM_MAGS:BAKTA_BAKTA       -
Processing input file: /home/am503/Documents/SOMAteM/examples/data/input4mags/abx_depl.fastq.gz -> sample ID: abx_depl
Input reads: abx_depl -> /home/am503/Documents/SOMAteM/examples/data/input4mags/abx_depl.fastq.gz
Processing input file: /home/am503/Documents/SOMAteM/examples/data/input4mags/s4_final.fastq.gz -> sample ID: s4_final
Input reads: s4_final -> /home/am503/Documents/SOMAteM/examples/data/input4mags/s4_final.fastq.gz
Processing input file: /home/am503/Documents/SOMAteM/examples/data/input4mags/veh_depl.fastq.gz -> sample ID: veh_depl
Input reads: veh_depl -> /home/am503/Documents/SOMAteM/examples/data/input4mags/veh_depl.fastq.gz
Found 3 input files to process
✓ Assembly completed for veh_depl

executor >  local (3)
[8b/1abc02] SOM…GS:SINGLEM_PIPE (s4_final) | 3 of 3, cached: 3 ✔
[51/127c20] SOM…M_MAGS:TAXBURST (abx_depl) | 3 of 3, cached: 3 ✔
[6c/97712f] SOMATEM_MAGS:FLYE (veh_depl)   | 3 of 3, cached: 3 ✔
[cb/ccb859] SOM…EM_MAGS:MINIMAP2_INDEX (3) | 3 of 3, cached: 3 ✔
[af/ec34c0] SOM…:MINIMAP2_ALIGN (veh_depl) | 2 of 3, cached: 2
[d4/6d1653] SOM…S:SAMTOOLS_SORT (s4_final) | 1 of 2, cached: 1
[b6/df5cd4] SOM…MTOOLS_COVERAGE (abx_depl) | 0 of 1
[16/91d05c] SOM…N_SINGLEEASYBIN (abx_depl) | 1 of 1, cached: 1
[-        ] SOMATEM_MAGS:CHECKM2_PREDICT   -
[-        ] SOMATEM_MAGS:CHECKM2_PARSE     -
[-        ] SOMATEM_MAGS:SINGLEM_PIPE_BINS -
[-        ] SOMATEM_MAGS:SINGLEM_APPRAISE  -
[-        ] SOMATEM_MAGS:BAKTA_BAKTA       -
Processing input file: /home/am503/Documents/SOMAteM/examples/data/input4mags/abx_depl.fastq.gz -> sample ID: abx_depl
Input reads: abx_depl -> /home/am503/Documents/SOMAteM/examples/data/input4mags/abx_depl.fastq.gz
Processing input file: /home/am503/Documents/SOMAteM/examples/data/input4mags/s4_final.fastq.gz -> sample ID: s4_final
Input reads: s4_final -> /home/am503/Documents/SOMAteM/examples/data/input4mags/s4_final.fastq.gz
Processing input file: /home/am503/Documents/SOMAteM/examples/data/input4mags/veh_depl.fastq.gz -> sample ID: veh_depl
Input reads: veh_depl -> /home/am503/Documents/SOMAteM/examples/data/input4mags/veh_depl.fastq.gz
Found 3 input files to process
✓ Assembly completed for veh_depl
✓ Assembly completed for s4_final
✓ Assembly completed for abx_depl
✓ Taxonomic profiling completed for s4_final
✓ Taxonomic profiling completed for abx_depl
✓ Taxonomic profiling completed for veh_depl
✓ Interactive taxonomy visualization created for s4_final
✓ Interactive taxonomy visualization created for veh_depl
✓ Interactive taxonomy visualization created for abx_depl
✓ Binning completed for abx_depl: 77 bins

executor >  local (5)
[8b/1abc02] SOM…GS:SINGLEM_PIPE (s4_final) | 3 of 3, cached: 3 ✔
[51/127c20] SOM…M_MAGS:TAXBURST (abx_depl) | 3 of 3, cached: 3 ✔
[6c/97712f] SOMATEM_MAGS:FLYE (veh_depl)   | 3 of 3, cached: 3 ✔
[cb/ccb859] SOM…EM_MAGS:MINIMAP2_INDEX (3) | 3 of 3, cached: 3 ✔
[af/ec34c0] SOM…:MINIMAP2_ALIGN (veh_depl) | 2 of 3, cached: 2
[d4/6d1653] SOM…S:SAMTOOLS_SORT (s4_final) | 1 of 2, cached: 1
[b6/df5cd4] SOM…MTOOLS_COVERAGE (abx_depl) | 0 of 1
[16/91d05c] SOM…N_SINGLEEASYBIN (abx_depl) | 1 of 1, cached: 1
[e6/35ac4b] SOM…CHECKM2_PREDICT (abx_depl) | 0 of 1
[-        ] SOMATEM_MAGS:CHECKM2_PARSE     -
[c7/eb628f] SOM…NGLEM_PIPE_BINS (abx_depl) | 1 of 1, cached: 1
[79/0e46ac] SOM…RAISE (abx_depl_appraisal) | 0 of 1
[-        ] SOMATEM_MAGS:BAKTA_BAKTA       -
Processing input file: /home/am503/Documents/SOMAteM/examples/data/input4mags/abx_depl.fastq.gz -> sample ID: abx_depl
Input reads: abx_depl -> /home/am503/Documents/SOMAteM/examples/data/input4mags/abx_depl.fastq.gz
Processing input file: /home/am503/Documents/SOMAteM/examples/data/input4mags/s4_final.fastq.gz -> sample ID: s4_final
Input reads: s4_final -> /home/am503/Documents/SOMAteM/examples/data/input4mags/s4_final.fastq.gz
Processing input file: /home/am503/Documents/SOMAteM/examples/data/input4mags/veh_depl.fastq.gz -> sample ID: veh_depl
Input reads: veh_depl -> /home/am503/Documents/SOMAteM/examples/data/input4mags/veh_depl.fastq.gz
Found 3 input files to process
✓ Assembly completed for veh_depl
✓ Assembly completed for s4_final
✓ Assembly completed for abx_depl
✓ Taxonomic profiling completed for s4_final
✓ Taxonomic profiling completed for abx_depl
✓ Taxonomic profiling completed for veh_depl
✓ Interactive taxonomy visualization created for s4_final
✓ Interactive taxonomy visualization created for veh_depl
✓ Interactive taxonomy visualization created for abx_depl
✓ Binning completed for abx_depl: 77 bins

executor >  local (5)
[8b/1abc02] SOM…GS:SINGLEM_PIPE (s4_final) | 3 of 3, cached: 3 ✔
[51/127c20] SOM…M_MAGS:TAXBURST (abx_depl) | 3 of 3, cached: 3 ✔
[6c/97712f] SOMATEM_MAGS:FLYE (veh_depl)   | 3 of 3, cached: 3 ✔
[cb/ccb859] SOM…EM_MAGS:MINIMAP2_INDEX (3) | 3 of 3, cached: 3 ✔
[af/ec34c0] SOM…:MINIMAP2_ALIGN (veh_depl) | 2 of 3, cached: 2
[d4/6d1653] SOM…S:SAMTOOLS_SORT (s4_final) | 1 of 2, cached: 1
[b6/df5cd4] SOM…MTOOLS_COVERAGE (abx_depl) | 0 of 1
[16/91d05c] SOM…N_SINGLEEASYBIN (abx_depl) | 1 of 1, cached: 1
[e6/35ac4b] SOM…CHECKM2_PREDICT (abx_depl) | 0 of 1
[-        ] SOMATEM_MAGS:CHECKM2_PARSE     -
[c7/eb628f] SOM…NGLEM_PIPE_BINS (abx_depl) | 1 of 1, cached: 1
[79/0e46ac] SOM…RAISE (abx_depl_appraisal) | 1 of 1
[-        ] SOMATEM_MAGS:BAKTA_BAKTA       -
Processing input file: /home/am503/Documents/SOMAteM/examples/data/input4mags/abx_depl.fastq.gz -> sample ID: abx_depl
Input reads: abx_depl -> /home/am503/Documents/SOMAteM/examples/data/input4mags/abx_depl.fastq.gz
Processing input file: /home/am503/Documents/SOMAteM/examples/data/input4mags/s4_final.fastq.gz -> sample ID: s4_final
Input reads: s4_final -> /home/am503/Documents/SOMAteM/examples/data/input4mags/s4_final.fastq.gz
Processing input file: /home/am503/Documents/SOMAteM/examples/data/input4mags/veh_depl.fastq.gz -> sample ID: veh_depl
Input reads: veh_depl -> /home/am503/Documents/SOMAteM/examples/data/input4mags/veh_depl.fastq.gz
Found 3 input files to process
✓ Assembly completed for veh_depl
✓ Assembly completed for s4_final
✓ Assembly completed for abx_depl
✓ Taxonomic profiling completed for s4_final
✓ Taxonomic profiling completed for abx_depl
✓ Taxonomic profiling completed for veh_depl
✓ Interactive taxonomy visualization created for s4_final
✓ Interactive taxonomy visualization created for veh_depl
✓ Interactive taxonomy visualization created for abx_depl
✓ Binning completed for abx_depl: 77 bins
✓ SingleM appraise analysis completed for abx_depl_appraisal

executor >  local (5)
[8b/1abc02] SOM…GS:SINGLEM_PIPE (s4_final) | 3 of 3, cached: 3 ✔
[51/127c20] SOM…M_MAGS:TAXBURST (abx_depl) | 3 of 3, cached: 3 ✔
[6c/97712f] SOMATEM_MAGS:FLYE (veh_depl)   | 3 of 3, cached: 3 ✔
[cb/ccb859] SOM…EM_MAGS:MINIMAP2_INDEX (3) | 3 of 3, cached: 3 ✔
[af/ec34c0] SOM…:MINIMAP2_ALIGN (veh_depl) | 2 of 3, cached: 2
[d4/6d1653] SOM…S:SAMTOOLS_SORT (s4_final) | 2 of 2, cached: 1
[b6/df5cd4] SOM…MTOOLS_COVERAGE (abx_depl) | 0 of 2
[16/91d05c] SOM…N_SINGLEEASYBIN (abx_depl) | 1 of 2, cached: 1
[e6/35ac4b] SOM…CHECKM2_PREDICT (abx_depl) | 0 of 1
[-        ] SOMATEM_MAGS:CHECKM2_PARSE     -
[c7/eb628f] SOM…NGLEM_PIPE_BINS (abx_depl) | 1 of 1, cached: 1
[79/0e46ac] SOM…RAISE (abx_depl_appraisal) | 1 of 1
[-        ] SOMATEM_MAGS:BAKTA_BAKTA       -
Processing input file: /home/am503/Documents/SOMAteM/examples/data/input4mags/abx_depl.fastq.gz -> sample ID: abx_depl
Input reads: abx_depl -> /home/am503/Documents/SOMAteM/examples/data/input4mags/abx_depl.fastq.gz
Processing input file: /home/am503/Documents/SOMAteM/examples/data/input4mags/s4_final.fastq.gz -> sample ID: s4_final
Input reads: s4_final -> /home/am503/Documents/SOMAteM/examples/data/input4mags/s4_final.fastq.gz
Processing input file: /home/am503/Documents/SOMAteM/examples/data/input4mags/veh_depl.fastq.gz -> sample ID: veh_depl
Input reads: veh_depl -> /home/am503/Documents/SOMAteM/examples/data/input4mags/veh_depl.fastq.gz
Found 3 input files to process
✓ Assembly completed for veh_depl
✓ Assembly completed for s4_final
✓ Assembly completed for abx_depl
✓ Taxonomic profiling completed for s4_final
✓ Taxonomic profiling completed for abx_depl
✓ Taxonomic profiling completed for veh_depl
✓ Interactive taxonomy visualization created for s4_final
✓ Interactive taxonomy visualization created for veh_depl
✓ Interactive taxonomy visualization created for abx_depl
✓ Binning completed for abx_depl: 77 bins
✓ SingleM appraise analysis completed for abx_depl_appraisal

executor >  local (7)
[8b/1abc02] SOM…GS:SINGLEM_PIPE (s4_final) | 3 of 3, cached: 3 ✔
[51/127c20] SOM…M_MAGS:TAXBURST (abx_depl) | 3 of 3, cached: 3 ✔
[6c/97712f] SOMATEM_MAGS:FLYE (veh_depl)   | 3 of 3, cached: 3 ✔
[cb/ccb859] SOM…EM_MAGS:MINIMAP2_INDEX (3) | 3 of 3, cached: 3 ✔
[af/ec34c0] SOM…:MINIMAP2_ALIGN (veh_depl) | 2 of 3, cached: 2
[d4/6d1653] SOM…S:SAMTOOLS_SORT (s4_final) | 2 of 2, cached: 1
[53/5ba363] SOM…MTOOLS_COVERAGE (s4_final) | 0 of 2
[40/19a9e3] SOM…N_SINGLEEASYBIN (s4_final) | 1 of 2, cached: 1
[e6/35ac4b] SOM…CHECKM2_PREDICT (abx_depl) | 0 of 1
[-        ] SOMATEM_MAGS:CHECKM2_PARSE     -
[c7/eb628f] SOM…NGLEM_PIPE_BINS (abx_depl) | 1 of 1, cached: 1
[79/0e46ac] SOM…RAISE (abx_depl_appraisal) | 1 of 1
[-        ] SOMATEM_MAGS:BAKTA_BAKTA       -
Processing input file: /home/am503/Documents/SOMAteM/examples/data/input4mags/abx_depl.fastq.gz -> sample ID: abx_depl
Input reads: abx_depl -> /home/am503/Documents/SOMAteM/examples/data/input4mags/abx_depl.fastq.gz
Processing input file: /home/am503/Documents/SOMAteM/examples/data/input4mags/s4_final.fastq.gz -> sample ID: s4_final
Input reads: s4_final -> /home/am503/Documents/SOMAteM/examples/data/input4mags/s4_final.fastq.gz
Processing input file: /home/am503/Documents/SOMAteM/examples/data/input4mags/veh_depl.fastq.gz -> sample ID: veh_depl
Input reads: veh_depl -> /home/am503/Documents/SOMAteM/examples/data/input4mags/veh_depl.fastq.gz
Found 3 input files to process
✓ Assembly completed for veh_depl
✓ Assembly completed for s4_final
✓ Assembly completed for abx_depl
✓ Taxonomic profiling completed for s4_final
✓ Taxonomic profiling completed for abx_depl
✓ Taxonomic profiling completed for veh_depl
✓ Interactive taxonomy visualization created for s4_final
✓ Interactive taxonomy visualization created for veh_depl
✓ Interactive taxonomy visualization created for abx_depl
✓ Binning completed for abx_depl: 77 bins
✓ SingleM appraise analysis completed for abx_depl_appraisal

executor >  local (7)
[8b/1abc02] SOM…GS:SINGLEM_PIPE (s4_final) | 3 of 3, cached: 3 ✔
[51/127c20] SOM…M_MAGS:TAXBURST (abx_depl) | 3 of 3, cached: 3 ✔
[6c/97712f] SOMATEM_MAGS:FLYE (veh_depl)   | 3 of 3, cached: 3 ✔
[cb/ccb859] SOM…EM_MAGS:MINIMAP2_INDEX (3) | 3 of 3, cached: 3 ✔
[af/ec34c0] SOM…:MINIMAP2_ALIGN (veh_depl) | 2 of 3, cached: 2
[d4/6d1653] SOM…S:SAMTOOLS_SORT (s4_final) | 2 of 2, cached: 1
[53/5ba363] SOM…MTOOLS_COVERAGE (s4_final) | 0 of 2
[40/19a9e3] SOM…N_SINGLEEASYBIN (s4_final) | 1 of 2, cached: 1
[e6/35ac4b] SOM…CHECKM2_PREDICT (abx_depl) | 0 of 1
[-        ] SOMATEM_MAGS:CHECKM2_PARSE     -
[c7/eb628f] SOM…NGLEM_PIPE_BINS (abx_depl) | 1 of 1, cached: 1
[79/0e46ac] SOM…RAISE (abx_depl_appraisal) | 1 of 1
[-        ] SOMATEM_MAGS:BAKTA_BAKTA       -
Processing input file: /home/am503/Documents/SOMAteM/examples/data/input4mags/abx_depl.fastq.gz -> sample ID: abx_depl
Input reads: abx_depl -> /home/am503/Documents/SOMAteM/examples/data/input4mags/abx_depl.fastq.gz
Processing input file: /home/am503/Documents/SOMAteM/examples/data/input4mags/s4_final.fastq.gz -> sample ID: s4_final
Input reads: s4_final -> /home/am503/Documents/SOMAteM/examples/data/input4mags/s4_final.fastq.gz
Processing input file: /home/am503/Documents/SOMAteM/examples/data/input4mags/veh_depl.fastq.gz -> sample ID: veh_depl
Input reads: veh_depl -> /home/am503/Documents/SOMAteM/examples/data/input4mags/veh_depl.fastq.gz
Found 3 input files to process
✓ Assembly completed for veh_depl
✓ Assembly completed for s4_final
✓ Assembly completed for abx_depl
✓ Taxonomic profiling completed for s4_final
✓ Taxonomic profiling completed for abx_depl
✓ Taxonomic profiling completed for veh_depl
✓ Interactive taxonomy visualization created for s4_final
✓ Interactive taxonomy visualization created for veh_depl
✓ Interactive taxonomy visualization created for abx_depl
✓ Binning completed for abx_depl: 77 bins
✓ SingleM appraise analysis completed for abx_depl_appraisal

executor >  local (7)
[8b/1abc02] SOM…GS:SINGLEM_PIPE (s4_final) | 3 of 3, cached: 3 ✔
[51/127c20] SOM…M_MAGS:TAXBURST (abx_depl) | 3 of 3, cached: 3 ✔
[6c/97712f] SOMATEM_MAGS:FLYE (veh_depl)   | 3 of 3, cached: 3 ✔
[cb/ccb859] SOM…EM_MAGS:MINIMAP2_INDEX (3) | 3 of 3, cached: 3 ✔
[af/ec34c0] SOM…:MINIMAP2_ALIGN (veh_depl) | 2 of 3, cached: 2
[d4/6d1653] SOM…S:SAMTOOLS_SORT (s4_final) | 2 of 2, cached: 1
[53/5ba363] SOM…MTOOLS_COVERAGE (s4_final) | 1 of 2
[40/19a9e3] SOM…N_SINGLEEASYBIN (s4_final) | 1 of 2, cached: 1
[e6/35ac4b] SOM…CHECKM2_PREDICT (abx_depl) | 0 of 1
[-        ] SOMATEM_MAGS:CHECKM2_PARSE     -
[c7/eb628f] SOM…NGLEM_PIPE_BINS (abx_depl) | 1 of 1, cached: 1
[79/0e46ac] SOM…RAISE (abx_depl_appraisal) | 1 of 1
[-        ] SOMATEM_MAGS:BAKTA_BAKTA       -
Processing input file: /home/am503/Documents/SOMAteM/examples/data/input4mags/abx_depl.fastq.gz -> sample ID: abx_depl
Input reads: abx_depl -> /home/am503/Documents/SOMAteM/examples/data/input4mags/abx_depl.fastq.gz
Processing input file: /home/am503/Documents/SOMAteM/examples/data/input4mags/s4_final.fastq.gz -> sample ID: s4_final
Input reads: s4_final -> /home/am503/Documents/SOMAteM/examples/data/input4mags/s4_final.fastq.gz
Processing input file: /home/am503/Documents/SOMAteM/examples/data/input4mags/veh_depl.fastq.gz -> sample ID: veh_depl
Input reads: veh_depl -> /home/am503/Documents/SOMAteM/examples/data/input4mags/veh_depl.fastq.gz
Found 3 input files to process
✓ Assembly completed for veh_depl
✓ Assembly completed for s4_final
✓ Assembly completed for abx_depl
✓ Taxonomic profiling completed for s4_final
✓ Taxonomic profiling completed for abx_depl
✓ Taxonomic profiling completed for veh_depl
✓ Interactive taxonomy visualization created for s4_final
✓ Interactive taxonomy visualization created for veh_depl
✓ Interactive taxonomy visualization created for abx_depl
✓ Binning completed for abx_depl: 77 bins
✓ SingleM appraise analysis completed for abx_depl_appraisal
✓ Coverage calculated for s4_final

executor >  local (9)
[8b/1abc02] SOM…GS:SINGLEM_PIPE (s4_final) | 3 of 3, cached: 3 ✔
[51/127c20] SOM…M_MAGS:TAXBURST (abx_depl) | 3 of 3, cached: 3 ✔
[6c/97712f] SOMATEM_MAGS:FLYE (veh_depl)   | 3 of 3, cached: 3 ✔
[cb/ccb859] SOM…EM_MAGS:MINIMAP2_INDEX (3) | 3 of 3, cached: 3 ✔
[af/ec34c0] SOM…:MINIMAP2_ALIGN (veh_depl) | 2 of 3, cached: 2
[d4/6d1653] SOM…S:SAMTOOLS_SORT (s4_final) | 2 of 2, cached: 1
[53/5ba363] SOM…MTOOLS_COVERAGE (s4_final) | 1 of 2
[40/19a9e3] SOM…N_SINGLEEASYBIN (s4_final) | 2 of 2, cached: 1
[da/2cd26f] SOM…CHECKM2_PREDICT (s4_final) | 0 of 2
[-        ] SOMATEM_MAGS:CHECKM2_PARSE     -
[9d/aea74a] SOM…NGLEM_PIPE_BINS (s4_final) | 1 of 2, cached: 1
[79/0e46ac] SOM…RAISE (abx_depl_appraisal) | 1 of 1
[-        ] SOMATEM_MAGS:BAKTA_BAKTA       -
✓ Binning completed for s4_final: 16 bins




















executor >  local (9)
[8b/1abc02] SOM…GS:SINGLEM_PIPE (s4_final) | 3 of 3, cached: 3 ✔
[51/127c20] SOM…M_MAGS:TAXBURST (abx_depl) | 3 of 3, cached: 3 ✔
[6c/97712f] SOMATEM_MAGS:FLYE (veh_depl)   | 3 of 3, cached: 3 ✔
[cb/ccb859] SOM…EM_MAGS:MINIMAP2_INDEX (3) | 3 of 3, cached: 3 ✔
[af/ec34c0] SOM…:MINIMAP2_ALIGN (veh_depl) | 2 of 3, cached: 2
[d4/6d1653] SOM…S:SAMTOOLS_SORT (s4_final) | 2 of 2, cached: 1
[b6/df5cd4] SOM…MTOOLS_COVERAGE (abx_depl) | 2 of 2
[40/19a9e3] SOM…N_SINGLEEASYBIN (s4_final) | 2 of 2, cached: 1
[da/2cd26f] SOM…CHECKM2_PREDICT (s4_final) | 0 of 2
[-        ] SOMATEM_MAGS:CHECKM2_PARSE     -
[9d/aea74a] SOM…NGLEM_PIPE_BINS (s4_final) | 1 of 2, cached: 1
[79/0e46ac] SOM…RAISE (abx_depl_appraisal) | 1 of 1
[-        ] SOMATEM_MAGS:BAKTA_BAKTA       -
✓ Binning completed for s4_final: 16 bins
✓ Coverage calculated for abx_depl



















executor >  local (10)
[8b/1abc02] SOM…GS:SINGLEM_PIPE (s4_final) | 3 of 3, cached: 3 ✔
[51/127c20] SOM…M_MAGS:TAXBURST (abx_depl) | 3 of 3, cached: 3 ✔
[6c/97712f] SOMATEM_MAGS:FLYE (veh_depl)   | 3 of 3, cached: 3 ✔
[cb/ccb859] SOM…EM_MAGS:MINIMAP2_INDEX (3) | 3 of 3, cached: 3 ✔
[af/ec34c0] SOM…:MINIMAP2_ALIGN (veh_depl) | 2 of 3, cached: 2
[d4/6d1653] SOM…S:SAMTOOLS_SORT (s4_final) | 2 of 2, cached: 1
[b6/df5cd4] SOM…MTOOLS_COVERAGE (abx_depl) | 2 of 2
[40/19a9e3] SOM…N_SINGLEEASYBIN (s4_final) | 2 of 2, cached: 1
[e6/35ac4b] SOM…CHECKM2_PREDICT (abx_depl) | 1 of 2
[89/cbe834] SOM…S:CHECKM2_PARSE (abx_depl) | 0 of 1
[9d/aea74a] SOM…NGLEM_PIPE_BINS (s4_final) | 1 of 2, cached: 1
[79/0e46ac] SOM…RAISE (abx_depl_appraisal) | 1 of 1
[-        ] SOMATEM_MAGS:BAKTA_BAKTA       -
✓ Binning completed for s4_final: 16 bins
✓ Coverage calculated for abx_depl
✓ Quality assessment completed for abx_depl

executor >  local (10)
[8b/1abc02] SOM…GS:SINGLEM_PIPE (s4_final) | 3 of 3, cached: 3 ✔
[51/127c20] SOM…M_MAGS:TAXBURST (abx_depl) | 3 of 3, cached: 3 ✔
[6c/97712f] SOMATEM_MAGS:FLYE (veh_depl)   | 3 of 3, cached: 3 ✔
[cb/ccb859] SOM…EM_MAGS:MINIMAP2_INDEX (3) | 3 of 3, cached: 3 ✔
[af/ec34c0] SOM…:MINIMAP2_ALIGN (veh_depl) | 2 of 3, cached: 2
[d4/6d1653] SOM…S:SAMTOOLS_SORT (s4_final) | 2 of 2, cached: 1
[b6/df5cd4] SOM…MTOOLS_COVERAGE (abx_depl) | 2 of 2
[40/19a9e3] SOM…N_SINGLEEASYBIN (s4_final) | 2 of 2, cached: 1
[e6/35ac4b] SOM…CHECKM2_PREDICT (abx_depl) | 1 of 2
[89/cbe834] SOM…S:CHECKM2_PARSE (abx_depl) | 0 of 1
[9d/aea74a] SOM…NGLEM_PIPE_BINS (s4_final) | 1 of 2, cached: 1
[79/0e46ac] SOM…RAISE (abx_depl_appraisal) | 1 of 1
[-        ] SOMATEM_MAGS:BAKTA_BAKTA       -
✓ Binning completed for s4_final: 16 bins
✓ Coverage calculated for abx_depl
✓ Quality assessment completed for abx_depl

executor >  local (17)
[8b/1abc02] SOM…GS:SINGLEM_PIPE (s4_final) | 3 of 3, cached: 3 ✔
[51/127c20] SOM…M_MAGS:TAXBURST (abx_depl) | 3 of 3, cached: 3 ✔
[6c/97712f] SOMATEM_MAGS:FLYE (veh_depl)   | 3 of 3, cached: 3 ✔
[cb/ccb859] SOM…EM_MAGS:MINIMAP2_INDEX (3) | 3 of 3, cached: 3 ✔
[af/ec34c0] SOM…:MINIMAP2_ALIGN (veh_depl) | 2 of 3, cached: 2
[d4/6d1653] SOM…S:SAMTOOLS_SORT (s4_final) | 2 of 2, cached: 1
[b6/df5cd4] SOM…MTOOLS_COVERAGE (abx_depl) | 2 of 2
[40/19a9e3] SOM…N_SINGLEEASYBIN (s4_final) | 2 of 2, cached: 1
[e6/35ac4b] SOM…CHECKM2_PREDICT (abx_depl) | 1 of 2
[89/cbe834] SOM…S:CHECKM2_PARSE (abx_depl) | 1 of 1
[9d/aea74a] SOM…NGLEM_PIPE_BINS (s4_final) | 1 of 2, cached: 1
[79/0e46ac] SOM…RAISE (abx_depl_appraisal) | 1 of 1
[5f/a4126e] SOM…S:BAKTA_BAKTA (SemiBin_23) | 0 of 7
✓ Binning completed for s4_final: 16 bins
✓ Coverage calculated for abx_depl
✓ Quality assessment completed for abx_depl

executor >  local (18)
[8b/1abc02] SOM…GS:SINGLEM_PIPE (s4_final) | 3 of 3, cached: 3 ✔
[51/127c20] SOM…M_MAGS:TAXBURST (abx_depl) | 3 of 3, cached: 3 ✔
[6c/97712f] SOMATEM_MAGS:FLYE (veh_depl)   | 3 of 3, cached: 3 ✔
[cb/ccb859] SOM…EM_MAGS:MINIMAP2_INDEX (3) | 3 of 3, cached: 3 ✔
[af/ec34c0] SOM…:MINIMAP2_ALIGN (veh_depl) | 2 of 3, cached: 2
[d4/6d1653] SOM…S:SAMTOOLS_SORT (s4_final) | 2 of 2, cached: 1
[b6/df5cd4] SOM…MTOOLS_COVERAGE (abx_depl) | 2 of 2
[40/19a9e3] SOM…N_SINGLEEASYBIN (s4_final) | 2 of 2, cached: 1
[da/2cd26f] SOM…CHECKM2_PREDICT (s4_final) | 2 of 2
[bb/6734e6] SOM…S:CHECKM2_PARSE (s4_final) | 1 of 2
[9d/aea74a] SOM…NGLEM_PIPE_BINS (s4_final) | 1 of 2, cached: 1
[79/0e46ac] SOM…RAISE (abx_depl_appraisal) | 1 of 1
[5f/a4126e] SOM…S:BAKTA_BAKTA (SemiBin_23) | 0 of 7
✓ Quality assessment completed for s4_final




executor >  local (18)
[8b/1abc02] SOM…GS:SINGLEM_PIPE (s4_final) | 3 of 3, cached: 3 ✔
[51/127c20] SOM…M_MAGS:TAXBURST (abx_depl) | 3 of 3, cached: 3 ✔
[6c/97712f] SOMATEM_MAGS:FLYE (veh_depl)   | 3 of 3, cached: 3 ✔
[cb/ccb859] SOM…EM_MAGS:MINIMAP2_INDEX (3) | 3 of 3, cached: 3 ✔
[af/ec34c0] SOM…:MINIMAP2_ALIGN (veh_depl) | 2 of 3, cached: 2
[d4/6d1653] SOM…S:SAMTOOLS_SORT (s4_final) | 2 of 2, cached: 1
[b6/df5cd4] SOM…MTOOLS_COVERAGE (abx_depl) | 2 of 2
[40/19a9e3] SOM…N_SINGLEEASYBIN (s4_final) | 2 of 2, cached: 1
[da/2cd26f] SOM…CHECKM2_PREDICT (s4_final) | 2 of 2
[bb/6734e6] SOM…S:CHECKM2_PARSE (s4_final) | 1 of 2
[9d/aea74a] SOM…NGLEM_PIPE_BINS (s4_final) | 1 of 2, cached: 1
[79/0e46ac] SOM…RAISE (abx_depl_appraisal) | 1 of 1
[5f/a4126e] SOM…S:BAKTA_BAKTA (SemiBin_23) | 0 of 7
✓ Quality assessment completed for s4_final




executor >  local (19)
[8b/1abc02] SOM…GS:SINGLEM_PIPE (s4_final) | 3 of 3, cached: 3 ✔
[51/127c20] SOM…M_MAGS:TAXBURST (abx_depl) | 3 of 3, cached: 3 ✔
[6c/97712f] SOMATEM_MAGS:FLYE (veh_depl)   | 3 of 3, cached: 3 ✔
[cb/ccb859] SOM…EM_MAGS:MINIMAP2_INDEX (3) | 3 of 3, cached: 3 ✔
[af/ec34c0] SOM…:MINIMAP2_ALIGN (veh_depl) | 2 of 3, cached: 2
[d4/6d1653] SOM…S:SAMTOOLS_SORT (s4_final) | 2 of 2, cached: 1
[b6/df5cd4] SOM…MTOOLS_COVERAGE (abx_depl) | 2 of 2
[40/19a9e3] SOM…N_SINGLEEASYBIN (s4_final) | 2 of 2, cached: 1
[da/2cd26f] SOM…CHECKM2_PREDICT (s4_final) | 2 of 2
[bb/6734e6] SOM…S:CHECKM2_PARSE (s4_final) | 2 of 2
[9d/aea74a] SOM…NGLEM_PIPE_BINS (s4_final) | 1 of 2, cached: 1
[79/0e46ac] SOM…RAISE (abx_depl_appraisal) | 1 of 1
[e5/339825] SOM…S:BAKTA_BAKTA (SemiBin_18) | 0 of 8
✓ Quality assessment completed for s4_final

executor >  local (19)
[8b/1abc02] SOM…GS:SINGLEM_PIPE (s4_final) | 3 of 3, cached: 3 ✔
[51/127c20] SOM…M_MAGS:TAXBURST (abx_depl) | 3 of 3, cached: 3 ✔
[6c/97712f] SOMATEM_MAGS:FLYE (veh_depl)   | 3 of 3, cached: 3 ✔
[cb/ccb859] SOM…EM_MAGS:MINIMAP2_INDEX (3) | 3 of 3, cached: 3 ✔
[af/ec34c0] SOM…:MINIMAP2_ALIGN (veh_depl) | 2 of 3, cached: 2
[d4/6d1653] SOM…S:SAMTOOLS_SORT (s4_final) | 2 of 2, cached: 1
[b6/df5cd4] SOM…MTOOLS_COVERAGE (abx_depl) | 2 of 2
[40/19a9e3] SOM…N_SINGLEEASYBIN (s4_final) | 2 of 2, cached: 1
[da/2cd26f] SOM…CHECKM2_PREDICT (s4_final) | 2 of 2
[bb/6734e6] SOM…S:CHECKM2_PARSE (s4_final) | 2 of 2
[9d/aea74a] SOM…NGLEM_PIPE_BINS (s4_final) | 2 of 2, cached: 1
[79/0e46ac] SOM…RAISE (abx_depl_appraisal) | 1 of 1
[e5/339825] SOM…S:BAKTA_BAKTA (SemiBin_18) | 0 of 8


executor >  local (20)
[8b/1abc02] SOM…GS:SINGLEM_PIPE (s4_final) | 3 of 3, cached: 3 ✔
[51/127c20] SOM…M_MAGS:TAXBURST (abx_depl) | 3 of 3, cached: 3 ✔
[6c/97712f] SOMATEM_MAGS:FLYE (veh_depl)   | 3 of 3, cached: 3 ✔
[cb/ccb859] SOM…EM_MAGS:MINIMAP2_INDEX (3) | 3 of 3, cached: 3 ✔
[af/ec34c0] SOM…:MINIMAP2_ALIGN (veh_depl) | 2 of 3, cached: 2
[d4/6d1653] SOM…S:SAMTOOLS_SORT (s4_final) | 2 of 2, cached: 1
[b6/df5cd4] SOM…MTOOLS_COVERAGE (abx_depl) | 2 of 2
[40/19a9e3] SOM…N_SINGLEEASYBIN (s4_final) | 2 of 2, cached: 1
[da/2cd26f] SOM…CHECKM2_PREDICT (s4_final) | 2 of 2
[bb/6734e6] SOM…S:CHECKM2_PARSE (s4_final) | 2 of 2
[9d/aea74a] SOM…NGLEM_PIPE_BINS (s4_final) | 2 of 2, cached: 1
[c7/99b3e2] SOM…RAISE (s4_final_appraisal) | 1 of 2
[e5/339825] SOM…S:BAKTA_BAKTA (SemiBin_18) | 0 of 8


executor >  local (20)
[8b/1abc02] SOM…GS:SINGLEM_PIPE (s4_final) | 3 of 3, cached: 3 ✔
[51/127c20] SOM…M_MAGS:TAXBURST (abx_depl) | 3 of 3, cached: 3 ✔
[6c/97712f] SOMATEM_MAGS:FLYE (veh_depl)   | 3 of 3, cached: 3 ✔
[cb/ccb859] SOM…EM_MAGS:MINIMAP2_INDEX (3) | 3 of 3, cached: 3 ✔
[af/ec34c0] SOM…:MINIMAP2_ALIGN (veh_depl) | 2 of 3, cached: 2
[d4/6d1653] SOM…S:SAMTOOLS_SORT (s4_final) | 2 of 2, cached: 1
[b6/df5cd4] SOM…MTOOLS_COVERAGE (abx_depl) | 2 of 2
[40/19a9e3] SOM…N_SINGLEEASYBIN (s4_final) | 2 of 2, cached: 1
[da/2cd26f] SOM…CHECKM2_PREDICT (s4_final) | 2 of 2
[bb/6734e6] SOM…S:CHECKM2_PARSE (s4_final) | 2 of 2
[9d/aea74a] SOM…NGLEM_PIPE_BINS (s4_final) | 2 of 2, cached: 1
[c7/99b3e2] SOM…RAISE (s4_final_appraisal) | 2 of 2
[e5/339825] SOM…S:BAKTA_BAKTA (SemiBin_18) | 0 of 8
✓ SingleM appraise analysis completed for s4_final_appraisal

executor >  local (21)
[8b/1abc02] SOM…GS:SINGLEM_PIPE (s4_final) | 3 of 3, cached: 3 ✔
[51/127c20] SOM…M_MAGS:TAXBURST (abx_depl) | 3 of 3, cached: 3 ✔
[6c/97712f] SOMATEM_MAGS:FLYE (veh_depl)   | 3 of 3, cached: 3 ✔
[cb/ccb859] SOM…EM_MAGS:MINIMAP2_INDEX (3) | 3 of 3, cached: 3 ✔
[af/ec34c0] SOM…:MINIMAP2_ALIGN (veh_depl) | 3 of 3, cached: 2 ✔
[bb/c7ea96] SOM…S:SAMTOOLS_SORT (veh_depl) | 2 of 3, cached: 1
[b6/df5cd4] SOM…MTOOLS_COVERAGE (abx_depl) | 2 of 2
[40/19a9e3] SOM…N_SINGLEEASYBIN (s4_final) | 2 of 2, cached: 1
[da/2cd26f] SOM…CHECKM2_PREDICT (s4_final) | 2 of 2
[bb/6734e6] SOM…S:CHECKM2_PARSE (s4_final) | 2 of 2
[9d/aea74a] SOM…NGLEM_PIPE_BINS (s4_final) | 2 of 2, cached: 1
[c7/99b3e2] SOM…RAISE (s4_final_appraisal) | 2 of 2
[e5/339825] SOM…S:BAKTA_BAKTA (SemiBin_18) | 0 of 8


executor >  local (21)
[8b/1abc02] SOM…GS:SINGLEM_PIPE (s4_final) | 3 of 3, cached: 3 ✔
[51/127c20] SOM…M_MAGS:TAXBURST (abx_depl) | 3 of 3, cached: 3 ✔
[6c/97712f] SOMATEM_MAGS:FLYE (veh_depl)   | 3 of 3, cached: 3 ✔
[cb/ccb859] SOM…EM_MAGS:MINIMAP2_INDEX (3) | 3 of 3, cached: 3 ✔
[af/ec34c0] SOM…:MINIMAP2_ALIGN (veh_depl) | 3 of 3, cached: 2 ✔
[bb/c7ea96] SOM…S:SAMTOOLS_SORT (veh_depl) | 2 of 3, cached: 1
[b6/df5cd4] SOM…MTOOLS_COVERAGE (abx_depl) | 2 of 2
[40/19a9e3] SOM…N_SINGLEEASYBIN (s4_final) | 2 of 2, cached: 1
[da/2cd26f] SOM…CHECKM2_PREDICT (s4_final) | 2 of 2
[bb/6734e6] SOM…S:CHECKM2_PARSE (s4_final) | 2 of 2
[9d/aea74a] SOM…NGLEM_PIPE_BINS (s4_final) | 2 of 2, cached: 1
[c7/99b3e2] SOM…RAISE (s4_final_appraisal) | 2 of 2
[e5/339825] SOM…S:BAKTA_BAKTA (SemiBin_18) | 0 of 8


executor >  local (21)
[8b/1abc02] SOM…GS:SINGLEM_PIPE (s4_final) | 3 of 3, cached: 3 ✔
[51/127c20] SOM…M_MAGS:TAXBURST (abx_depl) | 3 of 3, cached: 3 ✔
[6c/97712f] SOMATEM_MAGS:FLYE (veh_depl)   | 3 of 3, cached: 3 ✔
[cb/ccb859] SOM…EM_MAGS:MINIMAP2_INDEX (3) | 3 of 3, cached: 3 ✔
[af/ec34c0] SOM…:MINIMAP2_ALIGN (veh_depl) | 3 of 3, cached: 2 ✔
[bb/c7ea96] SOM…S:SAMTOOLS_SORT (veh_depl) | 2 of 3, cached: 1
[b6/df5cd4] SOM…MTOOLS_COVERAGE (abx_depl) | 2 of 2
[40/19a9e3] SOM…N_SINGLEEASYBIN (s4_final) | 2 of 2, cached: 1
[da/2cd26f] SOM…CHECKM2_PREDICT (s4_final) | 2 of 2
[bb/6734e6] SOM…S:CHECKM2_PARSE (s4_final) | 2 of 2
[9d/aea74a] SOM…NGLEM_PIPE_BINS (s4_final) | 2 of 2, cached: 1
[c7/99b3e2] SOM…RAISE (s4_final_appraisal) | 2 of 2
[07/1bf301] SOM…GS:BAKTA_BAKTA (SemiBin_9) | 1 of 8
✓ Bakta annotation completed for SemiBin_9 (58.22% complete)

executor >  local (21)
[8b/1abc02] SOM…GS:SINGLEM_PIPE (s4_final) | 3 of 3, cached: 3 ✔
[51/127c20] SOM…M_MAGS:TAXBURST (abx_depl) | 3 of 3, cached: 3 ✔
[6c/97712f] SOMATEM_MAGS:FLYE (veh_depl)   | 3 of 3, cached: 3 ✔
[cb/ccb859] SOM…EM_MAGS:MINIMAP2_INDEX (3) | 3 of 3, cached: 3 ✔
[af/ec34c0] SOM…:MINIMAP2_ALIGN (veh_depl) | 3 of 3, cached: 2 ✔
[bb/c7ea96] SOM…S:SAMTOOLS_SORT (veh_depl) | 2 of 3, cached: 1
[b6/df5cd4] SOM…MTOOLS_COVERAGE (abx_depl) | 2 of 2
[40/19a9e3] SOM…N_SINGLEEASYBIN (s4_final) | 2 of 2, cached: 1
[da/2cd26f] SOM…CHECKM2_PREDICT (s4_final) | 2 of 2
[bb/6734e6] SOM…S:CHECKM2_PARSE (s4_final) | 2 of 2
[9d/aea74a] SOM…NGLEM_PIPE_BINS (s4_final) | 2 of 2, cached: 1
[c7/99b3e2] SOM…RAISE (s4_final_appraisal) | 2 of 2
[2d/a9ad4b] SOM…:BAKTA_BAKTA (SemiBin_108) | 2 of 8
✓ Bakta annotation completed for SemiBin_9 (58.22% complete)
✓ Bakta annotation completed for SemiBin_108 (83.3% complete)

executor >  local (21)
[8b/1abc02] SOM…GS:SINGLEM_PIPE (s4_final) | 3 of 3, cached: 3 ✔
[51/127c20] SOM…M_MAGS:TAXBURST (abx_depl) | 3 of 3, cached: 3 ✔
[6c/97712f] SOMATEM_MAGS:FLYE (veh_depl)   | 3 of 3, cached: 3 ✔
[cb/ccb859] SOM…EM_MAGS:MINIMAP2_INDEX (3) | 3 of 3, cached: 3 ✔
[af/ec34c0] SOM…:MINIMAP2_ALIGN (veh_depl) | 3 of 3, cached: 2 ✔
[bb/c7ea96] SOM…S:SAMTOOLS_SORT (veh_depl) | 2 of 3, cached: 1
[b6/df5cd4] SOM…MTOOLS_COVERAGE (abx_depl) | 2 of 2
[40/19a9e3] SOM…N_SINGLEEASYBIN (s4_final) | 2 of 2, cached: 1
[da/2cd26f] SOM…CHECKM2_PREDICT (s4_final) | 2 of 2
[bb/6734e6] SOM…S:CHECKM2_PARSE (s4_final) | 2 of 2
[9d/aea74a] SOM…NGLEM_PIPE_BINS (s4_final) | 2 of 2, cached: 1
[c7/99b3e2] SOM…RAISE (s4_final_appraisal) | 2 of 2
[45/e15933] SOM…:BAKTA_BAKTA (SemiBin_191) | 3 of 8
✓ Bakta annotation completed for SemiBin_108 (83.3% complete)
✓ Bakta annotation completed for SemiBin_191 (84.37% complete)


executor >  local (21)
[8b/1abc02] SOM…GS:SINGLEM_PIPE (s4_final) | 3 of 3, cached: 3 ✔
[51/127c20] SOM…M_MAGS:TAXBURST (abx_depl) | 3 of 3, cached: 3 ✔
[6c/97712f] SOMATEM_MAGS:FLYE (veh_depl)   | 3 of 3, cached: 3 ✔
[cb/ccb859] SOM…EM_MAGS:MINIMAP2_INDEX (3) | 3 of 3, cached: 3 ✔
[af/ec34c0] SOM…:MINIMAP2_ALIGN (veh_depl) | 3 of 3, cached: 2 ✔
[bb/c7ea96] SOM…S:SAMTOOLS_SORT (veh_depl) | 2 of 3, cached: 1
[b6/df5cd4] SOM…MTOOLS_COVERAGE (abx_depl) | 2 of 2
[40/19a9e3] SOM…N_SINGLEEASYBIN (s4_final) | 2 of 2, cached: 1
[da/2cd26f] SOM…CHECKM2_PREDICT (s4_final) | 2 of 2
[bb/6734e6] SOM…S:CHECKM2_PARSE (s4_final) | 2 of 2
[9d/aea74a] SOM…NGLEM_PIPE_BINS (s4_final) | 2 of 2, cached: 1
[c7/99b3e2] SOM…RAISE (s4_final_appraisal) | 2 of 2
[3f/d8a87f] SOM…:BAKTA_BAKTA (SemiBin_305) | 4 of 8
✓ Bakta annotation completed for SemiBin_108 (83.3% complete)
✓ Bakta annotation completed for SemiBin_191 (84.37% complete)
✓ Bakta annotation completed for SemiBin_305 (70.5% complete)

executor >  local (23)
[8b/1abc02] SOM…GS:SINGLEM_PIPE (s4_final) | 3 of 3, cached: 3 ✔
[51/127c20] SOM…M_MAGS:TAXBURST (abx_depl) | 3 of 3, cached: 3 ✔
[6c/97712f] SOMATEM_MAGS:FLYE (veh_depl)   | 3 of 3, cached: 3 ✔
[cb/ccb859] SOM…EM_MAGS:MINIMAP2_INDEX (3) | 3 of 3, cached: 3 ✔
[af/ec34c0] SOM…:MINIMAP2_ALIGN (veh_depl) | 3 of 3, cached: 2 ✔
[bb/c7ea96] SOM…S:SAMTOOLS_SORT (veh_depl) | 3 of 3, cached: 1 ✔
[88/b6d156] SOM…MTOOLS_COVERAGE (veh_depl) | 2 of 3
[2f/6d2f24] SOM…N_SINGLEEASYBIN (veh_depl) | 2 of 3, cached: 1
[da/2cd26f] SOM…CHECKM2_PREDICT (s4_final) | 2 of 2
[bb/6734e6] SOM…S:CHECKM2_PARSE (s4_final) | 2 of 2
[9d/aea74a] SOM…NGLEM_PIPE_BINS (s4_final) | 2 of 2, cached: 1
[c7/99b3e2] SOM…RAISE (s4_final_appraisal) | 2 of 2
[3f/d8a87f] SOM…:BAKTA_BAKTA (SemiBin_305) | 4 of 8




executor >  local (23)
[8b/1abc02] SOM…GS:SINGLEM_PIPE (s4_final) | 3 of 3, cached: 3 ✔
[51/127c20] SOM…M_MAGS:TAXBURST (abx_depl) | 3 of 3, cached: 3 ✔
[6c/97712f] SOMATEM_MAGS:FLYE (veh_depl)   | 3 of 3, cached: 3 ✔
[cb/ccb859] SOM…EM_MAGS:MINIMAP2_INDEX (3) | 3 of 3, cached: 3 ✔
[af/ec34c0] SOM…:MINIMAP2_ALIGN (veh_depl) | 3 of 3, cached: 2 ✔
[bb/c7ea96] SOM…S:SAMTOOLS_SORT (veh_depl) | 3 of 3, cached: 1 ✔
[88/b6d156] SOM…MTOOLS_COVERAGE (veh_depl) | 2 of 3
[2f/6d2f24] SOM…N_SINGLEEASYBIN (veh_depl) | 2 of 3, cached: 1
[da/2cd26f] SOM…CHECKM2_PREDICT (s4_final) | 2 of 2
[bb/6734e6] SOM…S:CHECKM2_PARSE (s4_final) | 2 of 2
[9d/aea74a] SOM…NGLEM_PIPE_BINS (s4_final) | 2 of 2, cached: 1
[c7/99b3e2] SOM…RAISE (s4_final_appraisal) | 2 of 2
[3f/d8a87f] SOM…:BAKTA_BAKTA (SemiBin_305) | 4 of 8




executor >  local (23)
[8b/1abc02] SOM…GS:SINGLEM_PIPE (s4_final) | 3 of 3, cached: 3 ✔
[51/127c20] SOM…M_MAGS:TAXBURST (abx_depl) | 3 of 3, cached: 3 ✔
[6c/97712f] SOMATEM_MAGS:FLYE (veh_depl)   | 3 of 3, cached: 3 ✔
[cb/ccb859] SOM…EM_MAGS:MINIMAP2_INDEX (3) | 3 of 3, cached: 3 ✔
[af/ec34c0] SOM…:MINIMAP2_ALIGN (veh_depl) | 3 of 3, cached: 2 ✔
[bb/c7ea96] SOM…S:SAMTOOLS_SORT (veh_depl) | 3 of 3, cached: 1 ✔
[88/b6d156] SOM…MTOOLS_COVERAGE (veh_depl) | 2 of 3
[2f/6d2f24] SOM…N_SINGLEEASYBIN (veh_depl) | 2 of 3, cached: 1
[da/2cd26f] SOM…CHECKM2_PREDICT (s4_final) | 2 of 2
[bb/6734e6] SOM…S:CHECKM2_PARSE (s4_final) | 2 of 2
[9d/aea74a] SOM…NGLEM_PIPE_BINS (s4_final) | 2 of 2, cached: 1
[c7/99b3e2] SOM…RAISE (s4_final_appraisal) | 2 of 2
[e5/339825] SOM…S:BAKTA_BAKTA (SemiBin_18) | 5 of 8
✓ Bakta annotation completed for SemiBin_18 (75.33% complete)

executor >  local (23)
[8b/1abc02] SOM…GS:SINGLEM_PIPE (s4_final) | 3 of 3, cached: 3 ✔
[51/127c20] SOM…M_MAGS:TAXBURST (abx_depl) | 3 of 3, cached: 3 ✔
[6c/97712f] SOMATEM_MAGS:FLYE (veh_depl)   | 3 of 3, cached: 3 ✔
[cb/ccb859] SOM…EM_MAGS:MINIMAP2_INDEX (3) | 3 of 3, cached: 3 ✔
[af/ec34c0] SOM…:MINIMAP2_ALIGN (veh_depl) | 3 of 3, cached: 2 ✔
[bb/c7ea96] SOM…S:SAMTOOLS_SORT (veh_depl) | 3 of 3, cached: 1 ✔
[88/b6d156] SOM…MTOOLS_COVERAGE (veh_depl) | 2 of 3
[2f/6d2f24] SOM…N_SINGLEEASYBIN (veh_depl) | 2 of 3, cached: 1
[da/2cd26f] SOM…CHECKM2_PREDICT (s4_final) | 2 of 2
[bb/6734e6] SOM…S:CHECKM2_PARSE (s4_final) | 2 of 2
[9d/aea74a] SOM…NGLEM_PIPE_BINS (s4_final) | 2 of 2, cached: 1
[c7/99b3e2] SOM…RAISE (s4_final_appraisal) | 2 of 2
[c4/41fd8c] SOM…S:BAKTA_BAKTA (SemiBin_62) | 6 of 8
✓ Bakta annotation completed for SemiBin_18 (75.33% complete)
✓ Bakta annotation completed for SemiBin_62 (58.19% complete)

executor >  local (23)
[8b/1abc02] SOM…GS:SINGLEM_PIPE (s4_final) | 3 of 3, cached: 3 ✔
[51/127c20] SOM…M_MAGS:TAXBURST (abx_depl) | 3 of 3, cached: 3 ✔
[6c/97712f] SOMATEM_MAGS:FLYE (veh_depl)   | 3 of 3, cached: 3 ✔
[cb/ccb859] SOM…EM_MAGS:MINIMAP2_INDEX (3) | 3 of 3, cached: 3 ✔
[af/ec34c0] SOM…:MINIMAP2_ALIGN (veh_depl) | 3 of 3, cached: 2 ✔
[bb/c7ea96] SOM…S:SAMTOOLS_SORT (veh_depl) | 3 of 3, cached: 1 ✔
[88/b6d156] SOM…MTOOLS_COVERAGE (veh_depl) | 2 of 3
[2f/6d2f24] SOM…N_SINGLEEASYBIN (veh_depl) | 2 of 3, cached: 1
[da/2cd26f] SOM…CHECKM2_PREDICT (s4_final) | 2 of 2
[bb/6734e6] SOM…S:CHECKM2_PARSE (s4_final) | 2 of 2
[9d/aea74a] SOM…NGLEM_PIPE_BINS (s4_final) | 2 of 2, cached: 1
[c7/99b3e2] SOM…RAISE (s4_final_appraisal) | 2 of 2
[4f/596c0d] SOM…S:BAKTA_BAKTA (SemiBin_17) | 7 of 8
✓ Bakta annotation completed for SemiBin_17 (58.54% complete)



executor >  local (23)
[8b/1abc02] SOM…GS:SINGLEM_PIPE (s4_final) | 3 of 3, cached: 3 ✔
[51/127c20] SOM…M_MAGS:TAXBURST (abx_depl) | 3 of 3, cached: 3 ✔
[6c/97712f] SOMATEM_MAGS:FLYE (veh_depl)   | 3 of 3, cached: 3 ✔
[cb/ccb859] SOM…EM_MAGS:MINIMAP2_INDEX (3) | 3 of 3, cached: 3 ✔
[af/ec34c0] SOM…:MINIMAP2_ALIGN (veh_depl) | 3 of 3, cached: 2 ✔
[bb/c7ea96] SOM…S:SAMTOOLS_SORT (veh_depl) | 3 of 3, cached: 1 ✔
[88/b6d156] SOM…MTOOLS_COVERAGE (veh_depl) | 3 of 3 ✔
[2f/6d2f24] SOM…N_SINGLEEASYBIN (veh_depl) | 2 of 3, cached: 1
[da/2cd26f] SOM…CHECKM2_PREDICT (s4_final) | 2 of 2
[bb/6734e6] SOM…S:CHECKM2_PARSE (s4_final) | 2 of 2
[9d/aea74a] SOM…NGLEM_PIPE_BINS (s4_final) | 2 of 2, cached: 1
[c7/99b3e2] SOM…RAISE (s4_final_appraisal) | 2 of 2
[4f/596c0d] SOM…S:BAKTA_BAKTA (SemiBin_17) | 7 of 8
✓ Bakta annotation completed for SemiBin_17 (58.54% complete)
✓ Coverage calculated for veh_depl


executor >  local (23)
[8b/1abc02] SOM…GS:SINGLEM_PIPE (s4_final) | 3 of 3, cached: 3 ✔
[51/127c20] SOM…M_MAGS:TAXBURST (abx_depl) | 3 of 3, cached: 3 ✔
[6c/97712f] SOMATEM_MAGS:FLYE (veh_depl)   | 3 of 3, cached: 3 ✔
[cb/ccb859] SOM…EM_MAGS:MINIMAP2_INDEX (3) | 3 of 3, cached: 3 ✔
[af/ec34c0] SOM…:MINIMAP2_ALIGN (veh_depl) | 3 of 3, cached: 2 ✔
[bb/c7ea96] SOM…S:SAMTOOLS_SORT (veh_depl) | 3 of 3, cached: 1 ✔
[88/b6d156] SOM…MTOOLS_COVERAGE (veh_depl) | 3 of 3 ✔
[2f/6d2f24] SOM…N_SINGLEEASYBIN (veh_depl) | 2 of 3, cached: 1
[da/2cd26f] SOM…CHECKM2_PREDICT (s4_final) | 2 of 2
[bb/6734e6] SOM…S:CHECKM2_PARSE (s4_final) | 2 of 2
[9d/aea74a] SOM…NGLEM_PIPE_BINS (s4_final) | 2 of 2, cached: 1
[c7/99b3e2] SOM…RAISE (s4_final_appraisal) | 2 of 2
[5f/a4126e] SOM…S:BAKTA_BAKTA (SemiBin_23) | 8 of 8
✓ Bakta annotation completed for SemiBin_23 (97.48% complete)



executor >  local (25)
[8b/1abc02] SOM…GS:SINGLEM_PIPE (s4_final) | 3 of 3, cached: 3 ✔
[51/127c20] SOM…M_MAGS:TAXBURST (abx_depl) | 3 of 3, cached: 3 ✔
[6c/97712f] SOMATEM_MAGS:FLYE (veh_depl)   | 3 of 3, cached: 3 ✔
[cb/ccb859] SOM…EM_MAGS:MINIMAP2_INDEX (3) | 3 of 3, cached: 3 ✔
[af/ec34c0] SOM…:MINIMAP2_ALIGN (veh_depl) | 3 of 3, cached: 2 ✔
[bb/c7ea96] SOM…S:SAMTOOLS_SORT (veh_depl) | 3 of 3, cached: 1 ✔
[88/b6d156] SOM…MTOOLS_COVERAGE (veh_depl) | 3 of 3 ✔
[2f/6d2f24] SOM…N_SINGLEEASYBIN (veh_depl) | 3 of 3, cached: 1 ✔
[0a/8076e3] SOM…CHECKM2_PREDICT (veh_depl) | 2 of 3
[bb/6734e6] SOM…S:CHECKM2_PARSE (s4_final) | 2 of 2
[d1/82d9fc] SOM…NGLEM_PIPE_BINS (veh_depl) | 2 of 3, cached: 1
[c7/99b3e2] SOM…RAISE (s4_final_appraisal) | 2 of 2
[5f/a4126e] SOM…S:BAKTA_BAKTA (SemiBin_23) | 8 of 8
✓ Binning completed for veh_depl: 72 bins



executor >  local (26)
[8b/1abc02] SOM…GS:SINGLEM_PIPE (s4_final) | 3 of 3, cached: 3 ✔
[51/127c20] SOM…M_MAGS:TAXBURST (abx_depl) | 3 of 3, cached: 3 ✔
[6c/97712f] SOMATEM_MAGS:FLYE (veh_depl)   | 3 of 3, cached: 3 ✔
[cb/ccb859] SOM…EM_MAGS:MINIMAP2_INDEX (3) | 3 of 3, cached: 3 ✔
[af/ec34c0] SOM…:MINIMAP2_ALIGN (veh_depl) | 3 of 3, cached: 2 ✔
[bb/c7ea96] SOM…S:SAMTOOLS_SORT (veh_depl) | 3 of 3, cached: 1 ✔
[88/b6d156] SOM…MTOOLS_COVERAGE (veh_depl) | 3 of 3 ✔
[2f/6d2f24] SOM…N_SINGLEEASYBIN (veh_depl) | 3 of 3, cached: 1 ✔
[0a/8076e3] SOM…CHECKM2_PREDICT (veh_depl) | 2 of 3
[bb/6734e6] SOM…S:CHECKM2_PARSE (s4_final) | 2 of 2
[d1/82d9fc] SOM…NGLEM_PIPE_BINS (veh_depl) | 3 of 3, cached: 1 ✔
[cf/f0fa94] SOM…RAISE (veh_depl_appraisal) | 2 of 3
[5f/a4126e] SOM…S:BAKTA_BAKTA (SemiBin_23) | 8 of 8



executor >  local (26)
[8b/1abc02] SOM…GS:SINGLEM_PIPE (s4_final) | 3 of 3, cached: 3 ✔
[51/127c20] SOM…M_MAGS:TAXBURST (abx_depl) | 3 of 3, cached: 3 ✔
[6c/97712f] SOMATEM_MAGS:FLYE (veh_depl)   | 3 of 3, cached: 3 ✔
[cb/ccb859] SOM…EM_MAGS:MINIMAP2_INDEX (3) | 3 of 3, cached: 3 ✔
[af/ec34c0] SOM…:MINIMAP2_ALIGN (veh_depl) | 3 of 3, cached: 2 ✔
[bb/c7ea96] SOM…S:SAMTOOLS_SORT (veh_depl) | 3 of 3, cached: 1 ✔
[88/b6d156] SOM…MTOOLS_COVERAGE (veh_depl) | 3 of 3 ✔
[2f/6d2f24] SOM…N_SINGLEEASYBIN (veh_depl) | 3 of 3, cached: 1 ✔
[0a/8076e3] SOM…CHECKM2_PREDICT (veh_depl) | 2 of 3
[bb/6734e6] SOM…S:CHECKM2_PARSE (s4_final) | 2 of 2
[d1/82d9fc] SOM…NGLEM_PIPE_BINS (veh_depl) | 3 of 3, cached: 1 ✔
[cf/f0fa94] SOM…RAISE (veh_depl_appraisal) | 2 of 3
[5f/a4126e] SOM…S:BAKTA_BAKTA (SemiBin_23) | 8 of 8


executor >  local (26)
[8b/1abc02] SOM…GS:SINGLEM_PIPE (s4_final) | 3 of 3, cached: 3 ✔
[51/127c20] SOM…M_MAGS:TAXBURST (abx_depl) | 3 of 3, cached: 3 ✔
[6c/97712f] SOMATEM_MAGS:FLYE (veh_depl)   | 3 of 3, cached: 3 ✔
[cb/ccb859] SOM…EM_MAGS:MINIMAP2_INDEX (3) | 3 of 3, cached: 3 ✔
[af/ec34c0] SOM…:MINIMAP2_ALIGN (veh_depl) | 3 of 3, cached: 2 ✔
[bb/c7ea96] SOM…S:SAMTOOLS_SORT (veh_depl) | 3 of 3, cached: 1 ✔
[88/b6d156] SOM…MTOOLS_COVERAGE (veh_depl) | 3 of 3 ✔
[2f/6d2f24] SOM…N_SINGLEEASYBIN (veh_depl) | 3 of 3, cached: 1 ✔
[0a/8076e3] SOM…CHECKM2_PREDICT (veh_depl) | 2 of 3
[bb/6734e6] SOM…S:CHECKM2_PARSE (s4_final) | 2 of 2
[d1/82d9fc] SOM…NGLEM_PIPE_BINS (veh_depl) | 3 of 3, cached: 1 ✔
[cf/f0fa94] SOM…RAISE (veh_depl_appraisal) | 3 of 3 ✔
[5f/a4126e] SOM…S:BAKTA_BAKTA (SemiBin_23) | 8 of 8
✓ SingleM appraise analysis completed for veh_depl_appraisal

executor >  local (27)
[8b/1abc02] SOM…GS:SINGLEM_PIPE (s4_final) | 3 of 3, cached: 3 ✔
[51/127c20] SOM…M_MAGS:TAXBURST (abx_depl) | 3 of 3, cached: 3 ✔
[6c/97712f] SOMATEM_MAGS:FLYE (veh_depl)   | 3 of 3, cached: 3 ✔
[cb/ccb859] SOM…EM_MAGS:MINIMAP2_INDEX (3) | 3 of 3, cached: 3 ✔
[af/ec34c0] SOM…:MINIMAP2_ALIGN (veh_depl) | 3 of 3, cached: 2 ✔
[bb/c7ea96] SOM…S:SAMTOOLS_SORT (veh_depl) | 3 of 3, cached: 1 ✔
[88/b6d156] SOM…MTOOLS_COVERAGE (veh_depl) | 3 of 3 ✔
[2f/6d2f24] SOM…N_SINGLEEASYBIN (veh_depl) | 3 of 3, cached: 1 ✔
[0a/8076e3] SOM…CHECKM2_PREDICT (veh_depl) | 3 of 3 ✔
[48/079be7] SOM…S:CHECKM2_PARSE (veh_depl) | 2 of 3
[d1/82d9fc] SOM…NGLEM_PIPE_BINS (veh_depl) | 3 of 3, cached: 1 ✔
[cf/f0fa94] SOM…RAISE (veh_depl_appraisal) | 3 of 3 ✔
[5f/a4126e] SOM…S:BAKTA_BAKTA (SemiBin_23) | 8 of 8
✓ SingleM appraise analysis completed for veh_depl_appraisal
✓ Quality assessment completed for veh_depl

executor >  local (27)
[8b/1abc02] SOM…GS:SINGLEM_PIPE (s4_final) | 3 of 3, cached: 3 ✔
[51/127c20] SOM…M_MAGS:TAXBURST (abx_depl) | 3 of 3, cached: 3 ✔
[6c/97712f] SOMATEM_MAGS:FLYE (veh_depl)   | 3 of 3, cached: 3 ✔
[cb/ccb859] SOM…EM_MAGS:MINIMAP2_INDEX (3) | 3 of 3, cached: 3 ✔
[af/ec34c0] SOM…:MINIMAP2_ALIGN (veh_depl) | 3 of 3, cached: 2 ✔
[bb/c7ea96] SOM…S:SAMTOOLS_SORT (veh_depl) | 3 of 3, cached: 1 ✔
[88/b6d156] SOM…MTOOLS_COVERAGE (veh_depl) | 3 of 3 ✔
[2f/6d2f24] SOM…N_SINGLEEASYBIN (veh_depl) | 3 of 3, cached: 1 ✔
[0a/8076e3] SOM…CHECKM2_PREDICT (veh_depl) | 3 of 3 ✔
[48/079be7] SOM…S:CHECKM2_PARSE (veh_depl) | 2 of 3
[d1/82d9fc] SOM…NGLEM_PIPE_BINS (veh_depl) | 3 of 3, cached: 1 ✔
[cf/f0fa94] SOM…RAISE (veh_depl_appraisal) | 3 of 3 ✔
[5f/a4126e] SOM…S:BAKTA_BAKTA (SemiBin_23) | 8 of 8
✓ SingleM appraise analysis completed for veh_depl_appraisal
✓ Quality assessment completed for veh_depl

executor >  local (42)
[8b/1abc02] SOM…GS:SINGLEM_PIPE (s4_final) | 3 of 3, cached: 3 ✔
[51/127c20] SOM…M_MAGS:TAXBURST (abx_depl) | 3 of 3, cached: 3 ✔
[6c/97712f] SOMATEM_MAGS:FLYE (veh_depl)   | 3 of 3, cached: 3 ✔
[cb/ccb859] SOM…EM_MAGS:MINIMAP2_INDEX (3) | 3 of 3, cached: 3 ✔
[af/ec34c0] SOM…:MINIMAP2_ALIGN (veh_depl) | 3 of 3, cached: 2 ✔
[bb/c7ea96] SOM…S:SAMTOOLS_SORT (veh_depl) | 3 of 3, cached: 1 ✔
[88/b6d156] SOM…MTOOLS_COVERAGE (veh_depl) | 3 of 3 ✔
[2f/6d2f24] SOM…N_SINGLEEASYBIN (veh_depl) | 3 of 3, cached: 1 ✔
[0a/8076e3] SOM…CHECKM2_PREDICT (veh_depl) | 3 of 3 ✔
[48/079be7] SOM…S:CHECKM2_PARSE (veh_depl) | 3 of 3 ✔
[d1/82d9fc] SOM…NGLEM_PIPE_BINS (veh_depl) | 3 of 3, cached: 1 ✔
[cf/f0fa94] SOM…RAISE (veh_depl_appraisal) | 3 of 3 ✔
[78/0b0293] SOM…GS:BAKTA_BAKTA (SemiBin_7) | 8 of 29
✓ Quality assessment completed for veh_depl


executor >  local (43)
[8b/1abc02] SOM…GS:SINGLEM_PIPE (s4_final) | 3 of 3, cached: 3 ✔
[51/127c20] SOM…M_MAGS:TAXBURST (abx_depl) | 3 of 3, cached: 3 ✔
[6c/97712f] SOMATEM_MAGS:FLYE (veh_depl)   | 3 of 3, cached: 3 ✔
[cb/ccb859] SOM…EM_MAGS:MINIMAP2_INDEX (3) | 3 of 3, cached: 3 ✔
[af/ec34c0] SOM…:MINIMAP2_ALIGN (veh_depl) | 3 of 3, cached: 2 ✔
[bb/c7ea96] SOM…S:SAMTOOLS_SORT (veh_depl) | 3 of 3, cached: 1 ✔
[88/b6d156] SOM…MTOOLS_COVERAGE (veh_depl) | 3 of 3 ✔
[2f/6d2f24] SOM…N_SINGLEEASYBIN (veh_depl) | 3 of 3, cached: 1 ✔
[0a/8076e3] SOM…CHECKM2_PREDICT (veh_depl) | 3 of 3 ✔
[48/079be7] SOM…S:CHECKM2_PARSE (veh_depl) | 3 of 3 ✔
[d1/82d9fc] SOM…NGLEM_PIPE_BINS (veh_depl) | 3 of 3, cached: 1 ✔
[cf/f0fa94] SOM…RAISE (veh_depl_appraisal) | 3 of 3 ✔
[01/eba356] SOM…:BAKTA_BAKTA (SemiBin_224) | 9 of 29
✓ Bakta annotation completed for SemiBin_224 (88.21% complete)


executor >  local (43)
[8b/1abc02] SOM…GS:SINGLEM_PIPE (s4_final) | 3 of 3, cached: 3 ✔
[51/127c20] SOM…M_MAGS:TAXBURST (abx_depl) | 3 of 3, cached: 3 ✔
[6c/97712f] SOMATEM_MAGS:FLYE (veh_depl)   | 3 of 3, cached: 3 ✔
[cb/ccb859] SOM…EM_MAGS:MINIMAP2_INDEX (3) | 3 of 3, cached: 3 ✔
[af/ec34c0] SOM…:MINIMAP2_ALIGN (veh_depl) | 3 of 3, cached: 2 ✔
[bb/c7ea96] SOM…S:SAMTOOLS_SORT (veh_depl) | 3 of 3, cached: 1 ✔
[88/b6d156] SOM…MTOOLS_COVERAGE (veh_depl) | 3 of 3 ✔
[2f/6d2f24] SOM…N_SINGLEEASYBIN (veh_depl) | 3 of 3, cached: 1 ✔
[0a/8076e3] SOM…CHECKM2_PREDICT (veh_depl) | 3 of 3 ✔
[48/079be7] SOM…S:CHECKM2_PARSE (veh_depl) | 3 of 3 ✔
[d1/82d9fc] SOM…NGLEM_PIPE_BINS (veh_depl) | 3 of 3, cached: 1 ✔
[cf/f0fa94] SOM…RAISE (veh_depl_appraisal) | 3 of 3 ✔
[01/eba356] SOM…:BAKTA_BAKTA (SemiBin_224) | 9 of 29
✓ Bakta annotation completed for SemiBin_224 (88.21% complete)


executor >  local (44)
[8b/1abc02] SOM…GS:SINGLEM_PIPE (s4_final) | 3 of 3, cached: 3 ✔
[51/127c20] SOM…M_MAGS:TAXBURST (abx_depl) | 3 of 3, cached: 3 ✔
[6c/97712f] SOMATEM_MAGS:FLYE (veh_depl)   | 3 of 3, cached: 3 ✔
[cb/ccb859] SOM…EM_MAGS:MINIMAP2_INDEX (3) | 3 of 3, cached: 3 ✔
[af/ec34c0] SOM…:MINIMAP2_ALIGN (veh_depl) | 3 of 3, cached: 2 ✔
[bb/c7ea96] SOM…S:SAMTOOLS_SORT (veh_depl) | 3 of 3, cached: 1 ✔
[88/b6d156] SOM…MTOOLS_COVERAGE (veh_depl) | 3 of 3 ✔
[2f/6d2f24] SOM…N_SINGLEEASYBIN (veh_depl) | 3 of 3, cached: 1 ✔
[0a/8076e3] SOM…CHECKM2_PREDICT (veh_depl) | 3 of 3 ✔
[48/079be7] SOM…S:CHECKM2_PARSE (veh_depl) | 3 of 3 ✔
[d1/82d9fc] SOM…NGLEM_PIPE_BINS (veh_depl) | 3 of 3, cached: 1 ✔
[cf/f0fa94] SOM…RAISE (veh_depl_appraisal) | 3 of 3 ✔
[dd/39fe82] SOM…S:BAKTA_BAKTA (SemiBin_33) | 10 of 29
✓ Bakta annotation completed for SemiBin_33 (87.12% complete)


executor >  local (45)
[8b/1abc02] SOM…GS:SINGLEM_PIPE (s4_final) | 3 of 3, cached: 3 ✔
[51/127c20] SOM…M_MAGS:TAXBURST (abx_depl) | 3 of 3, cached: 3 ✔
[6c/97712f] SOMATEM_MAGS:FLYE (veh_depl)   | 3 of 3, cached: 3 ✔
[cb/ccb859] SOM…EM_MAGS:MINIMAP2_INDEX (3) | 3 of 3, cached: 3 ✔
[af/ec34c0] SOM…:MINIMAP2_ALIGN (veh_depl) | 3 of 3, cached: 2 ✔
[bb/c7ea96] SOM…S:SAMTOOLS_SORT (veh_depl) | 3 of 3, cached: 1 ✔
[88/b6d156] SOM…MTOOLS_COVERAGE (veh_depl) | 3 of 3 ✔
[2f/6d2f24] SOM…N_SINGLEEASYBIN (veh_depl) | 3 of 3, cached: 1 ✔
[0a/8076e3] SOM…CHECKM2_PREDICT (veh_depl) | 3 of 3 ✔
[48/079be7] SOM…S:CHECKM2_PARSE (veh_depl) | 3 of 3 ✔
[d1/82d9fc] SOM…NGLEM_PIPE_BINS (veh_depl) | 3 of 3, cached: 1 ✔
[cf/f0fa94] SOM…RAISE (veh_depl_appraisal) | 3 of 3 ✔
[0a/15c5ea] SOM…S:BAKTA_BAKTA (SemiBin_37) | 11 of 29
✓ Bakta annotation completed for SemiBin_33 (87.12% complete)
✓ Bakta annotation completed for SemiBin_37 (79.76% complete)

executor >  local (45)
[8b/1abc02] SOM…GS:SINGLEM_PIPE (s4_final) | 3 of 3, cached: 3 ✔
[51/127c20] SOM…M_MAGS:TAXBURST (abx_depl) | 3 of 3, cached: 3 ✔
[6c/97712f] SOMATEM_MAGS:FLYE (veh_depl)   | 3 of 3, cached: 3 ✔
[cb/ccb859] SOM…EM_MAGS:MINIMAP2_INDEX (3) | 3 of 3, cached: 3 ✔
[af/ec34c0] SOM…:MINIMAP2_ALIGN (veh_depl) | 3 of 3, cached: 2 ✔
[bb/c7ea96] SOM…S:SAMTOOLS_SORT (veh_depl) | 3 of 3, cached: 1 ✔
[88/b6d156] SOM…MTOOLS_COVERAGE (veh_depl) | 3 of 3 ✔
[2f/6d2f24] SOM…N_SINGLEEASYBIN (veh_depl) | 3 of 3, cached: 1 ✔
[0a/8076e3] SOM…CHECKM2_PREDICT (veh_depl) | 3 of 3 ✔
[48/079be7] SOM…S:CHECKM2_PARSE (veh_depl) | 3 of 3 ✔
[d1/82d9fc] SOM…NGLEM_PIPE_BINS (veh_depl) | 3 of 3, cached: 1 ✔
[cf/f0fa94] SOM…RAISE (veh_depl_appraisal) | 3 of 3 ✔
[0a/15c5ea] SOM…S:BAKTA_BAKTA (SemiBin_37) | 11 of 29
✓ Bakta annotation completed for SemiBin_33 (87.12% complete)
✓ Bakta annotation completed for SemiBin_37 (79.76% complete)

executor >  local (46)
[8b/1abc02] SOM…GS:SINGLEM_PIPE (s4_final) | 3 of 3, cached: 3 ✔
[51/127c20] SOM…M_MAGS:TAXBURST (abx_depl) | 3 of 3, cached: 3 ✔
[6c/97712f] SOMATEM_MAGS:FLYE (veh_depl)   | 3 of 3, cached: 3 ✔
[cb/ccb859] SOM…EM_MAGS:MINIMAP2_INDEX (3) | 3 of 3, cached: 3 ✔
[af/ec34c0] SOM…:MINIMAP2_ALIGN (veh_depl) | 3 of 3, cached: 2 ✔
[bb/c7ea96] SOM…S:SAMTOOLS_SORT (veh_depl) | 3 of 3, cached: 1 ✔
[88/b6d156] SOM…MTOOLS_COVERAGE (veh_depl) | 3 of 3 ✔
[2f/6d2f24] SOM…N_SINGLEEASYBIN (veh_depl) | 3 of 3, cached: 1 ✔
[0a/8076e3] SOM…CHECKM2_PREDICT (veh_depl) | 3 of 3 ✔
[48/079be7] SOM…S:CHECKM2_PARSE (veh_depl) | 3 of 3 ✔
[d1/82d9fc] SOM…NGLEM_PIPE_BINS (veh_depl) | 3 of 3, cached: 1 ✔
[cf/f0fa94] SOM…RAISE (veh_depl_appraisal) | 3 of 3 ✔
[5d/017359] SOM…:BAKTA_BAKTA (SemiBin_136) | 12 of 29
✓ Bakta annotation completed for SemiBin_136 (82.59% complete)



executor >  local (48)
[8b/1abc02] SOM…GS:SINGLEM_PIPE (s4_final) | 3 of 3, cached: 3 ✔
[51/127c20] SOM…M_MAGS:TAXBURST (abx_depl) | 3 of 3, cached: 3 ✔
[6c/97712f] SOMATEM_MAGS:FLYE (veh_depl)   | 3 of 3, cached: 3 ✔
[cb/ccb859] SOM…EM_MAGS:MINIMAP2_INDEX (3) | 3 of 3, cached: 3 ✔
[af/ec34c0] SOM…:MINIMAP2_ALIGN (veh_depl) | 3 of 3, cached: 2 ✔
[bb/c7ea96] SOM…S:SAMTOOLS_SORT (veh_depl) | 3 of 3, cached: 1 ✔
[88/b6d156] SOM…MTOOLS_COVERAGE (veh_depl) | 3 of 3 ✔
[2f/6d2f24] SOM…N_SINGLEEASYBIN (veh_depl) | 3 of 3, cached: 1 ✔
[0a/8076e3] SOM…CHECKM2_PREDICT (veh_depl) | 3 of 3 ✔
[48/079be7] SOM…S:CHECKM2_PARSE (veh_depl) | 3 of 3 ✔
[d1/82d9fc] SOM…NGLEM_PIPE_BINS (veh_depl) | 3 of 3, cached: 1 ✔
[cf/f0fa94] SOM…RAISE (veh_depl_appraisal) | 3 of 3 ✔
[78/0b0293] SOM…GS:BAKTA_BAKTA (SemiBin_7) | 14 of 29
✓ Bakta annotation completed for SemiBin_136 (82.59% complete)
✓ Bakta annotation completed for SemiBin_14 (62.92% complete)
✓ Bakta annotation completed for SemiBin_7 (65.02% complete)

executor >  local (48)
[8b/1abc02] SOM…GS:SINGLEM_PIPE (s4_final) | 3 of 3, cached: 3 ✔
[51/127c20] SOM…M_MAGS:TAXBURST (abx_depl) | 3 of 3, cached: 3 ✔
[6c/97712f] SOMATEM_MAGS:FLYE (veh_depl)   | 3 of 3, cached: 3 ✔
[cb/ccb859] SOM…EM_MAGS:MINIMAP2_INDEX (3) | 3 of 3, cached: 3 ✔
[af/ec34c0] SOM…:MINIMAP2_ALIGN (veh_depl) | 3 of 3, cached: 2 ✔
[bb/c7ea96] SOM…S:SAMTOOLS_SORT (veh_depl) | 3 of 3, cached: 1 ✔
[88/b6d156] SOM…MTOOLS_COVERAGE (veh_depl) | 3 of 3 ✔
[2f/6d2f24] SOM…N_SINGLEEASYBIN (veh_depl) | 3 of 3, cached: 1 ✔
[0a/8076e3] SOM…CHECKM2_PREDICT (veh_depl) | 3 of 3 ✔
[48/079be7] SOM…S:CHECKM2_PARSE (veh_depl) | 3 of 3 ✔
[d1/82d9fc] SOM…NGLEM_PIPE_BINS (veh_depl) | 3 of 3, cached: 1 ✔
[cf/f0fa94] SOM…RAISE (veh_depl_appraisal) | 3 of 3 ✔
[78/0b0293] SOM…GS:BAKTA_BAKTA (SemiBin_7) | 14 of 29
✓ Bakta annotation completed for SemiBin_136 (82.59% complete)
✓ Bakta annotation completed for SemiBin_14 (62.92% complete)
✓ Bakta annotation completed for SemiBin_7 (65.02% complete)

executor >  local (48)
[8b/1abc02] SOM…GS:SINGLEM_PIPE (s4_final) | 3 of 3, cached: 3 ✔
[51/127c20] SOM…M_MAGS:TAXBURST (abx_depl) | 3 of 3, cached: 3 ✔
[6c/97712f] SOMATEM_MAGS:FLYE (veh_depl)   | 3 of 3, cached: 3 ✔
[cb/ccb859] SOM…EM_MAGS:MINIMAP2_INDEX (3) | 3 of 3, cached: 3 ✔
[af/ec34c0] SOM…:MINIMAP2_ALIGN (veh_depl) | 3 of 3, cached: 2 ✔
[bb/c7ea96] SOM…S:SAMTOOLS_SORT (veh_depl) | 3 of 3, cached: 1 ✔
[88/b6d156] SOM…MTOOLS_COVERAGE (veh_depl) | 3 of 3 ✔
[2f/6d2f24] SOM…N_SINGLEEASYBIN (veh_depl) | 3 of 3, cached: 1 ✔
[0a/8076e3] SOM…CHECKM2_PREDICT (veh_depl) | 3 of 3 ✔
[48/079be7] SOM…S:CHECKM2_PARSE (veh_depl) | 3 of 3 ✔
[d1/82d9fc] SOM…NGLEM_PIPE_BINS (veh_depl) | 3 of 3, cached: 1 ✔
[cf/f0fa94] SOM…RAISE (veh_depl_appraisal) | 3 of 3 ✔
[27/4e23e8] SOM…:BAKTA_BAKTA (SemiBin_182) | 15 of 29
✓ Bakta annotation completed for SemiBin_136 (82.59% complete)
✓ Bakta annotation completed for SemiBin_14 (62.92% complete)
✓ Bakta annotation completed for SemiBin_7 (65.02% complete)
✓ Bakta annotation completed for SemiBin_182 (72.97% complete)

executor >  local (48)
[8b/1abc02] SOM…GS:SINGLEM_PIPE (s4_final) | 3 of 3, cached: 3 ✔
[51/127c20] SOM…M_MAGS:TAXBURST (abx_depl) | 3 of 3, cached: 3 ✔
[6c/97712f] SOMATEM_MAGS:FLYE (veh_depl)   | 3 of 3, cached: 3 ✔
[cb/ccb859] SOM…EM_MAGS:MINIMAP2_INDEX (3) | 3 of 3, cached: 3 ✔
[af/ec34c0] SOM…:MINIMAP2_ALIGN (veh_depl) | 3 of 3, cached: 2 ✔
[bb/c7ea96] SOM…S:SAMTOOLS_SORT (veh_depl) | 3 of 3, cached: 1 ✔
[88/b6d156] SOM…MTOOLS_COVERAGE (veh_depl) | 3 of 3 ✔
[2f/6d2f24] SOM…N_SINGLEEASYBIN (veh_depl) | 3 of 3, cached: 1 ✔
[0a/8076e3] SOM…CHECKM2_PREDICT (veh_depl) | 3 of 3 ✔
[48/079be7] SOM…S:CHECKM2_PARSE (veh_depl) | 3 of 3 ✔
[d1/82d9fc] SOM…NGLEM_PIPE_BINS (veh_depl) | 3 of 3, cached: 1 ✔
[cf/f0fa94] SOM…RAISE (veh_depl_appraisal) | 3 of 3 ✔
[ba/58ef2a] SOM…:BAKTA_BAKTA (SemiBin_191) | 16 of 29
✓ Bakta annotation completed for SemiBin_136 (82.59% complete)
✓ Bakta annotation completed for SemiBin_14 (62.92% complete)
✓ Bakta annotation completed for SemiBin_7 (65.02% complete)
✓ Bakta annotation completed for SemiBin_182 (72.97% complete)
✓ Bakta annotation completed for SemiBin_191 (85.35% complete)

executor >  local (48)
[8b/1abc02] SOM…GS:SINGLEM_PIPE (s4_final) | 3 of 3, cached: 3 ✔
[51/127c20] SOM…M_MAGS:TAXBURST (abx_depl) | 3 of 3, cached: 3 ✔
[6c/97712f] SOMATEM_MAGS:FLYE (veh_depl)   | 3 of 3, cached: 3 ✔
[cb/ccb859] SOM…EM_MAGS:MINIMAP2_INDEX (3) | 3 of 3, cached: 3 ✔
[af/ec34c0] SOM…:MINIMAP2_ALIGN (veh_depl) | 3 of 3, cached: 2 ✔
[bb/c7ea96] SOM…S:SAMTOOLS_SORT (veh_depl) | 3 of 3, cached: 1 ✔
[88/b6d156] SOM…MTOOLS_COVERAGE (veh_depl) | 3 of 3 ✔
[2f/6d2f24] SOM…N_SINGLEEASYBIN (veh_depl) | 3 of 3, cached: 1 ✔
[0a/8076e3] SOM…CHECKM2_PREDICT (veh_depl) | 3 of 3 ✔
[48/079be7] SOM…S:CHECKM2_PARSE (veh_depl) | 3 of 3 ✔
[d1/82d9fc] SOM…NGLEM_PIPE_BINS (veh_depl) | 3 of 3, cached: 1 ✔
[cf/f0fa94] SOM…RAISE (veh_depl_appraisal) | 3 of 3 ✔
[0e/c837f5] SOM…S:BAKTA_BAKTA (SemiBin_94) | 17 of 29
✓ Bakta annotation completed for SemiBin_14 (62.92% complete)
✓ Bakta annotation completed for SemiBin_7 (65.02% complete)
✓ Bakta annotation completed for SemiBin_182 (72.97% complete)
✓ Bakta annotation completed for SemiBin_191 (85.35% complete)
✓ Bakta annotation completed for SemiBin_94 (86.48% complete)


executor >  local (48)
[8b/1abc02] SOM…GS:SINGLEM_PIPE (s4_final) | 3 of 3, cached: 3 ✔
[51/127c20] SOM…M_MAGS:TAXBURST (abx_depl) | 3 of 3, cached: 3 ✔
[6c/97712f] SOMATEM_MAGS:FLYE (veh_depl)   | 3 of 3, cached: 3 ✔
[cb/ccb859] SOM…EM_MAGS:MINIMAP2_INDEX (3) | 3 of 3, cached: 3 ✔
[af/ec34c0] SOM…:MINIMAP2_ALIGN (veh_depl) | 3 of 3, cached: 2 ✔
[bb/c7ea96] SOM…S:SAMTOOLS_SORT (veh_depl) | 3 of 3, cached: 1 ✔
[88/b6d156] SOM…MTOOLS_COVERAGE (veh_depl) | 3 of 3 ✔
[2f/6d2f24] SOM…N_SINGLEEASYBIN (veh_depl) | 3 of 3, cached: 1 ✔
[0a/8076e3] SOM…CHECKM2_PREDICT (veh_depl) | 3 of 3 ✔
[48/079be7] SOM…S:CHECKM2_PARSE (veh_depl) | 3 of 3 ✔
[d1/82d9fc] SOM…NGLEM_PIPE_BINS (veh_depl) | 3 of 3, cached: 1 ✔
[cf/f0fa94] SOM…RAISE (veh_depl_appraisal) | 3 of 3 ✔
[1d/5c52b6] SOM…S:BAKTA_BAKTA (SemiBin_77) | 18 of 29
✓ Bakta annotation completed for SemiBin_77 (86.58% complete)






executor >  local (48)
[8b/1abc02] SOM…GS:SINGLEM_PIPE (s4_final) | 3 of 3, cached: 3 ✔
[51/127c20] SOM…M_MAGS:TAXBURST (abx_depl) | 3 of 3, cached: 3 ✔
[6c/97712f] SOMATEM_MAGS:FLYE (veh_depl)   | 3 of 3, cached: 3 ✔
[cb/ccb859] SOM…EM_MAGS:MINIMAP2_INDEX (3) | 3 of 3, cached: 3 ✔
[af/ec34c0] SOM…:MINIMAP2_ALIGN (veh_depl) | 3 of 3, cached: 2 ✔
[bb/c7ea96] SOM…S:SAMTOOLS_SORT (veh_depl) | 3 of 3, cached: 1 ✔
[88/b6d156] SOM…MTOOLS_COVERAGE (veh_depl) | 3 of 3 ✔
[2f/6d2f24] SOM…N_SINGLEEASYBIN (veh_depl) | 3 of 3, cached: 1 ✔
[0a/8076e3] SOM…CHECKM2_PREDICT (veh_depl) | 3 of 3 ✔
[48/079be7] SOM…S:CHECKM2_PARSE (veh_depl) | 3 of 3 ✔
[d1/82d9fc] SOM…NGLEM_PIPE_BINS (veh_depl) | 3 of 3, cached: 1 ✔
[cf/f0fa94] SOM…RAISE (veh_depl_appraisal) | 3 of 3 ✔
[a2/128519] SOM…S:BAKTA_BAKTA (SemiBin_39) | 19 of 29
✓ Bakta annotation completed for SemiBin_77 (86.58% complete)
✓ Bakta annotation completed for SemiBin_39 (94.09% complete)





executor >  local (48)
[8b/1abc02] SOM…GS:SINGLEM_PIPE (s4_final) | 3 of 3, cached: 3 ✔
[51/127c20] SOM…M_MAGS:TAXBURST (abx_depl) | 3 of 3, cached: 3 ✔
[6c/97712f] SOMATEM_MAGS:FLYE (veh_depl)   | 3 of 3, cached: 3 ✔
[cb/ccb859] SOM…EM_MAGS:MINIMAP2_INDEX (3) | 3 of 3, cached: 3 ✔
[af/ec34c0] SOM…:MINIMAP2_ALIGN (veh_depl) | 3 of 3, cached: 2 ✔
[bb/c7ea96] SOM…S:SAMTOOLS_SORT (veh_depl) | 3 of 3, cached: 1 ✔
[88/b6d156] SOM…MTOOLS_COVERAGE (veh_depl) | 3 of 3 ✔
[2f/6d2f24] SOM…N_SINGLEEASYBIN (veh_depl) | 3 of 3, cached: 1 ✔
[0a/8076e3] SOM…CHECKM2_PREDICT (veh_depl) | 3 of 3 ✔
[48/079be7] SOM…S:CHECKM2_PARSE (veh_depl) | 3 of 3 ✔
[d1/82d9fc] SOM…NGLEM_PIPE_BINS (veh_depl) | 3 of 3, cached: 1 ✔
[cf/f0fa94] SOM…RAISE (veh_depl_appraisal) | 3 of 3 ✔
[fb/e4767b] SOM…S:BAKTA_BAKTA (SemiBin_22) | 20 of 29
✓ Bakta annotation completed for SemiBin_77 (86.58% complete)
✓ Bakta annotation completed for SemiBin_39 (94.09% complete)
✓ Bakta annotation completed for SemiBin_22 (93.3% complete)

executor >  local (48)
[8b/1abc02] SOM…GS:SINGLEM_PIPE (s4_final) | 3 of 3, cached: 3 ✔
[51/127c20] SOM…M_MAGS:TAXBURST (abx_depl) | 3 of 3, cached: 3 ✔
[6c/97712f] SOMATEM_MAGS:FLYE (veh_depl)   | 3 of 3, cached: 3 ✔
[cb/ccb859] SOM…EM_MAGS:MINIMAP2_INDEX (3) | 3 of 3, cached: 3 ✔
[af/ec34c0] SOM…:MINIMAP2_ALIGN (veh_depl) | 3 of 3, cached: 2 ✔
[bb/c7ea96] SOM…S:SAMTOOLS_SORT (veh_depl) | 3 of 3, cached: 1 ✔
[88/b6d156] SOM…MTOOLS_COVERAGE (veh_depl) | 3 of 3 ✔
[2f/6d2f24] SOM…N_SINGLEEASYBIN (veh_depl) | 3 of 3, cached: 1 ✔
[0a/8076e3] SOM…CHECKM2_PREDICT (veh_depl) | 3 of 3 ✔
[48/079be7] SOM…S:CHECKM2_PARSE (veh_depl) | 3 of 3 ✔
[d1/82d9fc] SOM…NGLEM_PIPE_BINS (veh_depl) | 3 of 3, cached: 1 ✔
[cf/f0fa94] SOM…RAISE (veh_depl_appraisal) | 3 of 3 ✔
[4b/ec631c] SOM…S:BAKTA_BAKTA (SemiBin_36) | 21 of 29
✓ Bakta annotation completed for SemiBin_77 (86.58% complete)
✓ Bakta annotation completed for SemiBin_39 (94.09% complete)
✓ Bakta annotation completed for SemiBin_22 (93.3% complete)
✓ Bakta annotation completed for SemiBin_36 (70.39% complete)

executor >  local (48)
[8b/1abc02] SOM…GS:SINGLEM_PIPE (s4_final) | 3 of 3, cached: 3 ✔
[51/127c20] SOM…M_MAGS:TAXBURST (abx_depl) | 3 of 3, cached: 3 ✔
[6c/97712f] SOMATEM_MAGS:FLYE (veh_depl)   | 3 of 3, cached: 3 ✔
[cb/ccb859] SOM…EM_MAGS:MINIMAP2_INDEX (3) | 3 of 3, cached: 3 ✔
[af/ec34c0] SOM…:MINIMAP2_ALIGN (veh_depl) | 3 of 3, cached: 2 ✔
[bb/c7ea96] SOM…S:SAMTOOLS_SORT (veh_depl) | 3 of 3, cached: 1 ✔
[88/b6d156] SOM…MTOOLS_COVERAGE (veh_depl) | 3 of 3 ✔
[2f/6d2f24] SOM…N_SINGLEEASYBIN (veh_depl) | 3 of 3, cached: 1 ✔
[0a/8076e3] SOM…CHECKM2_PREDICT (veh_depl) | 3 of 3 ✔
[48/079be7] SOM…S:CHECKM2_PARSE (veh_depl) | 3 of 3 ✔
[d1/82d9fc] SOM…NGLEM_PIPE_BINS (veh_depl) | 3 of 3, cached: 1 ✔
[cf/f0fa94] SOM…RAISE (veh_depl_appraisal) | 3 of 3 ✔
[4c/4342d4] SOM…S:BAKTA_BAKTA (SemiBin_18) | 22 of 29
✓ Bakta annotation completed for SemiBin_36 (70.39% complete)
✓ Bakta annotation completed for SemiBin_18 (85.54% complete)




executor >  local (48)
[8b/1abc02] SOM…GS:SINGLEM_PIPE (s4_final) | 3 of 3, cached: 3 ✔
[51/127c20] SOM…M_MAGS:TAXBURST (abx_depl) | 3 of 3, cached: 3 ✔
[6c/97712f] SOMATEM_MAGS:FLYE (veh_depl)   | 3 of 3, cached: 3 ✔
[cb/ccb859] SOM…EM_MAGS:MINIMAP2_INDEX (3) | 3 of 3, cached: 3 ✔
[af/ec34c0] SOM…:MINIMAP2_ALIGN (veh_depl) | 3 of 3, cached: 2 ✔
[bb/c7ea96] SOM…S:SAMTOOLS_SORT (veh_depl) | 3 of 3, cached: 1 ✔
[88/b6d156] SOM…MTOOLS_COVERAGE (veh_depl) | 3 of 3 ✔
[2f/6d2f24] SOM…N_SINGLEEASYBIN (veh_depl) | 3 of 3, cached: 1 ✔
[0a/8076e3] SOM…CHECKM2_PREDICT (veh_depl) | 3 of 3 ✔
[48/079be7] SOM…S:CHECKM2_PARSE (veh_depl) | 3 of 3 ✔
[d1/82d9fc] SOM…NGLEM_PIPE_BINS (veh_depl) | 3 of 3, cached: 1 ✔
[cf/f0fa94] SOM…RAISE (veh_depl_appraisal) | 3 of 3 ✔
[cc/c23db5] SOM…S:BAKTA_BAKTA (SemiBin_15) | 23 of 29
✓ Bakta annotation completed for SemiBin_36 (70.39% complete)
✓ Bakta annotation completed for SemiBin_18 (85.54% complete)
✓ Bakta annotation completed for SemiBin_15 (69.97% complete)



executor >  local (48)
[8b/1abc02] SOM…GS:SINGLEM_PIPE (s4_final) | 3 of 3, cached: 3 ✔
[51/127c20] SOM…M_MAGS:TAXBURST (abx_depl) | 3 of 3, cached: 3 ✔
[6c/97712f] SOMATEM_MAGS:FLYE (veh_depl)   | 3 of 3, cached: 3 ✔
[cb/ccb859] SOM…EM_MAGS:MINIMAP2_INDEX (3) | 3 of 3, cached: 3 ✔
[af/ec34c0] SOM…:MINIMAP2_ALIGN (veh_depl) | 3 of 3, cached: 2 ✔
[bb/c7ea96] SOM…S:SAMTOOLS_SORT (veh_depl) | 3 of 3, cached: 1 ✔
[88/b6d156] SOM…MTOOLS_COVERAGE (veh_depl) | 3 of 3 ✔
[2f/6d2f24] SOM…N_SINGLEEASYBIN (veh_depl) | 3 of 3, cached: 1 ✔
[0a/8076e3] SOM…CHECKM2_PREDICT (veh_depl) | 3 of 3 ✔
[48/079be7] SOM…S:CHECKM2_PARSE (veh_depl) | 3 of 3 ✔
[d1/82d9fc] SOM…NGLEM_PIPE_BINS (veh_depl) | 3 of 3, cached: 1 ✔
[cf/f0fa94] SOM…RAISE (veh_depl_appraisal) | 3 of 3 ✔
[a4/91af41] SOM…:BAKTA_BAKTA (SemiBin_645) | 24 of 29
✓ Bakta annotation completed for SemiBin_645 (86.79% complete)




executor >  local (48)
[8b/1abc02] SOM…GS:SINGLEM_PIPE (s4_final) | 3 of 3, cached: 3 ✔
[51/127c20] SOM…M_MAGS:TAXBURST (abx_depl) | 3 of 3, cached: 3 ✔
[6c/97712f] SOMATEM_MAGS:FLYE (veh_depl)   | 3 of 3, cached: 3 ✔
[cb/ccb859] SOM…EM_MAGS:MINIMAP2_INDEX (3) | 3 of 3, cached: 3 ✔
[af/ec34c0] SOM…:MINIMAP2_ALIGN (veh_depl) | 3 of 3, cached: 2 ✔
[bb/c7ea96] SOM…S:SAMTOOLS_SORT (veh_depl) | 3 of 3, cached: 1 ✔
[88/b6d156] SOM…MTOOLS_COVERAGE (veh_depl) | 3 of 3 ✔
[2f/6d2f24] SOM…N_SINGLEEASYBIN (veh_depl) | 3 of 3, cached: 1 ✔
[0a/8076e3] SOM…CHECKM2_PREDICT (veh_depl) | 3 of 3 ✔
[48/079be7] SOM…S:CHECKM2_PARSE (veh_depl) | 3 of 3 ✔
[d1/82d9fc] SOM…NGLEM_PIPE_BINS (veh_depl) | 3 of 3, cached: 1 ✔
[cf/f0fa94] SOM…RAISE (veh_depl_appraisal) | 3 of 3 ✔
[72/4db044] SOM…S:BAKTA_BAKTA (SemiBin_55) | 25 of 29
✓ Bakta annotation completed for SemiBin_55 (67.28% complete)




executor >  local (48)
[8b/1abc02] SOM…GS:SINGLEM_PIPE (s4_final) | 3 of 3, cached: 3 ✔
[51/127c20] SOM…M_MAGS:TAXBURST (abx_depl) | 3 of 3, cached: 3 ✔
[6c/97712f] SOMATEM_MAGS:FLYE (veh_depl)   | 3 of 3, cached: 3 ✔
[cb/ccb859] SOM…EM_MAGS:MINIMAP2_INDEX (3) | 3 of 3, cached: 3 ✔
[af/ec34c0] SOM…:MINIMAP2_ALIGN (veh_depl) | 3 of 3, cached: 2 ✔
[bb/c7ea96] SOM…S:SAMTOOLS_SORT (veh_depl) | 3 of 3, cached: 1 ✔
[88/b6d156] SOM…MTOOLS_COVERAGE (veh_depl) | 3 of 3 ✔
[2f/6d2f24] SOM…N_SINGLEEASYBIN (veh_depl) | 3 of 3, cached: 1 ✔
[0a/8076e3] SOM…CHECKM2_PREDICT (veh_depl) | 3 of 3 ✔
[48/079be7] SOM…S:CHECKM2_PARSE (veh_depl) | 3 of 3 ✔
[d1/82d9fc] SOM…NGLEM_PIPE_BINS (veh_depl) | 3 of 3, cached: 1 ✔
[cf/f0fa94] SOM…RAISE (veh_depl_appraisal) | 3 of 3 ✔
[76/b8eead] SOM…GS:BAKTA_BAKTA (SemiBin_2) | 26 of 29
✓ Bakta annotation completed for SemiBin_55 (67.28% complete)
✓ Bakta annotation completed for SemiBin_2 (85.05% complete)

executor >  local (48)
[8b/1abc02] SOM…GS:SINGLEM_PIPE (s4_final) | 3 of 3, cached: 3 ✔
[51/127c20] SOM…M_MAGS:TAXBURST (abx_depl) | 3 of 3, cached: 3 ✔
[6c/97712f] SOMATEM_MAGS:FLYE (veh_depl)   | 3 of 3, cached: 3 ✔
[cb/ccb859] SOM…EM_MAGS:MINIMAP2_INDEX (3) | 3 of 3, cached: 3 ✔
[af/ec34c0] SOM…:MINIMAP2_ALIGN (veh_depl) | 3 of 3, cached: 2 ✔
[bb/c7ea96] SOM…S:SAMTOOLS_SORT (veh_depl) | 3 of 3, cached: 1 ✔
[88/b6d156] SOM…MTOOLS_COVERAGE (veh_depl) | 3 of 3 ✔
[2f/6d2f24] SOM…N_SINGLEEASYBIN (veh_depl) | 3 of 3, cached: 1 ✔
[0a/8076e3] SOM…CHECKM2_PREDICT (veh_depl) | 3 of 3 ✔
[48/079be7] SOM…S:CHECKM2_PARSE (veh_depl) | 3 of 3 ✔
[d1/82d9fc] SOM…NGLEM_PIPE_BINS (veh_depl) | 3 of 3, cached: 1 ✔
[cf/f0fa94] SOM…RAISE (veh_depl_appraisal) | 3 of 3 ✔
[35/7f191e] SOM…S:BAKTA_BAKTA (SemiBin_26) | 27 of 29
✓ Bakta annotation completed for SemiBin_2 (85.05% complete)
✓ Bakta annotation completed for SemiBin_26 (56.06% complete)


executor >  local (48)
[8b/1abc02] SOM…GS:SINGLEM_PIPE (s4_final) | 3 of 3, cached: 3 ✔
[51/127c20] SOM…M_MAGS:TAXBURST (abx_depl) | 3 of 3, cached: 3 ✔
[6c/97712f] SOMATEM_MAGS:FLYE (veh_depl)   | 3 of 3, cached: 3 ✔
[cb/ccb859] SOM…EM_MAGS:MINIMAP2_INDEX (3) | 3 of 3, cached: 3 ✔
[af/ec34c0] SOM…:MINIMAP2_ALIGN (veh_depl) | 3 of 3, cached: 2 ✔
[bb/c7ea96] SOM…S:SAMTOOLS_SORT (veh_depl) | 3 of 3, cached: 1 ✔
[88/b6d156] SOM…MTOOLS_COVERAGE (veh_depl) | 3 of 3 ✔
[2f/6d2f24] SOM…N_SINGLEEASYBIN (veh_depl) | 3 of 3, cached: 1 ✔
[0a/8076e3] SOM…CHECKM2_PREDICT (veh_depl) | 3 of 3 ✔
[48/079be7] SOM…S:CHECKM2_PARSE (veh_depl) | 3 of 3 ✔
[d1/82d9fc] SOM…NGLEM_PIPE_BINS (veh_depl) | 3 of 3, cached: 1 ✔
[cf/f0fa94] SOM…RAISE (veh_depl_appraisal) | 3 of 3 ✔
[27/95ca30] SOM…S:BAKTA_BAKTA (SemiBin_60) | 28 of 29
✓ Bakta annotation completed for SemiBin_60 (59.1% complete)



executor >  local (48)
[8b/1abc02] SOM…GS:SINGLEM_PIPE (s4_final) | 3 of 3, cached: 3 ✔
[51/127c20] SOM…M_MAGS:TAXBURST (abx_depl) | 3 of 3, cached: 3 ✔
[6c/97712f] SOMATEM_MAGS:FLYE (veh_depl)   | 3 of 3, cached: 3 ✔
[cb/ccb859] SOM…EM_MAGS:MINIMAP2_INDEX (3) | 3 of 3, cached: 3 ✔
[af/ec34c0] SOM…:MINIMAP2_ALIGN (veh_depl) | 3 of 3, cached: 2 ✔
[bb/c7ea96] SOM…S:SAMTOOLS_SORT (veh_depl) | 3 of 3, cached: 1 ✔
[88/b6d156] SOM…MTOOLS_COVERAGE (veh_depl) | 3 of 3 ✔
[2f/6d2f24] SOM…N_SINGLEEASYBIN (veh_depl) | 3 of 3, cached: 1 ✔
[0a/8076e3] SOM…CHECKM2_PREDICT (veh_depl) | 3 of 3 ✔
[48/079be7] SOM…S:CHECKM2_PARSE (veh_depl) | 3 of 3 ✔
[d1/82d9fc] SOM…NGLEM_PIPE_BINS (veh_depl) | 3 of 3, cached: 1 ✔
[cf/f0fa94] SOM…RAISE (veh_depl_appraisal) | 3 of 3 ✔
[b0/542cea] SOM…S:BAKTA_BAKTA (SemiBin_16) | 29 of 29 ✔
✓ Bakta annotation completed for SemiBin_60 (59.1% complete)
✓ Bakta annotation completed for SemiBin_16 (80.94% complete)
✓ Generated annotations for 29 high-quality bins (≥50% complete)

executor >  local (48)
[8b/1abc02] SOM…GS:SINGLEM_PIPE (s4_final) | 3 of 3, cached: 3 ✔
[51/127c20] SOM…M_MAGS:TAXBURST (abx_depl) | 3 of 3, cached: 3 ✔
[6c/97712f] SOMATEM_MAGS:FLYE (veh_depl)   | 3 of 3, cached: 3 ✔
[cb/ccb859] SOM…EM_MAGS:MINIMAP2_INDEX (3) | 3 of 3, cached: 3 ✔
[af/ec34c0] SOM…:MINIMAP2_ALIGN (veh_depl) | 3 of 3, cached: 2 ✔
[bb/c7ea96] SOM…S:SAMTOOLS_SORT (veh_depl) | 3 of 3, cached: 1 ✔
[88/b6d156] SOM…MTOOLS_COVERAGE (veh_depl) | 3 of 3 ✔
[2f/6d2f24] SOM…N_SINGLEEASYBIN (veh_depl) | 3 of 3, cached: 1 ✔
[0a/8076e3] SOM…CHECKM2_PREDICT (veh_depl) | 3 of 3 ✔
[48/079be7] SOM…S:CHECKM2_PARSE (veh_depl) | 3 of 3 ✔
[d1/82d9fc] SOM…NGLEM_PIPE_BINS (veh_depl) | 3 of 3, cached: 1 ✔
[cf/f0fa94] SOM…RAISE (veh_depl_appraisal) | 3 of 3 ✔
[b0/542cea] SOM…S:BAKTA_BAKTA (SemiBin_16) | 29 of 29 ✔
✓ Bakta annotation completed for SemiBin_60 (59.1% complete)
✓ Bakta annotation completed for SemiBin_16 (80.94% complete)
✓ Generated annotations for 29 high-quality bins (≥50% complete)
WARN: Failed to render execution report -- see the log file for details
Completed at: 17-Sep-2025 12:33:18
Duration    : 41m 38s
CPU hours   : 78.7 (48.4% cached)
Succeeded   : 48
Cached      : 17


